#
# A fatal error has been detected by the Java Runtime Environment:
#
#  EXCEPTION_ACCESS_VIOLATION (0xc0000005) at pc=0x00007fff743a0335, pid=15084, tid=11072
#
# JRE version: Java(TM) SE Runtime Environment (10.0.2+13) (build 10.0.2+13)
# Java VM: Java HotSpot(TM) 64-Bit Server VM (10.0.2+13, mixed mode, tiered, compressed oops, g1 gc, windows-amd64)
# Problematic frame:
# C  [opencv_java342.dll+0x1620335]
#
# No core dump will be written. Minidumps are not enabled by default on client versions of Windows
#
# If you would like to submit a bug report, please visit:
#   http://bugreport.java.com/bugreport/crash.jsp
# The crash happened outside the Java Virtual Machine in native code.
# See problematic frame for where to report the bug.
#

---------------  S U M M A R Y ------------

Command Line: -Djava.library.path=C:\CSC\opencv\build\java\x64 -Dfile.encoding=Cp1252 edu.augustana.csc285.heron.Main

Host: Intel(R) Core(TM) i5-6600 CPU @ 3.30GHz, 4 cores, 15G,  Windows 10 , 64 bit Build 17134 (10.0.17134.1)
Time: Sat Oct 27 23:17:47 2018 Central Daylight Time elapsed time: 30 seconds (0d 0h 0m 30s)

---------------  T H R E A D  ---------------

Current thread (0x00000168d3d6c800):  JavaThread "Finalizer" daemon [_thread_in_native, id=11072, stack(0x0000002179f00000,0x000000217a000000)]

Stack: [0x0000002179f00000,0x000000217a000000],  sp=0x0000002179fff2d8,  free space=1020k
Native frames: (J=compiled Java code, j=interpreted, Vv=VM code, C=native code)
C  [opencv_java342.dll+0x1620335]

Java frames: (J=compiled Java code, j=interpreted, Vv=VM code)
j  org.opencv.videoio.VideoCapture.delete(J)V+0
j  org.opencv.videoio.VideoCapture.finalize()V+4
j  java.lang.System$2.invokeFinalize(Ljava/lang/Object;)V+1 java.base@10.0.2
j  java.lang.ref.Finalizer.runFinalizer(Ljdk/internal/misc/JavaLangAccess;)V+46 java.base@10.0.2
j  java.lang.ref.Finalizer.access$100(Ljava/lang/ref/Finalizer;Ljdk/internal/misc/JavaLangAccess;)V+2 java.base@10.0.2
j  java.lang.ref.Finalizer$FinalizerThread.run()V+46 java.base@10.0.2
v  ~StubRoutines::call_stub

siginfo: EXCEPTION_ACCESS_VIOLATION (0xc0000005), reading address 0x000001cfb6672ec0


Register to memory mapping:

RIP=0x00007fff743a0335 opencv_java342.dll
RAX=0x00007fff743a0330 opencv_java342.dll
RBX={method} {0x00000168e26914e8} 'delete' '(J)V' in 'org/opencv/videoio/VideoCapture'
RCX=0x00000168d3d6ca70 is an unknown value
RDX=0x0000002179fff370 is pointing into the stack for thread: 0x00000168d3d6c800
RSP=0x0000002179fff2d8 is pointing into the stack for thread: 0x00000168d3d6c800
RBP=0x0000002179fff360 is pointing into the stack for thread: 0x00000168d3d6c800
RSI=0x00000168dcf7a670 is pointing into metadata
RDI=0x00000168b86f9e80 is at code_begin+1664 in an Interpreter codelet
invoke return entry points  [0x00000168b86f9800, 0x00000168b86fa1e0]  2528 bytes
R8 =0x000001cfb6672ec0 is an unknown value
R9 =0x00000168d3d497b0 is an unknown value
R10=0x00000168b86ff2e8 is at code_begin+1000 in an Interpreter codelet
method entry point (kind = native)  [0x00000168b86fef00, 0x00000168b86ffa60]  2912 bytes
R11=0x00000006cf81e798 is an oop
java.lang.Class 
{0x00000006cf81e798} - klass: 'java/lang/Class'
R12=0x0000000000000000 is an unknown value
R13={method} {0x00000168e26914e8} 'delete' '(J)V' in 'org/opencv/videoio/VideoCapture'
R14=0x0000002179fff388 is pointing into the stack for thread: 0x00000168d3d6c800
R15=0x00000168d3d6c800 is a thread


Registers:
RAX=0x00007fff743a0330, RBX=0x00000168e26914e0, RCX=0x00000168d3d6ca70, RDX=0x0000002179fff370
RSP=0x0000002179fff2d8, RBP=0x0000002179fff360, RSI=0x00000168dcf7a670, RDI=0x00000168b86f9e80
R8 =0x000001cfb6672ec0, R9 =0x00000168d3d497b0, R10=0x00000168b86ff2e8, R11=0x00000006cf81e798
R12=0x0000000000000000, R13=0x00000168e26914e0, R14=0x0000002179fff388, R15=0x00000168d3d6c800
RIP=0x00007fff743a0335, EFLAGS=0x0000000000010206

Top of Stack: (sp=0x0000002179fff2d8)
0x0000002179fff2d8:   00000168b86ff317 00000168b86f9e80
0x0000002179fff2e8:   00000168b86ff012 00000168e26914e0
0x0000002179fff2f8:   0000002179fff360 00000168dcf7a670
0x0000002179fff308:   00000168dcf7a670 00000168b86fefb6
0x0000002179fff318:   0000002179fff318 00000168e26914e0
0x0000002179fff328:   0000002179fff388 00000168e2691978
0x0000002179fff338:   0000000000000000 00000006cf81e798
0x0000002179fff348:   00000168e26914e0 0000000000000000
0x0000002179fff358:   0000002179fff380 0000002179fff3d8
0x0000002179fff368:   00000168b86fa103 00000006cf81e798
0x0000002179fff378:   00000168b86fc258 000001cfb6672ec0
0x0000002179fff388:   0000000000000000 0000002179fff390
0x0000002179fff398:   00000168e2690a34 0000002179fff3e8
0x0000002179fff3a8:   00000168e2691978 0000000000000000
0x0000002179fff3b8:   00000006cf81e798 00000168e2690a50
0x0000002179fff3c8:   0000002179fff380 0000002179fff3e8 

Instructions: (pc=0x00007fff743a0335)
0x00007fff743a0315:   09 48 8b c8 e8 82 11 65 00 90 eb 02 33 c0 48 83
0x00007fff743a0325:   c4 38 c3 cc cc cc cc cc cc cc cc 4d 85 c0 74 0e
0x00007fff743a0335:   49 8b 00 ba 01 00 00 00 49 8b c8 48 ff 20 c3 cc
0x00007fff743a0345:   cc cc cc cc cc cc cc cc cc cc cc 48 89 4c 24 08 



---------------  P R O C E S S  ---------------

Threads class SMR info:
_java_thread_list=0x00000168d442b3e0, length=19, elements={
0x00000168ad362800, 0x00000168d3d5e000, 0x00000168d3d6c800, 0x00000168d3d59000,
0x00000168d3d5b000, 0x00000168d3dc3800, 0x00000168d3dc6000, 0x00000168d3dca000,
0x00000168d3dcb000, 0x00000168d3fb4800, 0x00000168d3fb9000, 0x00000168d4354800,
0x00000168d460f000, 0x00000168d46dd800, 0x00000168d55f6800, 0x00000168d5b3a800,
0x00000168d594c800, 0x00000168d47a8000, 0x00000168d5ca9800
}

Java Threads: ( => current thread )
  0x00000168ad362800 JavaThread "main" [_thread_blocked, id=8816, stack(0x0000002179100000,0x0000002179200000)]
  0x00000168d3d5e000 JavaThread "Reference Handler" daemon [_thread_blocked, id=1832, stack(0x0000002179e00000,0x0000002179f00000)]
=>0x00000168d3d6c800 JavaThread "Finalizer" daemon [_thread_in_native, id=11072, stack(0x0000002179f00000,0x000000217a000000)]
  0x00000168d3d59000 JavaThread "Signal Dispatcher" daemon [_thread_blocked, id=16368, stack(0x000000217a000000,0x000000217a100000)]
  0x00000168d3d5b000 JavaThread "Attach Listener" daemon [_thread_blocked, id=11688, stack(0x000000217a100000,0x000000217a200000)]
  0x00000168d3dc3800 JavaThread "C2 CompilerThread0" daemon [_thread_blocked, id=3108, stack(0x000000217a200000,0x000000217a300000)]
  0x00000168d3dc6000 JavaThread "C2 CompilerThread1" daemon [_thread_blocked, id=7440, stack(0x000000217a300000,0x000000217a400000)]
  0x00000168d3dca000 JavaThread "C1 CompilerThread2" daemon [_thread_blocked, id=6124, stack(0x000000217a400000,0x000000217a500000)]
  0x00000168d3dcb000 JavaThread "Sweeper thread" daemon [_thread_blocked, id=6832, stack(0x000000217a500000,0x000000217a600000)]
  0x00000168d3fb4800 JavaThread "Service Thread" daemon [_thread_blocked, id=6920, stack(0x000000217a600000,0x000000217a700000)]
  0x00000168d3fb9000 JavaThread "Common-Cleaner" daemon [_thread_blocked, id=14004, stack(0x000000217a700000,0x000000217a800000)]
  0x00000168d4354800 JavaThread "QuantumRenderer-0" daemon [_thread_blocked, id=1284, stack(0x000000217a900000,0x000000217aa00000)]
  0x00000168d460f000 JavaThread "InvokeLaterDispatcher" daemon [_thread_blocked, id=4680, stack(0x000000217ab00000,0x000000217ac00000)]
  0x00000168d46dd800 JavaThread "JavaFX Application Thread" [_thread_in_native, id=6800, stack(0x000000217ac00000,0x000000217ad00000)]
  0x00000168d55f6800 JavaThread "Thread-1" daemon [_thread_in_native, id=1580, stack(0x000000217ad00000,0x000000217ae00000)]
  0x00000168d5b3a800 JavaThread "JavaFX-Launcher" [_thread_blocked, id=16008, stack(0x000000217ae00000,0x000000217af00000)]
  0x00000168d594c800 JavaThread "Java2D Disposer" daemon [_thread_blocked, id=1972, stack(0x000000217af00000,0x000000217b000000)]
  0x00000168d47a8000 JavaThread "Prism Font Disposer" daemon [_thread_blocked, id=5664, stack(0x000000217b300000,0x000000217b400000)]
  0x00000168d5ca9800 JavaThread "Cleaner-0" daemon [_thread_blocked, id=11472, stack(0x000000217b440000,0x000000217b540000)]

Other Threads:
  0x00000168d106e800 VMThread "VM Thread" [stack: 0x0000002179d00000,0x0000002179e00000] [id=9696]
  0x00000168d3fba000 WatcherThread [stack: 0x000000217a800000,0x000000217a900000] [id=5516]
  0x00000168ad379800 GCTaskThread "GC Thread#0" [stack: 0x0000002179200000,0x0000002179300000] [id=9560]
  0x00000168ad37b000 GCTaskThread "GC Thread#1" [stack: 0x0000002179300000,0x0000002179400000] [id=2520]
  0x00000168ad37c800 GCTaskThread "GC Thread#2" [stack: 0x0000002179400000,0x0000002179500000] [id=8008]
  0x00000168ad380000 GCTaskThread "GC Thread#3" [stack: 0x0000002179500000,0x0000002179600000] [id=9724]
  0x00000168ad3d7800 ConcurrentGCThread "G1 Main Marker" [stack: 0x0000002179600000,0x0000002179700000] [id=2584]
  0x00000168ad3dc000 ConcurrentGCThread "G1 Conc#0" [stack: 0x0000002179700000,0x0000002179800000] [id=9032]
  0x00000168d0f91800 ConcurrentGCThread "G1 Refine#0" [stack: 0x0000002179800000,0x0000002179900000] [id=10584]
  0x00000168d0f92000 ConcurrentGCThread "G1 Refine#1" [stack: 0x0000002179900000,0x0000002179a00000] [id=15384]
  0x00000168d0f93000 ConcurrentGCThread "G1 Refine#2" [stack: 0x0000002179a00000,0x0000002179b00000] [id=9328]
  0x00000168d0f94000 ConcurrentGCThread "G1 Refine#3" [stack: 0x0000002179b00000,0x0000002179c00000] [id=6100]
  0x00000168d0f97800 ConcurrentGCThread "G1 Young RemSet Sampling" [stack: 0x0000002179c00000,0x0000002179d00000] [id=11484]

Threads with active compile tasks:

VM state:not at safepoint (normal execution)

VM Mutex/Monitor currently owned by a thread: None

Heap address: 0x00000006c1200000, size: 4078 MB, Compressed Oops mode: Zero based, Oop shift amount: 3
Narrow klass base: 0x0000000000000000, Narrow klass shift: 3
Compressed class space size: 1073741824 Address: 0x00000007c0000000

Heap:
 garbage-first heap   total 262144K, used 14336K [0x00000006c1200000, 0x00000007c0000000)
  region size 1024K, 6 young (6144K), 4 survivors (4096K)
 Metaspace       used 29405K, capacity 30282K, committed 30588K, reserved 1075200K
  class space    used 3508K, capacity 3904K, committed 3964K, reserved 1048576K
Heap Regions: E=young(eden), S=young(survivor), O=old, HS=humongous(starts), HC=humongous(continues), CS=collection set, F=free, A=archive, TS=gc time stamp, AC=allocation context, TAMS=top-at-mark-start (previous, next)
|   0|0x00000006c1200000, 0x00000006c1300000, 0x00000006c1300000|100%| O|  |TS  0|AC  0|TAMS 0x00000006c1300000, 0x00000006c1300000|
|   1|0x00000006c1300000, 0x00000006c1400000, 0x00000006c1400000|100%| O|  |TS  0|AC  0|TAMS 0x00000006c1400000, 0x00000006c1400000|
|   2|0x00000006c1400000, 0x00000006c1500000, 0x00000006c1500000|100%| O|  |TS  0|AC  0|TAMS 0x00000006c1500000, 0x00000006c1500000|
|   3|0x00000006c1500000, 0x00000006c1600000, 0x00000006c1600000|100%| O|  |TS  0|AC  0|TAMS 0x00000006c1600000, 0x00000006c1600000|
|   4|0x00000006c1600000, 0x00000006c1700000, 0x00000006c1700000|100%| O|  |TS  0|AC  0|TAMS 0x00000006c1700000, 0x00000006c1700000|
|   5|0x00000006c1700000, 0x00000006c1800000, 0x00000006c1800000|100%|HS|  |TS  0|AC  0|TAMS 0x00000006c1800000, 0x00000006c1800000|
|   6|0x00000006c1800000, 0x00000006c1900000, 0x00000006c1900000|100%|HC|  |TS  0|AC  0|TAMS 0x00000006c1900000, 0x00000006c1900000|
|   7|0x00000006c1900000, 0x00000006c1900000, 0x00000006c1a00000|  0%| F|  |TS  0|AC  0|TAMS 0x00000006c1900000, 0x00000006c1900000|
|   8|0x00000006c1a00000, 0x00000006c1a00000, 0x00000006c1b00000|  0%| F|  |TS  0|AC  0|TAMS 0x00000006c1a00000, 0x00000006c1a00000|
|   9|0x00000006c1b00000, 0x00000006c1b00000, 0x00000006c1c00000|  0%| F|  |TS  0|AC  0|TAMS 0x00000006c1b00000, 0x00000006c1b00000|
|  10|0x00000006c1c00000, 0x00000006c1c00000, 0x00000006c1d00000|  0%| F|  |TS  0|AC  0|TAMS 0x00000006c1c00000, 0x00000006c1c00000|
|  11|0x00000006c1d00000, 0x00000006c1e00000, 0x00000006c1e00000|100%|HS|  |TS  0|AC  0|TAMS 0x00000006c1e00000, 0x00000006c1e00000|
|  12|0x00000006c1e00000, 0x00000006c1f00000, 0x00000006c1f00000|100%|HC|  |TS  0|AC  0|TAMS 0x00000006c1f00000, 0x00000006c1f00000|
|  13|0x00000006c1f00000, 0x00000006c1f00000, 0x00000006c2000000|  0%| F|  |TS  0|AC  0|TAMS 0x00000006c1f00000, 0x00000006c1f00000|
|  14|0x00000006c2000000, 0x00000006c2000000, 0x00000006c2100000|  0%| F|  |TS  0|AC  0|TAMS 0x00000006c2000000, 0x00000006c2000000|
|  15|0x00000006c2100000, 0x00000006c2100000, 0x00000006c2200000|  0%| F|  |TS  0|AC  0|TAMS 0x00000006c2100000, 0x00000006c2100000|
|  16|0x00000006c2200000, 0x00000006c2200000, 0x00000006c2300000|  0%| F|  |TS  0|AC  0|TAMS 0x00000006c2200000, 0x00000006c2200000|
|  17|0x00000006c2300000, 0x00000006c2300000, 0x00000006c2400000|  0%| F|  |TS  0|AC  0|TAMS 0x00000006c2300000, 0x00000006c2300000|
|  18|0x00000006c2400000, 0x00000006c2400000, 0x00000006c2500000|  0%| F|  |TS  0|AC  0|TAMS 0x00000006c2400000, 0x00000006c2400000|
|  19|0x00000006c2500000, 0x00000006c2500000, 0x00000006c2600000|  0%| F|  |TS  0|AC  0|TAMS 0x00000006c2500000, 0x00000006c2500000|
|  20|0x00000006c2600000, 0x00000006c2600000, 0x00000006c2700000|  0%| F|  |TS  0|AC  0|TAMS 0x00000006c2600000, 0x00000006c2600000|
|  21|0x00000006c2700000, 0x00000006c2700000, 0x00000006c2800000|  0%| F|  |TS  0|AC  0|TAMS 0x00000006c2700000, 0x00000006c2700000|
|  22|0x00000006c2800000, 0x00000006c2800000, 0x00000006c2900000|  0%| F|  |TS  0|AC  0|TAMS 0x00000006c2800000, 0x00000006c2800000|
|  23|0x00000006c2900000, 0x00000006c2900000, 0x00000006c2a00000|  0%| F|  |TS  0|AC  0|TAMS 0x00000006c2900000, 0x00000006c2900000|
|  24|0x00000006c2a00000, 0x00000006c2a00000, 0x00000006c2b00000|  0%| F|  |TS  0|AC  0|TAMS 0x00000006c2a00000, 0x00000006c2a00000|
|  25|0x00000006c2b00000, 0x00000006c2b00000, 0x00000006c2c00000|  0%| F|  |TS  0|AC  0|TAMS 0x00000006c2b00000, 0x00000006c2b00000|
|  26|0x00000006c2c00000, 0x00000006c2c00000, 0x00000006c2d00000|  0%| F|  |TS  0|AC  0|TAMS 0x00000006c2c00000, 0x00000006c2c00000|
|  27|0x00000006c2d00000, 0x00000006c2d00000, 0x00000006c2e00000|  0%| F|  |TS  0|AC  0|TAMS 0x00000006c2d00000, 0x00000006c2d00000|
|  28|0x00000006c2e00000, 0x00000006c2e00000, 0x00000006c2f00000|  0%| F|  |TS  0|AC  0|TAMS 0x00000006c2e00000, 0x00000006c2e00000|
|  29|0x00000006c2f00000, 0x00000006c2f00000, 0x00000006c3000000|  0%| F|  |TS  0|AC  0|TAMS 0x00000006c2f00000, 0x00000006c2f00000|
|  30|0x00000006c3000000, 0x00000006c3000000, 0x00000006c3100000|  0%| F|  |TS  0|AC  0|TAMS 0x00000006c3000000, 0x00000006c3000000|
|  31|0x00000006c3100000, 0x00000006c3100000, 0x00000006c3200000|  0%| F|  |TS  0|AC  0|TAMS 0x00000006c3100000, 0x00000006c3100000|
|  32|0x00000006c3200000, 0x00000006c3200000, 0x00000006c3300000|  0%| F|  |TS  0|AC  0|TAMS 0x00000006c3200000, 0x00000006c3200000|
|  33|0x00000006c3300000, 0x00000006c3300000, 0x00000006c3400000|  0%| F|  |TS  0|AC  0|TAMS 0x00000006c3300000, 0x00000006c3300000|
|  34|0x00000006c3400000, 0x00000006c3400000, 0x00000006c3500000|  0%| F|  |TS  0|AC  0|TAMS 0x00000006c3400000, 0x00000006c3400000|
|  35|0x00000006c3500000, 0x00000006c3500000, 0x00000006c3600000|  0%| F|  |TS  0|AC  0|TAMS 0x00000006c3500000, 0x00000006c3500000|
|  36|0x00000006c3600000, 0x00000006c3600000, 0x00000006c3700000|  0%| F|  |TS  0|AC  0|TAMS 0x00000006c3600000, 0x00000006c3600000|
|  37|0x00000006c3700000, 0x00000006c3700000, 0x00000006c3800000|  0%| F|  |TS  0|AC  0|TAMS 0x00000006c3700000, 0x00000006c3700000|
|  38|0x00000006c3800000, 0x00000006c3800000, 0x00000006c3900000|  0%| F|  |TS  0|AC  0|TAMS 0x00000006c3800000, 0x00000006c3800000|
|  39|0x00000006c3900000, 0x00000006c3900000, 0x00000006c3a00000|  0%| F|  |TS  0|AC  0|TAMS 0x00000006c3900000, 0x00000006c3900000|
|  40|0x00000006c3a00000, 0x00000006c3a00000, 0x00000006c3b00000|  0%| F|  |TS  0|AC  0|TAMS 0x00000006c3a00000, 0x00000006c3a00000|
|  41|0x00000006c3b00000, 0x00000006c3b00000, 0x00000006c3c00000|  0%| F|  |TS  0|AC  0|TAMS 0x00000006c3b00000, 0x00000006c3b00000|
|  42|0x00000006c3c00000, 0x00000006c3c00000, 0x00000006c3d00000|  0%| F|  |TS  0|AC  0|TAMS 0x00000006c3c00000, 0x00000006c3c00000|
|  43|0x00000006c3d00000, 0x00000006c3d00000, 0x00000006c3e00000|  0%| F|  |TS  0|AC  0|TAMS 0x00000006c3d00000, 0x00000006c3d00000|
|  44|0x00000006c3e00000, 0x00000006c3e00000, 0x00000006c3f00000|  0%| F|  |TS  0|AC  0|TAMS 0x00000006c3e00000, 0x00000006c3e00000|
|  45|0x00000006c3f00000, 0x00000006c3f00000, 0x00000006c4000000|  0%| F|  |TS  0|AC  0|TAMS 0x00000006c3f00000, 0x00000006c3f00000|
|  46|0x00000006c4000000, 0x00000006c4000000, 0x00000006c4100000|  0%| F|  |TS  0|AC  0|TAMS 0x00000006c4000000, 0x00000006c4000000|
|  47|0x00000006c4100000, 0x00000006c4100000, 0x00000006c4200000|  0%| F|  |TS  0|AC  0|TAMS 0x00000006c4100000, 0x00000006c4100000|
|  48|0x00000006c4200000, 0x00000006c4200000, 0x00000006c4300000|  0%| F|  |TS  0|AC  0|TAMS 0x00000006c4200000, 0x00000006c4200000|
|  49|0x00000006c4300000, 0x00000006c4300000, 0x00000006c4400000|  0%| F|  |TS  0|AC  0|TAMS 0x00000006c4300000, 0x00000006c4300000|
|  50|0x00000006c4400000, 0x00000006c4400000, 0x00000006c4500000|  0%| F|  |TS  0|AC  0|TAMS 0x00000006c4400000, 0x00000006c4400000|
|  51|0x00000006c4500000, 0x00000006c4500000, 0x00000006c4600000|  0%| F|  |TS  0|AC  0|TAMS 0x00000006c4500000, 0x00000006c4500000|
|  52|0x00000006c4600000, 0x00000006c4600000, 0x00000006c4700000|  0%| F|  |TS  0|AC  0|TAMS 0x00000006c4600000, 0x00000006c4600000|
|  53|0x00000006c4700000, 0x00000006c4700000, 0x00000006c4800000|  0%| F|  |TS  0|AC  0|TAMS 0x00000006c4700000, 0x00000006c4700000|
|  54|0x00000006c4800000, 0x00000006c4800000, 0x00000006c4900000|  0%| F|  |TS  0|AC  0|TAMS 0x00000006c4800000, 0x00000006c4800000|
|  55|0x00000006c4900000, 0x00000006c4900000, 0x00000006c4a00000|  0%| F|  |TS  0|AC  0|TAMS 0x00000006c4900000, 0x00000006c4900000|
|  56|0x00000006c4a00000, 0x00000006c4a00000, 0x00000006c4b00000|  0%| F|  |TS  0|AC  0|TAMS 0x00000006c4a00000, 0x00000006c4a00000|
|  57|0x00000006c4b00000, 0x00000006c4b00000, 0x00000006c4c00000|  0%| F|  |TS  0|AC  0|TAMS 0x00000006c4b00000, 0x00000006c4b00000|
|  58|0x00000006c4c00000, 0x00000006c4c00000, 0x00000006c4d00000|  0%| F|  |TS  0|AC  0|TAMS 0x00000006c4c00000, 0x00000006c4c00000|
|  59|0x00000006c4d00000, 0x00000006c4d00000, 0x00000006c4e00000|  0%| F|  |TS  0|AC  0|TAMS 0x00000006c4d00000, 0x00000006c4d00000|
|  60|0x00000006c4e00000, 0x00000006c4e00000, 0x00000006c4f00000|  0%| F|  |TS  0|AC  0|TAMS 0x00000006c4e00000, 0x00000006c4e00000|
|  61|0x00000006c4f00000, 0x00000006c4f00000, 0x00000006c5000000|  0%| F|  |TS  0|AC  0|TAMS 0x00000006c4f00000, 0x00000006c4f00000|
|  62|0x00000006c5000000, 0x00000006c5000000, 0x00000006c5100000|  0%| F|  |TS  0|AC  0|TAMS 0x00000006c5000000, 0x00000006c5000000|
|  63|0x00000006c5100000, 0x00000006c5100000, 0x00000006c5200000|  0%| F|  |TS  0|AC  0|TAMS 0x00000006c5100000, 0x00000006c5100000|
|  64|0x00000006c5200000, 0x00000006c5200000, 0x00000006c5300000|  0%| F|  |TS  0|AC  0|TAMS 0x00000006c5200000, 0x00000006c5200000|
|  65|0x00000006c5300000, 0x00000006c5300000, 0x00000006c5400000|  0%| F|  |TS  0|AC  0|TAMS 0x00000006c5300000, 0x00000006c5300000|
|  66|0x00000006c5400000, 0x00000006c5400000, 0x00000006c5500000|  0%| F|  |TS  0|AC  0|TAMS 0x00000006c5400000, 0x00000006c5400000|
|  67|0x00000006c5500000, 0x00000006c5500000, 0x00000006c5600000|  0%| F|  |TS  0|AC  0|TAMS 0x00000006c5500000, 0x00000006c5500000|
|  68|0x00000006c5600000, 0x00000006c5600000, 0x00000006c5700000|  0%| F|  |TS  0|AC  0|TAMS 0x00000006c5600000, 0x00000006c5600000|
|  69|0x00000006c5700000, 0x00000006c5700000, 0x00000006c5800000|  0%| F|  |TS  0|AC  0|TAMS 0x00000006c5700000, 0x00000006c5700000|
|  70|0x00000006c5800000, 0x00000006c5800000, 0x00000006c5900000|  0%| F|  |TS  0|AC  0|TAMS 0x00000006c5800000, 0x00000006c5800000|
|  71|0x00000006c5900000, 0x00000006c5900000, 0x00000006c5a00000|  0%| F|  |TS  0|AC  0|TAMS 0x00000006c5900000, 0x00000006c5900000|
|  72|0x00000006c5a00000, 0x00000006c5a00000, 0x00000006c5b00000|  0%| F|  |TS  0|AC  0|TAMS 0x00000006c5a00000, 0x00000006c5a00000|
|  73|0x00000006c5b00000, 0x00000006c5b00000, 0x00000006c5c00000|  0%| F|  |TS  0|AC  0|TAMS 0x00000006c5b00000, 0x00000006c5b00000|
|  74|0x00000006c5c00000, 0x00000006c5c00000, 0x00000006c5d00000|  0%| F|  |TS  0|AC  0|TAMS 0x00000006c5c00000, 0x00000006c5c00000|
|  75|0x00000006c5d00000, 0x00000006c5d00000, 0x00000006c5e00000|  0%| F|  |TS  0|AC  0|TAMS 0x00000006c5d00000, 0x00000006c5d00000|
|  76|0x00000006c5e00000, 0x00000006c5e00000, 0x00000006c5f00000|  0%| F|  |TS  0|AC  0|TAMS 0x00000006c5e00000, 0x00000006c5e00000|
|  77|0x00000006c5f00000, 0x00000006c5f00000, 0x00000006c6000000|  0%| F|  |TS  0|AC  0|TAMS 0x00000006c5f00000, 0x00000006c5f00000|
|  78|0x00000006c6000000, 0x00000006c6000000, 0x00000006c6100000|  0%| F|  |TS  0|AC  0|TAMS 0x00000006c6000000, 0x00000006c6000000|
|  79|0x00000006c6100000, 0x00000006c6100000, 0x00000006c6200000|  0%| F|  |TS  0|AC  0|TAMS 0x00000006c6100000, 0x00000006c6100000|
|  80|0x00000006c6200000, 0x00000006c6200000, 0x00000006c6300000|  0%| F|  |TS  0|AC  0|TAMS 0x00000006c6200000, 0x00000006c6200000|
|  81|0x00000006c6300000, 0x00000006c6300000, 0x00000006c6400000|  0%| F|  |TS  0|AC  0|TAMS 0x00000006c6300000, 0x00000006c6300000|
|  82|0x00000006c6400000, 0x00000006c6400000, 0x00000006c6500000|  0%| F|  |TS  0|AC  0|TAMS 0x00000006c6400000, 0x00000006c6400000|
|  83|0x00000006c6500000, 0x00000006c6500000, 0x00000006c6600000|  0%| F|  |TS  0|AC  0|TAMS 0x00000006c6500000, 0x00000006c6500000|
|  84|0x00000006c6600000, 0x00000006c6600000, 0x00000006c6700000|  0%| F|  |TS  0|AC  0|TAMS 0x00000006c6600000, 0x00000006c6600000|
|  85|0x00000006c6700000, 0x00000006c6700000, 0x00000006c6800000|  0%| F|  |TS  0|AC  0|TAMS 0x00000006c6700000, 0x00000006c6700000|
|  86|0x00000006c6800000, 0x00000006c6800000, 0x00000006c6900000|  0%| F|  |TS  0|AC  0|TAMS 0x00000006c6800000, 0x00000006c6800000|
|  87|0x00000006c6900000, 0x00000006c6900000, 0x00000006c6a00000|  0%| F|  |TS  0|AC  0|TAMS 0x00000006c6900000, 0x00000006c6900000|
|  88|0x00000006c6a00000, 0x00000006c6a00000, 0x00000006c6b00000|  0%| F|  |TS  0|AC  0|TAMS 0x00000006c6a00000, 0x00000006c6a00000|
|  89|0x00000006c6b00000, 0x00000006c6b00000, 0x00000006c6c00000|  0%| F|  |TS  0|AC  0|TAMS 0x00000006c6b00000, 0x00000006c6b00000|
|  90|0x00000006c6c00000, 0x00000006c6c00000, 0x00000006c6d00000|  0%| F|  |TS  0|AC  0|TAMS 0x00000006c6c00000, 0x00000006c6c00000|
|  91|0x00000006c6d00000, 0x00000006c6d00000, 0x00000006c6e00000|  0%| F|  |TS  0|AC  0|TAMS 0x00000006c6d00000, 0x00000006c6d00000|
|  92|0x00000006c6e00000, 0x00000006c6e00000, 0x00000006c6f00000|  0%| F|  |TS  0|AC  0|TAMS 0x00000006c6e00000, 0x00000006c6e00000|
|  93|0x00000006c6f00000, 0x00000006c6f00000, 0x00000006c7000000|  0%| F|  |TS  0|AC  0|TAMS 0x00000006c6f00000, 0x00000006c6f00000|
|  94|0x00000006c7000000, 0x00000006c7000000, 0x00000006c7100000|  0%| F|  |TS  0|AC  0|TAMS 0x00000006c7000000, 0x00000006c7000000|
|  95|0x00000006c7100000, 0x00000006c7100000, 0x00000006c7200000|  0%| F|  |TS  0|AC  0|TAMS 0x00000006c7100000, 0x00000006c7100000|
|  96|0x00000006c7200000, 0x00000006c7200000, 0x00000006c7300000|  0%| F|  |TS  0|AC  0|TAMS 0x00000006c7200000, 0x00000006c7200000|
|  97|0x00000006c7300000, 0x00000006c7300000, 0x00000006c7400000|  0%| F|  |TS  0|AC  0|TAMS 0x00000006c7300000, 0x00000006c7300000|
|  98|0x00000006c7400000, 0x00000006c7400000, 0x00000006c7500000|  0%| F|  |TS  0|AC  0|TAMS 0x00000006c7400000, 0x00000006c7400000|
|  99|0x00000006c7500000, 0x00000006c7500000, 0x00000006c7600000|  0%| F|  |TS  0|AC  0|TAMS 0x00000006c7500000, 0x00000006c7500000|
| 100|0x00000006c7600000, 0x00000006c7600000, 0x00000006c7700000|  0%| F|  |TS  0|AC  0|TAMS 0x00000006c7600000, 0x00000006c7600000|
| 101|0x00000006c7700000, 0x00000006c7700000, 0x00000006c7800000|  0%| F|  |TS  0|AC  0|TAMS 0x00000006c7700000, 0x00000006c7700000|
| 102|0x00000006c7800000, 0x00000006c7800000, 0x00000006c7900000|  0%| F|  |TS  0|AC  0|TAMS 0x00000006c7800000, 0x00000006c7800000|
| 103|0x00000006c7900000, 0x00000006c7900000, 0x00000006c7a00000|  0%| F|  |TS  0|AC  0|TAMS 0x00000006c7900000, 0x00000006c7900000|
| 104|0x00000006c7a00000, 0x00000006c7a00000, 0x00000006c7b00000|  0%| F|  |TS  0|AC  0|TAMS 0x00000006c7a00000, 0x00000006c7a00000|
| 105|0x00000006c7b00000, 0x00000006c7b00000, 0x00000006c7c00000|  0%| F|  |TS  0|AC  0|TAMS 0x00000006c7b00000, 0x00000006c7b00000|
| 106|0x00000006c7c00000, 0x00000006c7c00000, 0x00000006c7d00000|  0%| F|  |TS  0|AC  0|TAMS 0x00000006c7c00000, 0x00000006c7c00000|
| 107|0x00000006c7d00000, 0x00000006c7d00000, 0x00000006c7e00000|  0%| F|  |TS  0|AC  0|TAMS 0x00000006c7d00000, 0x00000006c7d00000|
| 108|0x00000006c7e00000, 0x00000006c7e00000, 0x00000006c7f00000|  0%| F|  |TS  0|AC  0|TAMS 0x00000006c7e00000, 0x00000006c7e00000|
| 109|0x00000006c7f00000, 0x00000006c7f00000, 0x00000006c8000000|  0%| F|  |TS  0|AC  0|TAMS 0x00000006c7f00000, 0x00000006c7f00000|
| 110|0x00000006c8000000, 0x00000006c8000000, 0x00000006c8100000|  0%| F|  |TS  0|AC  0|TAMS 0x00000006c8000000, 0x00000006c8000000|
| 111|0x00000006c8100000, 0x00000006c8100000, 0x00000006c8200000|  0%| F|  |TS  0|AC  0|TAMS 0x00000006c8100000, 0x00000006c8100000|
| 112|0x00000006c8200000, 0x00000006c8200000, 0x00000006c8300000|  0%| F|  |TS  0|AC  0|TAMS 0x00000006c8200000, 0x00000006c8200000|
| 113|0x00000006c8300000, 0x00000006c8300000, 0x00000006c8400000|  0%| F|  |TS  0|AC  0|TAMS 0x00000006c8300000, 0x00000006c8300000|
| 114|0x00000006c8400000, 0x00000006c8400000, 0x00000006c8500000|  0%| F|  |TS  0|AC  0|TAMS 0x00000006c8400000, 0x00000006c8400000|
| 115|0x00000006c8500000, 0x00000006c8500000, 0x00000006c8600000|  0%| F|  |TS  0|AC  0|TAMS 0x00000006c8500000, 0x00000006c8500000|
| 116|0x00000006c8600000, 0x00000006c8600000, 0x00000006c8700000|  0%| F|  |TS  0|AC  0|TAMS 0x00000006c8600000, 0x00000006c8600000|
| 117|0x00000006c8700000, 0x00000006c8700000, 0x00000006c8800000|  0%| F|  |TS  0|AC  0|TAMS 0x00000006c8700000, 0x00000006c8700000|
| 118|0x00000006c8800000, 0x00000006c8800000, 0x00000006c8900000|  0%| F|  |TS  0|AC  0|TAMS 0x00000006c8800000, 0x00000006c8800000|
| 119|0x00000006c8900000, 0x00000006c8900000, 0x00000006c8a00000|  0%| F|  |TS  0|AC  0|TAMS 0x00000006c8900000, 0x00000006c8900000|
| 120|0x00000006c8a00000, 0x00000006c8a00000, 0x00000006c8b00000|  0%| F|  |TS  0|AC  0|TAMS 0x00000006c8a00000, 0x00000006c8a00000|
| 121|0x00000006c8b00000, 0x00000006c8b00000, 0x00000006c8c00000|  0%| F|  |TS  0|AC  0|TAMS 0x00000006c8b00000, 0x00000006c8b00000|
| 122|0x00000006c8c00000, 0x00000006c8c00000, 0x00000006c8d00000|  0%| F|  |TS  0|AC  0|TAMS 0x00000006c8c00000, 0x00000006c8c00000|
| 123|0x00000006c8d00000, 0x00000006c8d00000, 0x00000006c8e00000|  0%| F|  |TS  0|AC  0|TAMS 0x00000006c8d00000, 0x00000006c8d00000|
| 124|0x00000006c8e00000, 0x00000006c8e00000, 0x00000006c8f00000|  0%| F|  |TS  0|AC  0|TAMS 0x00000006c8e00000, 0x00000006c8e00000|
| 125|0x00000006c8f00000, 0x00000006c8f00000, 0x00000006c9000000|  0%| F|  |TS  0|AC  0|TAMS 0x00000006c8f00000, 0x00000006c8f00000|
| 126|0x00000006c9000000, 0x00000006c9000000, 0x00000006c9100000|  0%| F|  |TS  0|AC  0|TAMS 0x00000006c9000000, 0x00000006c9000000|
| 127|0x00000006c9100000, 0x00000006c9100000, 0x00000006c9200000|  0%| F|  |TS  0|AC  0|TAMS 0x00000006c9100000, 0x00000006c9100000|
| 128|0x00000006c9200000, 0x00000006c9200000, 0x00000006c9300000|  0%| F|  |TS  0|AC  0|TAMS 0x00000006c9200000, 0x00000006c9200000|
| 129|0x00000006c9300000, 0x00000006c9300000, 0x00000006c9400000|  0%| F|  |TS  0|AC  0|TAMS 0x00000006c9300000, 0x00000006c9300000|
| 130|0x00000006c9400000, 0x00000006c9400000, 0x00000006c9500000|  0%| F|  |TS  0|AC  0|TAMS 0x00000006c9400000, 0x00000006c9400000|
| 131|0x00000006c9500000, 0x00000006c9500000, 0x00000006c9600000|  0%| F|  |TS  0|AC  0|TAMS 0x00000006c9500000, 0x00000006c9500000|
| 132|0x00000006c9600000, 0x00000006c9600000, 0x00000006c9700000|  0%| F|  |TS  0|AC  0|TAMS 0x00000006c9600000, 0x00000006c9600000|
| 133|0x00000006c9700000, 0x00000006c9700000, 0x00000006c9800000|  0%| F|  |TS  0|AC  0|TAMS 0x00000006c9700000, 0x00000006c9700000|
| 134|0x00000006c9800000, 0x00000006c9800000, 0x00000006c9900000|  0%| F|  |TS  0|AC  0|TAMS 0x00000006c9800000, 0x00000006c9800000|
| 135|0x00000006c9900000, 0x00000006c9900000, 0x00000006c9a00000|  0%| F|  |TS  0|AC  0|TAMS 0x00000006c9900000, 0x00000006c9900000|
| 136|0x00000006c9a00000, 0x00000006c9a00000, 0x00000006c9b00000|  0%| F|  |TS  0|AC  0|TAMS 0x00000006c9a00000, 0x00000006c9a00000|
| 137|0x00000006c9b00000, 0x00000006c9b00000, 0x00000006c9c00000|  0%| F|  |TS  0|AC  0|TAMS 0x00000006c9b00000, 0x00000006c9b00000|
| 138|0x00000006c9c00000, 0x00000006c9c00000, 0x00000006c9d00000|  0%| F|  |TS  0|AC  0|TAMS 0x00000006c9c00000, 0x00000006c9c00000|
| 139|0x00000006c9d00000, 0x00000006c9d00000, 0x00000006c9e00000|  0%| F|  |TS  0|AC  0|TAMS 0x00000006c9d00000, 0x00000006c9d00000|
| 140|0x00000006c9e00000, 0x00000006c9e00000, 0x00000006c9f00000|  0%| F|  |TS  0|AC  0|TAMS 0x00000006c9e00000, 0x00000006c9e00000|
| 141|0x00000006c9f00000, 0x00000006c9f00000, 0x00000006ca000000|  0%| F|  |TS  0|AC  0|TAMS 0x00000006c9f00000, 0x00000006c9f00000|
| 142|0x00000006ca000000, 0x00000006ca000000, 0x00000006ca100000|  0%| F|  |TS  0|AC  0|TAMS 0x00000006ca000000, 0x00000006ca000000|
| 143|0x00000006ca100000, 0x00000006ca100000, 0x00000006ca200000|  0%| F|  |TS  0|AC  0|TAMS 0x00000006ca100000, 0x00000006ca100000|
| 144|0x00000006ca200000, 0x00000006ca200000, 0x00000006ca300000|  0%| F|  |TS  0|AC  0|TAMS 0x00000006ca200000, 0x00000006ca200000|
| 145|0x00000006ca300000, 0x00000006ca300000, 0x00000006ca400000|  0%| F|  |TS  0|AC  0|TAMS 0x00000006ca300000, 0x00000006ca300000|
| 146|0x00000006ca400000, 0x00000006ca400000, 0x00000006ca500000|  0%| F|  |TS  0|AC  0|TAMS 0x00000006ca400000, 0x00000006ca400000|
| 147|0x00000006ca500000, 0x00000006ca500000, 0x00000006ca600000|  0%| F|  |TS  0|AC  0|TAMS 0x00000006ca500000, 0x00000006ca500000|
| 148|0x00000006ca600000, 0x00000006ca600000, 0x00000006ca700000|  0%| F|  |TS  0|AC  0|TAMS 0x00000006ca600000, 0x00000006ca600000|
| 149|0x00000006ca700000, 0x00000006ca700000, 0x00000006ca800000|  0%| F|  |TS  0|AC  0|TAMS 0x00000006ca700000, 0x00000006ca700000|
| 150|0x00000006ca800000, 0x00000006ca800000, 0x00000006ca900000|  0%| F|  |TS  0|AC  0|TAMS 0x00000006ca800000, 0x00000006ca800000|
| 151|0x00000006ca900000, 0x00000006ca900000, 0x00000006caa00000|  0%| F|  |TS  0|AC  0|TAMS 0x00000006ca900000, 0x00000006ca900000|
| 152|0x00000006caa00000, 0x00000006caa00000, 0x00000006cab00000|  0%| F|  |TS  0|AC  0|TAMS 0x00000006caa00000, 0x00000006caa00000|
| 153|0x00000006cab00000, 0x00000006cab00000, 0x00000006cac00000|  0%| F|  |TS  0|AC  0|TAMS 0x00000006cab00000, 0x00000006cab00000|
| 154|0x00000006cac00000, 0x00000006cac00000, 0x00000006cad00000|  0%| F|  |TS  0|AC  0|TAMS 0x00000006cac00000, 0x00000006cac00000|
| 155|0x00000006cad00000, 0x00000006cad00000, 0x00000006cae00000|  0%| F|  |TS  0|AC  0|TAMS 0x00000006cad00000, 0x00000006cad00000|
| 156|0x00000006cae00000, 0x00000006cae00000, 0x00000006caf00000|  0%| F|  |TS  0|AC  0|TAMS 0x00000006cae00000, 0x00000006cae00000|
| 157|0x00000006caf00000, 0x00000006caf00000, 0x00000006cb000000|  0%| F|  |TS  0|AC  0|TAMS 0x00000006caf00000, 0x00000006caf00000|
| 158|0x00000006cb000000, 0x00000006cb000000, 0x00000006cb100000|  0%| F|  |TS  0|AC  0|TAMS 0x00000006cb000000, 0x00000006cb000000|
| 159|0x00000006cb100000, 0x00000006cb100000, 0x00000006cb200000|  0%| F|  |TS  0|AC  0|TAMS 0x00000006cb100000, 0x00000006cb100000|
| 160|0x00000006cb200000, 0x00000006cb200000, 0x00000006cb300000|  0%| F|  |TS  0|AC  0|TAMS 0x00000006cb200000, 0x00000006cb200000|
| 161|0x00000006cb300000, 0x00000006cb300000, 0x00000006cb400000|  0%| F|  |TS  0|AC  0|TAMS 0x00000006cb300000, 0x00000006cb300000|
| 162|0x00000006cb400000, 0x00000006cb400000, 0x00000006cb500000|  0%| F|  |TS  0|AC  0|TAMS 0x00000006cb400000, 0x00000006cb400000|
| 163|0x00000006cb500000, 0x00000006cb500000, 0x00000006cb600000|  0%| F|  |TS  0|AC  0|TAMS 0x00000006cb500000, 0x00000006cb500000|
| 164|0x00000006cb600000, 0x00000006cb600000, 0x00000006cb700000|  0%| F|  |TS  0|AC  0|TAMS 0x00000006cb600000, 0x00000006cb600000|
| 165|0x00000006cb700000, 0x00000006cb700000, 0x00000006cb800000|  0%| F|  |TS  0|AC  0|TAMS 0x00000006cb700000, 0x00000006cb700000|
| 166|0x00000006cb800000, 0x00000006cb800000, 0x00000006cb900000|  0%| F|  |TS  0|AC  0|TAMS 0x00000006cb800000, 0x00000006cb800000|
| 167|0x00000006cb900000, 0x00000006cb900000, 0x00000006cba00000|  0%| F|  |TS  0|AC  0|TAMS 0x00000006cb900000, 0x00000006cb900000|
| 168|0x00000006cba00000, 0x00000006cba00000, 0x00000006cbb00000|  0%| F|  |TS  0|AC  0|TAMS 0x00000006cba00000, 0x00000006cba00000|
| 169|0x00000006cbb00000, 0x00000006cbb00000, 0x00000006cbc00000|  0%| F|  |TS  0|AC  0|TAMS 0x00000006cbb00000, 0x00000006cbb00000|
| 170|0x00000006cbc00000, 0x00000006cbc00000, 0x00000006cbd00000|  0%| F|  |TS  0|AC  0|TAMS 0x00000006cbc00000, 0x00000006cbc00000|
| 171|0x00000006cbd00000, 0x00000006cbd00000, 0x00000006cbe00000|  0%| F|  |TS  0|AC  0|TAMS 0x00000006cbd00000, 0x00000006cbd00000|
| 172|0x00000006cbe00000, 0x00000006cbe00000, 0x00000006cbf00000|  0%| F|  |TS  0|AC  0|TAMS 0x00000006cbe00000, 0x00000006cbe00000|
| 173|0x00000006cbf00000, 0x00000006cbf00000, 0x00000006cc000000|  0%| F|  |TS  0|AC  0|TAMS 0x00000006cbf00000, 0x00000006cbf00000|
| 174|0x00000006cc000000, 0x00000006cc000000, 0x00000006cc100000|  0%| F|  |TS  0|AC  0|TAMS 0x00000006cc000000, 0x00000006cc000000|
| 175|0x00000006cc100000, 0x00000006cc100000, 0x00000006cc200000|  0%| F|  |TS  0|AC  0|TAMS 0x00000006cc100000, 0x00000006cc100000|
| 176|0x00000006cc200000, 0x00000006cc200000, 0x00000006cc300000|  0%| F|  |TS  0|AC  0|TAMS 0x00000006cc200000, 0x00000006cc200000|
| 177|0x00000006cc300000, 0x00000006cc300000, 0x00000006cc400000|  0%| F|  |TS  0|AC  0|TAMS 0x00000006cc300000, 0x00000006cc300000|
| 178|0x00000006cc400000, 0x00000006cc400000, 0x00000006cc500000|  0%| F|  |TS  0|AC  0|TAMS 0x00000006cc400000, 0x00000006cc400000|
| 179|0x00000006cc500000, 0x00000006cc500000, 0x00000006cc600000|  0%| F|  |TS  0|AC  0|TAMS 0x00000006cc500000, 0x00000006cc500000|
| 180|0x00000006cc600000, 0x00000006cc600000, 0x00000006cc700000|  0%| F|  |TS  0|AC  0|TAMS 0x00000006cc600000, 0x00000006cc600000|
| 181|0x00000006cc700000, 0x00000006cc700000, 0x00000006cc800000|  0%| F|  |TS  0|AC  0|TAMS 0x00000006cc700000, 0x00000006cc700000|
| 182|0x00000006cc800000, 0x00000006cc800000, 0x00000006cc900000|  0%| F|  |TS  0|AC  0|TAMS 0x00000006cc800000, 0x00000006cc800000|
| 183|0x00000006cc900000, 0x00000006cc900000, 0x00000006cca00000|  0%| F|  |TS  0|AC  0|TAMS 0x00000006cc900000, 0x00000006cc900000|
| 184|0x00000006cca00000, 0x00000006cca00000, 0x00000006ccb00000|  0%| F|  |TS  0|AC  0|TAMS 0x00000006cca00000, 0x00000006cca00000|
| 185|0x00000006ccb00000, 0x00000006ccb00000, 0x00000006ccc00000|  0%| F|  |TS  0|AC  0|TAMS 0x00000006ccb00000, 0x00000006ccb00000|
| 186|0x00000006ccc00000, 0x00000006ccc00000, 0x00000006ccd00000|  0%| F|  |TS  0|AC  0|TAMS 0x00000006ccc00000, 0x00000006ccc00000|
| 187|0x00000006ccd00000, 0x00000006ccd00000, 0x00000006cce00000|  0%| F|  |TS  0|AC  0|TAMS 0x00000006ccd00000, 0x00000006ccd00000|
| 188|0x00000006cce00000, 0x00000006cce00000, 0x00000006ccf00000|  0%| F|  |TS  0|AC  0|TAMS 0x00000006cce00000, 0x00000006cce00000|
| 189|0x00000006ccf00000, 0x00000006ccf00000, 0x00000006cd000000|  0%| F|  |TS  0|AC  0|TAMS 0x00000006ccf00000, 0x00000006ccf00000|
| 190|0x00000006cd000000, 0x00000006cd000000, 0x00000006cd100000|  0%| F|  |TS  0|AC  0|TAMS 0x00000006cd000000, 0x00000006cd000000|
| 191|0x00000006cd100000, 0x00000006cd100000, 0x00000006cd200000|  0%| F|  |TS  0|AC  0|TAMS 0x00000006cd100000, 0x00000006cd100000|
| 192|0x00000006cd200000, 0x00000006cd200000, 0x00000006cd300000|  0%| F|  |TS  0|AC  0|TAMS 0x00000006cd200000, 0x00000006cd200000|
| 193|0x00000006cd300000, 0x00000006cd300000, 0x00000006cd400000|  0%| F|  |TS  0|AC  0|TAMS 0x00000006cd300000, 0x00000006cd300000|
| 194|0x00000006cd400000, 0x00000006cd400000, 0x00000006cd500000|  0%| F|  |TS  0|AC  0|TAMS 0x00000006cd400000, 0x00000006cd400000|
| 195|0x00000006cd500000, 0x00000006cd500000, 0x00000006cd600000|  0%| F|  |TS  0|AC  0|TAMS 0x00000006cd500000, 0x00000006cd500000|
| 196|0x00000006cd600000, 0x00000006cd600000, 0x00000006cd700000|  0%| F|  |TS  0|AC  0|TAMS 0x00000006cd600000, 0x00000006cd600000|
| 197|0x00000006cd700000, 0x00000006cd700000, 0x00000006cd800000|  0%| F|  |TS  0|AC  0|TAMS 0x00000006cd700000, 0x00000006cd700000|
| 198|0x00000006cd800000, 0x00000006cd800000, 0x00000006cd900000|  0%| F|  |TS  0|AC  0|TAMS 0x00000006cd800000, 0x00000006cd800000|
| 199|0x00000006cd900000, 0x00000006cd900000, 0x00000006cda00000|  0%| F|  |TS  0|AC  0|TAMS 0x00000006cd900000, 0x00000006cd900000|
| 200|0x00000006cda00000, 0x00000006cda00000, 0x00000006cdb00000|  0%| F|  |TS  0|AC  0|TAMS 0x00000006cda00000, 0x00000006cda00000|
| 201|0x00000006cdb00000, 0x00000006cdb00000, 0x00000006cdc00000|  0%| F|  |TS  0|AC  0|TAMS 0x00000006cdb00000, 0x00000006cdb00000|
| 202|0x00000006cdc00000, 0x00000006cdc00000, 0x00000006cdd00000|  0%| F|  |TS  0|AC  0|TAMS 0x00000006cdc00000, 0x00000006cdc00000|
| 203|0x00000006cdd00000, 0x00000006cdd00000, 0x00000006cde00000|  0%| F|  |TS  0|AC  0|TAMS 0x00000006cdd00000, 0x00000006cdd00000|
| 204|0x00000006cde00000, 0x00000006cde00000, 0x00000006cdf00000|  0%| F|  |TS  0|AC  0|TAMS 0x00000006cde00000, 0x00000006cde00000|
| 205|0x00000006cdf00000, 0x00000006cdf00000, 0x00000006ce000000|  0%| F|  |TS  0|AC  0|TAMS 0x00000006cdf00000, 0x00000006cdf00000|
| 206|0x00000006ce000000, 0x00000006ce000000, 0x00000006ce100000|  0%| F|  |TS  0|AC  0|TAMS 0x00000006ce000000, 0x00000006ce000000|
| 207|0x00000006ce100000, 0x00000006ce100000, 0x00000006ce200000|  0%| F|  |TS  0|AC  0|TAMS 0x00000006ce100000, 0x00000006ce100000|
| 208|0x00000006ce200000, 0x00000006ce200000, 0x00000006ce300000|  0%| F|  |TS  0|AC  0|TAMS 0x00000006ce200000, 0x00000006ce200000|
| 209|0x00000006ce300000, 0x00000006ce300000, 0x00000006ce400000|  0%| F|  |TS  0|AC  0|TAMS 0x00000006ce300000, 0x00000006ce300000|
| 210|0x00000006ce400000, 0x00000006ce400000, 0x00000006ce500000|  0%| F|  |TS  0|AC  0|TAMS 0x00000006ce400000, 0x00000006ce400000|
| 211|0x00000006ce500000, 0x00000006ce500000, 0x00000006ce600000|  0%| F|  |TS  0|AC  0|TAMS 0x00000006ce500000, 0x00000006ce500000|
| 212|0x00000006ce600000, 0x00000006ce600000, 0x00000006ce700000|  0%| F|  |TS  0|AC  0|TAMS 0x00000006ce600000, 0x00000006ce600000|
| 213|0x00000006ce700000, 0x00000006ce700000, 0x00000006ce800000|  0%| F|  |TS  0|AC  0|TAMS 0x00000006ce700000, 0x00000006ce700000|
| 214|0x00000006ce800000, 0x00000006ce800000, 0x00000006ce900000|  0%| F|  |TS  0|AC  0|TAMS 0x00000006ce800000, 0x00000006ce800000|
| 215|0x00000006ce900000, 0x00000006ce900000, 0x00000006cea00000|  0%| F|  |TS  0|AC  0|TAMS 0x00000006ce900000, 0x00000006ce900000|
| 216|0x00000006cea00000, 0x00000006cea00000, 0x00000006ceb00000|  0%| F|  |TS  0|AC  0|TAMS 0x00000006cea00000, 0x00000006cea00000|
| 217|0x00000006ceb00000, 0x00000006ceb00000, 0x00000006cec00000|  0%| F|  |TS  0|AC  0|TAMS 0x00000006ceb00000, 0x00000006ceb00000|
| 218|0x00000006cec00000, 0x00000006cec00000, 0x00000006ced00000|  0%| F|  |TS  0|AC  0|TAMS 0x00000006cec00000, 0x00000006cec00000|
| 219|0x00000006ced00000, 0x00000006ced00000, 0x00000006cee00000|  0%| F|  |TS  0|AC  0|TAMS 0x00000006ced00000, 0x00000006ced00000|
| 220|0x00000006cee00000, 0x00000006cee00000, 0x00000006cef00000|  0%| F|  |TS  0|AC  0|TAMS 0x00000006cee00000, 0x00000006cee00000|
| 221|0x00000006cef00000, 0x00000006cef00000, 0x00000006cf000000|  0%| F|  |TS  0|AC  0|TAMS 0x00000006cef00000, 0x00000006cef00000|
| 222|0x00000006cf000000, 0x00000006cf000000, 0x00000006cf100000|  0%| F|  |TS  0|AC  0|TAMS 0x00000006cf000000, 0x00000006cf000000|
| 223|0x00000006cf100000, 0x00000006cf100000, 0x00000006cf200000|  0%| F|  |TS  0|AC  0|TAMS 0x00000006cf100000, 0x00000006cf100000|
| 224|0x00000006cf200000, 0x00000006cf200000, 0x00000006cf300000|  0%| F|  |TS  0|AC  0|TAMS 0x00000006cf200000, 0x00000006cf200000|
| 225|0x00000006cf300000, 0x00000006cf300000, 0x00000006cf400000|  0%| F|  |TS  0|AC  0|TAMS 0x00000006cf300000, 0x00000006cf300000|
| 226|0x00000006cf400000, 0x00000006cf400000, 0x00000006cf500000|  0%| F|  |TS  0|AC  0|TAMS 0x00000006cf400000, 0x00000006cf400000|
| 227|0x00000006cf500000, 0x00000006cf600000, 0x00000006cf600000|100%| S|CS|TS  0|AC  0|TAMS 0x00000006cf500000, 0x00000006cf500000|
| 228|0x00000006cf600000, 0x00000006cf700000, 0x00000006cf700000|100%| S|CS|TS  0|AC  0|TAMS 0x00000006cf600000, 0x00000006cf600000|
| 229|0x00000006cf700000, 0x00000006cf800000, 0x00000006cf800000|100%| S|CS|TS  0|AC  0|TAMS 0x00000006cf700000, 0x00000006cf700000|
| 230|0x00000006cf800000, 0x00000006cf900000, 0x00000006cf900000|100%| S|CS|TS  0|AC  0|TAMS 0x00000006cf800000, 0x00000006cf800000|
| 231|0x00000006cf900000, 0x00000006cf900000, 0x00000006cfa00000|  0%| F|  |TS  0|AC  0|TAMS 0x00000006cf900000, 0x00000006cf900000|
| 232|0x00000006cfa00000, 0x00000006cfa00000, 0x00000006cfb00000|  0%| F|  |TS  0|AC  0|TAMS 0x00000006cfa00000, 0x00000006cfa00000|
| 233|0x00000006cfb00000, 0x00000006cfb00000, 0x00000006cfc00000|  0%| F|  |TS  0|AC  0|TAMS 0x00000006cfb00000, 0x00000006cfb00000|
| 234|0x00000006cfc00000, 0x00000006cfc00000, 0x00000006cfd00000|  0%| F|  |TS  0|AC  0|TAMS 0x00000006cfc00000, 0x00000006cfc00000|
| 235|0x00000006cfd00000, 0x00000006cfd00000, 0x00000006cfe00000|  0%| F|  |TS  0|AC  0|TAMS 0x00000006cfd00000, 0x00000006cfd00000|
| 236|0x00000006cfe00000, 0x00000006cfe00000, 0x00000006cff00000|  0%| F|  |TS  0|AC  0|TAMS 0x00000006cfe00000, 0x00000006cfe00000|
| 237|0x00000006cff00000, 0x00000006cff00000, 0x00000006d0000000|  0%| F|  |TS  0|AC  0|TAMS 0x00000006cff00000, 0x00000006cff00000|
| 238|0x00000006d0000000, 0x00000006d0000000, 0x00000006d0100000|  0%| F|  |TS  0|AC  0|TAMS 0x00000006d0000000, 0x00000006d0000000|
| 239|0x00000006d0100000, 0x00000006d0100000, 0x00000006d0200000|  0%| F|  |TS  0|AC  0|TAMS 0x00000006d0100000, 0x00000006d0100000|
| 240|0x00000006d0200000, 0x00000006d0200000, 0x00000006d0300000|  0%| F|  |TS  0|AC  0|TAMS 0x00000006d0200000, 0x00000006d0200000|
| 241|0x00000006d0300000, 0x00000006d0300000, 0x00000006d0400000|  0%| F|  |TS  0|AC  0|TAMS 0x00000006d0300000, 0x00000006d0300000|
| 242|0x00000006d0400000, 0x00000006d0400000, 0x00000006d0500000|  0%| F|  |TS  0|AC  0|TAMS 0x00000006d0400000, 0x00000006d0400000|
| 243|0x00000006d0500000, 0x00000006d0500000, 0x00000006d0600000|  0%| F|  |TS  0|AC  0|TAMS 0x00000006d0500000, 0x00000006d0500000|
| 244|0x00000006d0600000, 0x00000006d0600000, 0x00000006d0700000|  0%| F|  |TS  0|AC  0|TAMS 0x00000006d0600000, 0x00000006d0600000|
| 245|0x00000006d0700000, 0x00000006d0700000, 0x00000006d0800000|  0%| F|  |TS  0|AC  0|TAMS 0x00000006d0700000, 0x00000006d0700000|
| 246|0x00000006d0800000, 0x00000006d0800000, 0x00000006d0900000|  0%| F|  |TS  0|AC  0|TAMS 0x00000006d0800000, 0x00000006d0800000|
| 247|0x00000006d0900000, 0x00000006d0900000, 0x00000006d0a00000|  0%| F|  |TS  0|AC  0|TAMS 0x00000006d0900000, 0x00000006d0900000|
| 248|0x00000006d0a00000, 0x00000006d0a00000, 0x00000006d0b00000|  0%| F|  |TS  0|AC  0|TAMS 0x00000006d0a00000, 0x00000006d0a00000|
| 249|0x00000006d0b00000, 0x00000006d0b00000, 0x00000006d0c00000|  0%| F|  |TS  0|AC  0|TAMS 0x00000006d0b00000, 0x00000006d0b00000|
| 250|0x00000006d0c00000, 0x00000006d0c00000, 0x00000006d0d00000|  0%| F|  |TS  0|AC  0|TAMS 0x00000006d0c00000, 0x00000006d0c00000|
| 251|0x00000006d0d00000, 0x00000006d0d00000, 0x00000006d0e00000|  0%| F|  |TS  0|AC  0|TAMS 0x00000006d0d00000, 0x00000006d0d00000|
| 252|0x00000006d0e00000, 0x00000006d0e00000, 0x00000006d0f00000|  0%| F|  |TS  0|AC  0|TAMS 0x00000006d0e00000, 0x00000006d0e00000|
| 253|0x00000006d0f00000, 0x00000006d0f00000, 0x00000006d1000000|  0%| F|  |TS  0|AC  0|TAMS 0x00000006d0f00000, 0x00000006d0f00000|
| 254|0x00000006d1000000, 0x00000006d10ab328, 0x00000006d1100000| 66%| E|  |TS  0|AC  0|TAMS 0x00000006d1000000, 0x00000006d1000000|
| 255|0x00000006d1100000, 0x00000006d1200000, 0x00000006d1200000|100%| E|CS|TS  0|AC  0|TAMS 0x00000006d1100000, 0x00000006d1100000|

Card table byte_map: [0x00000168c7ef0000,0x00000168c86f0000] byte_map_base: 0x00000168c48e7000

Marking Bits (Prev, Next): (CMBitMap*) 0x00000168d0ef87f0, (CMBitMap*) 0x00000168d0ef8828
 Prev Bits: [0x00000168c8ef0000, 0x00000168ccea8000)
 Next Bits: [0x00000168cceb0000, 0x00000168d0e68000)

Polling page: 0x00000168acb20000

CodeHeap 'non-profiled nmethods': size=120064Kb used=1880Kb max_used=1880Kb free=118183Kb
 bounds [0x00000168c01b0000, 0x00000168c0420000, 0x00000168c76f0000]
CodeHeap 'profiled nmethods': size=120000Kb used=8561Kb max_used=8561Kb free=111438Kb
 bounds [0x00000168b8c80000, 0x00000168b94e0000, 0x00000168c01b0000]
CodeHeap 'non-nmethods': size=5696Kb used=1446Kb max_used=1487Kb free=4249Kb
 bounds [0x00000168b86f0000, 0x00000168b8960000, 0x00000168b8c80000]
 total_blobs=5719 nmethods=3955 adapters=838
 compilation: enabled

Compilation events (10 events):
Event: 29.943 Thread 0x00000168d3dca000 3912       3       java.lang.invoke.MethodHandleNatives::access$000 (5 bytes)
Event: 29.944 Thread 0x00000168d3dca000 nmethod 3912 0x00000168b94c3210 code [0x00000168b94c33c0, 0x00000168b94c3530]
Event: 29.944 Thread 0x00000168d3dca000 3913       3       javafx.css.SizeUnits$5::pixels (11 bytes)
Event: 29.944 Thread 0x00000168d3dca000 nmethod 3913 0x00000168b94c3610 code [0x00000168b94c3840, 0x00000168b94c3f50]
Event: 29.944 Thread 0x00000168d3dca000 3915       3       com.sun.javafx.geom.transform.GeneralTransform3D::transform (249 bytes)
Event: 29.944 Thread 0x00000168d3dca000 nmethod 3915 0x00000168b94c4210 code [0x00000168b94c43e0, 0x00000168b94c48b8]
Event: 29.944 Thread 0x00000168d3dca000 3917  s    3       java.util.Hashtable::remove (133 bytes)
Event: 29.944 Thread 0x00000168d3dca000 nmethod 3917 0x00000168b94c4a90 code [0x00000168b94c4ca0, 0x00000168b94c55c0]
Event: 29.944 Thread 0x00000168d3dca000 3916       3       com.sun.prism.d3d.D3DTextureData::dispose (34 bytes)
Event: 29.945 Thread 0x00000168d3dca000 nmethod 3916 0x00000168b94c5810 code [0x00000168b94c5a00, 0x00000168b94c5d30]

GC Heap History (6 events):
Event: 0.506 GC heap before
{Heap before GC invocations=0 (full 0):
 garbage-first heap   total 262144K, used 14336K [0x00000006c1200000, 0x00000007c0000000)
  region size 1024K, 14 young (14336K), 0 survivors (0K)
 Metaspace       used 13734K, capacity 14138K, committed 14464K, reserved 1062912K
  class space    used 1461K, capacity 1638K, committed 1664K, reserved 1048576K
}
Event: 0.510 GC heap after
{Heap after GC invocations=1 (full 0):
 garbage-first heap   total 262144K, used 4114K [0x00000006c1200000, 0x00000007c0000000)
  region size 1024K, 2 young (2048K), 2 survivors (2048K)
 Metaspace       used 13734K, capacity 14138K, committed 14464K, reserved 1062912K
  class space    used 1461K, capacity 1638K, committed 1664K, reserved 1048576K
}
Event: 1.117 GC heap before
{Heap before GC invocations=1 (full 0):
 garbage-first heap   total 262144K, used 12306K [0x00000006c1200000, 0x00000007c0000000)
  region size 1024K, 11 young (11264K), 2 survivors (2048K)
 Metaspace       used 20479K, capacity 21134K, committed 21296K, reserved 1067008K
  class space    used 2514K, capacity 2850K, committed 2864K, reserved 1048576K
}
Event: 1.121 GC heap after
{Heap after GC invocations=2 (full 0):
 garbage-first heap   total 262144K, used 6226K [0x00000006c1200000, 0x00000007c0000000)
  region size 1024K, 2 young (2048K), 2 survivors (2048K)
 Metaspace       used 20479K, capacity 21134K, committed 21296K, reserved 1067008K
  class space    used 2514K, capacity 2850K, committed 2864K, reserved 1048576K
}
Event: 29.933 GC heap before
{Heap before GC invocations=3 (full 0):
 garbage-first heap   total 262144K, used 37970K [0x00000006c1200000, 0x00000007c0000000)
  region size 1024K, 25 young (25600K), 2 survivors (2048K)
 Metaspace       used 29317K, capacity 30210K, committed 30588K, reserved 1075200K
  class space    used 3501K, capacity 3901K, committed 3964K, reserved 1048576K
}
Event: 29.942 GC heap after
{Heap after GC invocations=4 (full 0):
 garbage-first heap   total 262144K, used 16384K [0x00000006c1200000, 0x00000007c0000000)
  region size 1024K, 4 young (4096K), 4 survivors (4096K)
 Metaspace       used 29317K, capacity 30210K, committed 30588K, reserved 1075200K
  class space    used 3501K, capacity 3901K, committed 3964K, reserved 1048576K
}

Deoptimization events (10 events):
Event: 7.856 Thread 0x00000168d46dd800 Uncommon trap: reason=unstable_if action=reinterpret pc=0x00000168c0269cf0 method=java.util.regex.Pattern$Dollar.match(Ljava/util/regex/Matcher;ILjava/lang/CharSequence;)Z @ 4 c2
Event: 7.860 Thread 0x00000168d46dd800 Uncommon trap: reason=unstable_if action=reinterpret pc=0x00000168c028c198 method=jdk.internal.math.FloatingDecimal$ASCIIToBinaryBuffer.doubleValue()D @ 121 c2
Event: 7.876 Thread 0x00000168d46dd800 Uncommon trap: reason=unstable_if action=reinterpret pc=0x00000168c028052c method=jdk.internal.math.FloatingDecimal.readJavaFormatString(Ljava/lang/String;)Ljdk/internal/math/FloatingDecimal$ASCIIToBinaryConverter; @ 121 c2
Event: 7.893 Thread 0x00000168d46dd800 Uncommon trap: reason=bimorphic_or_optimized_type_check action=maybe_recompile pc=0x00000168c02155c0 method=java.util.HashMap.putVal(ILjava/lang/Object;Ljava/lang/Object;ZZ)Ljava/lang/Object; @ 91 c2
Event: 19.291 Thread 0x00000168d46dd800 Uncommon trap: reason=unstable_if action=reinterpret pc=0x00000168c035bd80 method=javafx.scene.layout.Background.equals(Ljava/lang/Object;)Z @ 37 c2
Event: 19.292 Thread 0x00000168d4354800 Uncommon trap: reason=class_check action=maybe_recompile pc=0x00000168c0354458 method=com.sun.javafx.geom.transform.AffineBase.transform(Lcom/sun/javafx/geom/BaseBounds;Lcom/sun/javafx/geom/BaseBounds;)Lcom/sun/javafx/geom/BaseBounds; @ 11 c2
Event: 19.292 Thread 0x00000168d4354800 Uncommon trap: reason=class_check action=maybe_recompile pc=0x00000168c0354458 method=com.sun.javafx.geom.transform.AffineBase.transform(Lcom/sun/javafx/geom/BaseBounds;Lcom/sun/javafx/geom/BaseBounds;)Lcom/sun/javafx/geom/BaseBounds; @ 11 c2
Event: 19.292 Thread 0x00000168d4354800 Uncommon trap: reason=class_check action=maybe_recompile pc=0x00000168c0354458 method=com.sun.javafx.geom.transform.AffineBase.transform(Lcom/sun/javafx/geom/BaseBounds;Lcom/sun/javafx/geom/BaseBounds;)Lcom/sun/javafx/geom/BaseBounds; @ 11 c2
Event: 19.292 Thread 0x00000168d4354800 Uncommon trap: reason=class_check action=maybe_recompile pc=0x00000168c0354458 method=com.sun.javafx.geom.transform.AffineBase.transform(Lcom/sun/javafx/geom/BaseBounds;Lcom/sun/javafx/geom/BaseBounds;)Lcom/sun/javafx/geom/BaseBounds; @ 11 c2
Event: 19.293 Thread 0x00000168d4354800 Uncommon trap: reason=unstable_if action=reinterpret pc=0x00000168c035c288 method=com.sun.javafx.sg.prism.NGRegion.getCacheKey(II)Ljava/lang/Integer; @ 4 c2

Classes redefined (0 events):
No events

Internal exceptions (10 events):
Event: 2.238 Thread 0x00000168d46dd800 Exception <a 'java/lang/NoSuchMethodError'{0x00000006d0e53710}: method resolution failed> (0x00000006d0e53710) thrown at [t:/workspace/open/src/hotspot/share/prims/methodHandles.cpp, line 1226]
Event: 6.906 Thread 0x00000168d46dd800 Exception <a 'java/lang/NoSuchMethodError'{0x00000006d0e7eca8}: java.lang.Object.lambda$negate$3(I)Z> (0x00000006d0e7eca8) thrown at [t:/workspace/open/src/hotspot/share/interpreter/linkResolver.cpp, line 741]
Event: 6.906 Thread 0x00000168d46dd800 Exception <a 'java/lang/NoSuchMethodError'{0x00000006d0e81d68}: java.lang.Object.lambda$and$0(Ljava/util/regex/Pattern$CharPredicate;I)Z> (0x00000006d0e81d68) thrown at [t:/workspace/open/src/hotspot/share/interpreter/linkResolver.cpp, line 741]
Event: 7.930 Thread 0x00000168d46dd800 Exception <a 'java/io/FileNotFoundException'{0x00000006d05cd9a8}> (0x00000006d05cd9a8) thrown at [t:/workspace/open/src/hotspot/share/prims/jni.cpp, line 611]
Event: 8.023 Thread 0x00000168d4354800 Exception <a 'java/lang/NoSuchMethodError'{0x00000006d0e310c0}: java.lang.invoke.DirectMethodHandle$Holder.invokeStaticInit(Ljava/lang/Object;I)Ljava/lang/Object;> (0x00000006d0e310c0) thrown at [t:/workspace/open/src/hotspot/share/interpreter/linkResolve
Event: 8.095 Thread 0x00000168d46dd800 Exception <a 'java/lang/ClassNotFoundException'{0x00000006d018d9b0}: sun/awt/resources/spi/awtProvider> (0x00000006d018d9b0) thrown at [t:/workspace/open/src/hotspot/share/classfile/systemDictionary.cpp, line 233]
Event: 8.096 Thread 0x00000168d46dd800 Exception <a 'java/io/FileNotFoundException'{0x00000006d0192100}> (0x00000006d0192100) thrown at [t:/workspace/open/src/hotspot/share/prims/jni.cpp, line 611]
Event: 8.096 Thread 0x00000168d46dd800 Exception <a 'java/io/FileNotFoundException'{0x00000006d0195c98}> (0x00000006d0195c98) thrown at [t:/workspace/open/src/hotspot/share/prims/jni.cpp, line 611]
Event: 8.135 Thread 0x00000168d4354800 Exception <a 'java/lang/ClassCastException'{0x00000006d0166090}: com.google.gson.internal.LinkedTreeMap cannot be cast to javafx.graphics@10.0.2/com.sun.prism.paint.Paint> (0x00000006d0166090) thrown at [t:/workspace/open/src/hotspot/share/interpreter/int
Event: 8.151 Thread 0x00000168d4354800 Exception <a 'java/lang/ClassCastException'{0x00000006d0175078}: com.google.gson.internal.LinkedTreeMap cannot be cast to javafx.graphics@10.0.2/com.sun.prism.paint.Paint> (0x00000006d0175078) thrown at [t:/workspace/open/src/hotspot/share/interpreter/int

Events (10 events):
Event: 24.496 Thread 0x00000168d4354800 DEOPT PACKING pc=0x00000168b92d72d2 sp=0x000000217a9fe210
Event: 24.496 Thread 0x00000168d4354800 DEOPT UNPACKING pc=0x00000168b87188ce sp=0x000000217a9fd720 mode 0
Event: 29.933 Executing VM operation: G1IncCollectionPause
Event: 29.942 Executing VM operation: G1IncCollectionPause done
Event: 29.942 Executing VM operation: RevokeBias
Event: 29.942 Executing VM operation: RevokeBias done
Event: 29.950 Executing VM operation: CGC_Operation
Event: 29.953 Executing VM operation: CGC_Operation done
Event: 29.954 Executing VM operation: CGC_Operation
Event: 29.955 Executing VM operation: CGC_Operation done


Dynamic libraries:
0x00007ff6666b0000 - 0x00007ff6666ee000 	C:\Program Files\Java\jdk-10.0.2\bin\javaw.exe
0x00007fffc2c40000 - 0x00007fffc2e21000 	C:\WINDOWS\SYSTEM32\ntdll.dll
0x00007fffc2930000 - 0x00007fffc29e2000 	C:\WINDOWS\System32\KERNEL32.DLL
0x00007fffbfe10000 - 0x00007fffc0083000 	C:\WINDOWS\System32\KERNELBASE.dll
0x00007fffc00b0000 - 0x00007fffc0151000 	C:\WINDOWS\System32\ADVAPI32.dll
0x00007fffc0b10000 - 0x00007fffc0bae000 	C:\WINDOWS\System32\msvcrt.dll
0x00007fffc2a10000 - 0x00007fffc2a6b000 	C:\WINDOWS\System32\sechost.dll
0x00007fffc23e0000 - 0x00007fffc2504000 	C:\WINDOWS\System32\RPCRT4.dll
0x00007fffc0300000 - 0x00007fffc0490000 	C:\WINDOWS\System32\USER32.dll
0x00007fffc0090000 - 0x00007fffc00b0000 	C:\WINDOWS\System32\win32u.dll
0x00007fffc28a0000 - 0x00007fffc28c8000 	C:\WINDOWS\System32\GDI32.dll
0x00007fffbfb60000 - 0x00007fffbfcf2000 	C:\WINDOWS\System32\gdi32full.dll
0x00007fffbeff0000 - 0x00007fffbf08f000 	C:\WINDOWS\System32\msvcp_win.dll
0x00007fffbf9e0000 - 0x00007fffbfada000 	C:\WINDOWS\System32\ucrtbase.dll
0x00007fffb1350000 - 0x00007fffb15b9000 	C:\WINDOWS\WinSxS\amd64_microsoft.windows.common-controls_6595b64144ccf1df_6.0.17134.285_none_fb4297e330656775\COMCTL32.dll
0x00007fffb9900000 - 0x00007fffb990a000 	C:\WINDOWS\SYSTEM32\VERSION.dll
0x00007fffc2570000 - 0x00007fffc2893000 	C:\WINDOWS\System32\combase.dll
0x00007fffbfae0000 - 0x00007fffbfb5a000 	C:\WINDOWS\System32\bcryptPrimitives.dll
0x00007fffc0560000 - 0x00007fffc058d000 	C:\WINDOWS\System32\IMM32.DLL
0x00007fff81610000 - 0x00007fff816ff000 	C:\Program Files\Java\jdk-10.0.2\bin\msvcr120.dll
0x00007fff81560000 - 0x00007fff81606000 	C:\Program Files\Java\jdk-10.0.2\bin\msvcp120.dll
0x0000000058650000 - 0x00000000590c0000 	C:\Program Files\Java\jdk-10.0.2\bin\server\jvm.dll
0x00007fffc09e0000 - 0x00007fffc09e8000 	C:\WINDOWS\System32\PSAPI.DLL
0x00007fffbd250000 - 0x00007fffbd273000 	C:\WINDOWS\SYSTEM32\WINMM.dll
0x00007fffb2e60000 - 0x00007fffb2e69000 	C:\WINDOWS\SYSTEM32\WSOCK32.dll
0x00007fffc0490000 - 0x00007fffc04fc000 	C:\WINDOWS\System32\WS2_32.dll
0x00007fffbd220000 - 0x00007fffbd24a000 	C:\WINDOWS\SYSTEM32\WINMMBASE.dll
0x00007fffbf090000 - 0x00007fffbf0d9000 	C:\WINDOWS\System32\cfgmgr32.dll
0x00007fffb3f60000 - 0x00007fffb3f6f000 	C:\Program Files\Java\jdk-10.0.2\bin\verify.dll
0x00007fffaff90000 - 0x00007fffb0159000 	C:\WINDOWS\SYSTEM32\DBGHELP.DLL
0x00007fffaff60000 - 0x00007fffaff89000 	C:\WINDOWS\SYSTEM32\dbgcore.DLL
0x00007fffa7750000 - 0x00007fffa7777000 	C:\Program Files\Java\jdk-10.0.2\bin\java.dll
0x00007fffa4440000 - 0x00007fffa4456000 	C:\Program Files\Java\jdk-10.0.2\bin\zip.dll
0x00007fffb3cd0000 - 0x00007fffb3cda000 	C:\Program Files\Java\jdk-10.0.2\bin\jimage.dll
0x00007fffc0cc0000 - 0x00007fffc2100000 	C:\WINDOWS\System32\SHELL32.dll
0x00007fffc2100000 - 0x00007fffc21a9000 	C:\WINDOWS\System32\shcore.dll
0x00007fffbf0e0000 - 0x00007fffbf7ed000 	C:\WINDOWS\System32\windows.storage.dll
0x00007fffc0500000 - 0x00007fffc0551000 	C:\WINDOWS\System32\shlwapi.dll
0x00007fffbef40000 - 0x00007fffbef51000 	C:\WINDOWS\System32\kernel.appcore.dll
0x00007fffbefb0000 - 0x00007fffbefcf000 	C:\WINDOWS\System32\profapi.dll
0x00007fffbef60000 - 0x00007fffbefac000 	C:\WINDOWS\System32\powrprof.dll
0x00007fffbef30000 - 0x00007fffbef3a000 	C:\WINDOWS\System32\FLTLIB.DLL
0x00000168ad2a0000 - 0x00000168ad2a3000 	C:\Program Files\Java\jdk-10.0.2\bin\api-ms-win-core-console-l1-1-0.dll
0x00000168ad2b0000 - 0x00000168ad2b3000 	C:\Program Files\Java\jdk-10.0.2\bin\api-ms-win-core-datetime-l1-1-0.dll
0x00000168ad2c0000 - 0x00000168ad2c3000 	C:\Program Files\Java\jdk-10.0.2\bin\api-ms-win-core-debug-l1-1-0.dll
0x00000168ad2d0000 - 0x00000168ad2d3000 	C:\Program Files\Java\jdk-10.0.2\bin\api-ms-win-core-errorhandling-l1-1-0.dll
0x00000168ad2e0000 - 0x00000168ad2e4000 	C:\Program Files\Java\jdk-10.0.2\bin\api-ms-win-core-file-l1-1-0.dll
0x00000168ad2f0000 - 0x00000168ad2f3000 	C:\Program Files\Java\jdk-10.0.2\bin\api-ms-win-core-file-l1-2-0.dll
0x00000168ad300000 - 0x00000168ad303000 	C:\Program Files\Java\jdk-10.0.2\bin\api-ms-win-core-file-l2-1-0.dll
0x00000168ad310000 - 0x00000168ad313000 	C:\Program Files\Java\jdk-10.0.2\bin\api-ms-win-core-handle-l1-1-0.dll
0x00000168ad320000 - 0x00000168ad323000 	C:\Program Files\Java\jdk-10.0.2\bin\api-ms-win-core-heap-l1-1-0.dll
0x00000168ad330000 - 0x00000168ad333000 	C:\Program Files\Java\jdk-10.0.2\bin\api-ms-win-core-interlocked-l1-1-0.dll
0x00000168d49a0000 - 0x00000168d49a3000 	C:\Program Files\Java\jdk-10.0.2\bin\api-ms-win-core-libraryloader-l1-1-0.dll
0x00000168d49b0000 - 0x00000168d49b3000 	C:\Program Files\Java\jdk-10.0.2\bin\api-ms-win-core-localization-l1-2-0.dll
0x00000168d49c0000 - 0x00000168d49c3000 	C:\Program Files\Java\jdk-10.0.2\bin\api-ms-win-core-memory-l1-1-0.dll
0x00000168d49d0000 - 0x00000168d49d3000 	C:\Program Files\Java\jdk-10.0.2\bin\api-ms-win-core-namedpipe-l1-1-0.dll
0x00000168d49e0000 - 0x00000168d49e3000 	C:\Program Files\Java\jdk-10.0.2\bin\api-ms-win-core-processenvironment-l1-1-0.dll
0x00000168d49f0000 - 0x00000168d49f3000 	C:\Program Files\Java\jdk-10.0.2\bin\api-ms-win-core-processthreads-l1-1-0.dll
0x00000168d4a00000 - 0x00000168d4a03000 	C:\Program Files\Java\jdk-10.0.2\bin\api-ms-win-core-processthreads-l1-1-1.dll
0x00000168d4a10000 - 0x00000168d4a13000 	C:\Program Files\Java\jdk-10.0.2\bin\api-ms-win-core-profile-l1-1-0.dll
0x00000168d4a20000 - 0x00000168d4a23000 	C:\Program Files\Java\jdk-10.0.2\bin\api-ms-win-core-rtlsupport-l1-1-0.dll
0x00000168d4a30000 - 0x00000168d4a33000 	C:\Program Files\Java\jdk-10.0.2\bin\api-ms-win-core-string-l1-1-0.dll
0x00000168d4a40000 - 0x00000168d4a43000 	C:\Program Files\Java\jdk-10.0.2\bin\api-ms-win-core-synch-l1-1-0.dll
0x00000168d4a50000 - 0x00000168d4a53000 	C:\Program Files\Java\jdk-10.0.2\bin\api-ms-win-core-synch-l1-2-0.dll
0x00000168d4a60000 - 0x00000168d4a63000 	C:\Program Files\Java\jdk-10.0.2\bin\api-ms-win-core-sysinfo-l1-1-0.dll
0x00000168d4a70000 - 0x00000168d4a73000 	C:\Program Files\Java\jdk-10.0.2\bin\api-ms-win-core-timezone-l1-1-0.dll
0x00000168d4a80000 - 0x00000168d4a83000 	C:\Program Files\Java\jdk-10.0.2\bin\api-ms-win-core-util-l1-1-0.dll
0x00000168d4a90000 - 0x00000168d4a93000 	C:\Program Files\Java\jdk-10.0.2\bin\api-ms-win-crt-conio-l1-1-0.dll
0x00000168d4aa0000 - 0x00000168d4aa4000 	C:\Program Files\Java\jdk-10.0.2\bin\api-ms-win-crt-convert-l1-1-0.dll
0x00000168d4ab0000 - 0x00000168d4ab3000 	C:\Program Files\Java\jdk-10.0.2\bin\api-ms-win-crt-environment-l1-1-0.dll
0x00000168d4ac0000 - 0x00000168d4ac3000 	C:\Program Files\Java\jdk-10.0.2\bin\api-ms-win-crt-filesystem-l1-1-0.dll
0x00000168d4ad0000 - 0x00000168d4ad3000 	C:\Program Files\Java\jdk-10.0.2\bin\api-ms-win-crt-heap-l1-1-0.dll
0x00000168d4ae0000 - 0x00000168d4ae3000 	C:\Program Files\Java\jdk-10.0.2\bin\api-ms-win-crt-locale-l1-1-0.dll
0x00000168d4af0000 - 0x00000168d4af5000 	C:\Program Files\Java\jdk-10.0.2\bin\api-ms-win-crt-math-l1-1-0.dll
0x00000168d4b00000 - 0x00000168d4b05000 	C:\Program Files\Java\jdk-10.0.2\bin\api-ms-win-crt-multibyte-l1-1-0.dll
0x00000168d4b10000 - 0x00000168d4b20000 	C:\Program Files\Java\jdk-10.0.2\bin\api-ms-win-crt-private-l1-1-0.dll
0x00000168d4b20000 - 0x00000168d4b23000 	C:\Program Files\Java\jdk-10.0.2\bin\api-ms-win-crt-process-l1-1-0.dll
0x00000168d4b30000 - 0x00000168d4b34000 	C:\Program Files\Java\jdk-10.0.2\bin\api-ms-win-crt-runtime-l1-1-0.dll
0x00000168d4b40000 - 0x00000168d4b44000 	C:\Program Files\Java\jdk-10.0.2\bin\api-ms-win-crt-stdio-l1-1-0.dll
0x00000168d4b50000 - 0x00000168d4b54000 	C:\Program Files\Java\jdk-10.0.2\bin\api-ms-win-crt-string-l1-1-0.dll
0x00000168d4b60000 - 0x00000168d4b63000 	C:\Program Files\Java\jdk-10.0.2\bin\api-ms-win-crt-time-l1-1-0.dll
0x00000168d4b70000 - 0x00000168d4b73000 	C:\Program Files\Java\jdk-10.0.2\bin\api-ms-win-crt-utility-l1-1-0.dll
0x00007fffa0c70000 - 0x00007fffa0d66000 	C:\Program Files\Java\jdk-10.0.2\bin\ucrtbase.dll
0x00007fffbb010000 - 0x00007fffbb026000 	C:\Program Files\Java\jdk-10.0.2\bin\vcruntime140.dll
0x00007fffa1380000 - 0x00007fffa141c000 	C:\Program Files\Java\jdk-10.0.2\bin\msvcp140.dll
0x00007fff9dc50000 - 0x00007fff9dca1000 	C:\Program Files\Java\jdk-10.0.2\bin\concrt140.dll
0x00007fffb08f0000 - 0x00007fffb0913000 	C:\Program Files\Java\jdk-10.0.2\bin\prism_d3d.dll
0x00007fff81e20000 - 0x00007fff81fb7000 	C:\WINDOWS\system32\d3d9.dll
0x00007fffbd6c0000 - 0x00007fffbd6e9000 	C:\WINDOWS\SYSTEM32\dwmapi.dll
0x00007fffbd5e0000 - 0x00007fffbd678000 	C:\WINDOWS\system32\uxtheme.dll
0x00007fffb6240000 - 0x00007fffb632a000 	C:\WINDOWS\System32\DriverStore\FileRepository\nvdw.inf_amd64_3e99a8f1974383f2\nvldumdx.dll
0x00007fffbf7f0000 - 0x00007fffbf9d2000 	C:\WINDOWS\System32\crypt32.dll
0x00007fffbefd0000 - 0x00007fffbefe2000 	C:\WINDOWS\System32\MSASN1.dll
0x00007fffbfd00000 - 0x00007fffbfd57000 	C:\WINDOWS\System32\WINTRUST.DLL
0x00007fffc29f0000 - 0x00007fffc2a0d000 	C:\WINDOWS\System32\imagehlp.dll
0x00007fffbe900000 - 0x00007fffbe917000 	C:\WINDOWS\SYSTEM32\CRYPTSP.dll
0x00007fffbe330000 - 0x00007fffbe363000 	C:\WINDOWS\system32\rsaenh.dll
0x00007fffbea90000 - 0x00007fffbeab5000 	C:\WINDOWS\SYSTEM32\bcrypt.dll
0x00007fffbea10000 - 0x00007fffbea1b000 	C:\WINDOWS\SYSTEM32\CRYPTBASE.dll
0x00007fff910e0000 - 0x00007fff922b6000 	C:\WINDOWS\System32\DriverStore\FileRepository\nvdw.inf_amd64_3e99a8f1974383f2\nvd3dumx.dll
0x00007fffa0c20000 - 0x00007fffa0c6a000 	C:\Program Files\Java\jdk-10.0.2\bin\glass.dll
0x00007fffc0bc0000 - 0x00007fffc0cad000 	C:\WINDOWS\System32\COMDLG32.dll
0x00007fffc21b0000 - 0x00007fffc2301000 	C:\WINDOWS\System32\ole32.dll
0x00007fffc2310000 - 0x00007fffc23d2000 	C:\WINDOWS\System32\OLEAUT32.dll
0x00007fffc0160000 - 0x00007fffc02d5000 	C:\WINDOWS\System32\MSCTF.dll
0x00007fffb80f0000 - 0x00007fffb8102000 	C:\WINDOWS\SysWOW64\LskHook64.dll
0x00007fff9c5d0000 - 0x00007fff9c5ea000 	C:\Program Files\Java\jdk-10.0.2\bin\net.dll
0x00007fffbb210000 - 0x00007fffbb2ec000 	C:\WINDOWS\SYSTEM32\WINHTTP.dll
0x00007fffbe750000 - 0x00007fffbe7b6000 	C:\WINDOWS\system32\mswsock.dll
0x00007fff9c5b0000 - 0x00007fff9c5c1000 	C:\Program Files\Java\jdk-10.0.2\bin\nio.dll
0x00007fff72d80000 - 0x00007fff75ada000 	C:\CSC\opencv\build\java\x64\opencv_java342.dll
0x00007fffb80c0000 - 0x00007fffb80d8000 	C:\WINDOWS\SYSTEM32\AVICAP32.dll
0x00007fffb3fe0000 - 0x00007fffb3fff000 	C:\WINDOWS\SYSTEM32\AVIFIL32.dll
0x00007fffa00e0000 - 0x00007fffa02bb000 	C:\WINDOWS\SYSTEM32\MFPlat.DLL
0x00007fff9c720000 - 0x00007fff9c79b000 	C:\WINDOWS\SYSTEM32\MF.dll
0x00007fffa63b0000 - 0x00007fffa63d9000 	C:\WINDOWS\SYSTEM32\MSVFW32.dll
0x00007fffbbff0000 - 0x00007fffbc2fb000 	C:\WINDOWS\SYSTEM32\d3d11.dll
0x00007fffaeef0000 - 0x00007fffaef0c000 	C:\WINDOWS\SYSTEM32\MSACM32.dll
0x00007fffa16a0000 - 0x00007fffa1798000 	C:\WINDOWS\SYSTEM32\MFReadWrite.dll
0x00007fffbdcf0000 - 0x00007fffbddab000 	C:\WINDOWS\SYSTEM32\dxgi.dll
0x00007fff861e0000 - 0x00007fff8660e000 	C:\WINDOWS\SYSTEM32\MFCORE.DLL
0x00007fffbb060000 - 0x00007fffbb069000 	C:\WINDOWS\SYSTEM32\ksuser.dll
0x00007fffb36f0000 - 0x00007fffb371e000 	C:\WINDOWS\SYSTEM32\RTWorkQ.DLL
0x00007fffaebb0000 - 0x00007fffaebc4000 	C:\Program Files\Java\jdk-10.0.2\bin\javafx_font.dll
0x00007fff9cb40000 - 0x00007fff9ccdb000 	C:\Program Files\Java\jdk-10.0.2\bin\awt.dll
0x00007fffbc300000 - 0x00007fffbc8c7000 	C:\WINDOWS\SYSTEM32\d2d1.dll
0x00007fffbd190000 - 0x00007fffbd21b000 	C:\WINDOWS\SYSTEM32\apphelp.dll
0x00007fff9dbe0000 - 0x00007fff9dc45000 	C:\Program Files\Java\jdk-10.0.2\bin\fontmanager.dll

dbghelp: loaded successfully - version: 4.0.5 - missing functions: none
symbol engine: initialized successfully - sym options: 0x614 - pdb path: .;C:\Program Files\Java\jdk-10.0.2\bin;C:\WINDOWS\SYSTEM32;C:\WINDOWS\WinSxS\amd64_microsoft.windows.common-controls_6595b64144ccf1df_6.0.17134.285_none_fb4297e330656775;C:\Program Files\Java\jdk-10.0.2\bin\server;C:\WINDOWS\System32\DriverStore\FileRepository\nvdw.inf_amd64_3e99a8f1974383f2;C:\WINDOWS\SysWOW64;C:\CSC\opencv\build\java\x64;C:\Program Files\Common Files\Microsoft Shared\Ink;C:\PROGRA~1\MICROS~1\Office16;C:\PROGRA~1\MICROS~1\Office16\1033;C:\PROGRA~1\MICROS~1\Office14;C:\WINDOWS\WinSxS\amd64_microsoft.vc90.atl_1fc8b3b9a1e18e3b_9.0.30729.4148_none_0a1d2fcba76b3f00;C:\WINDOWS\WinSxS\amd64_microsoft.vc90.crt_1fc8b3b9a1e18e3b_9.0.30729.9415_none_08e0c10ba840a28a;C:\PROGRA~1\COMMON~1\MICROS~1\OFFICE14\Cultures;C:\PROGRA~1\MICROS~1\Office14\1033

VM Arguments:
jvm_args: -Djava.library.path=C:\CSC\opencv\build\java\x64 -Dfile.encoding=Cp1252 
java_command: edu.augustana.csc285.heron.Main
java_class_path (initial): H:\git\HeronRepo\ProjectHeron\bin;C:\CSC\opencv\build\java\opencv-342.jar;C:\CSC\eclipse\plugins\org.junit.jupiter.api_5.1.0.v20180327-1502.jar;C:\CSC\eclipse\plugins\org.junit.jupiter.engine_5.1.0.v20180327-1502.jar;C:\CSC\eclipse\plugins\org.junit.jupiter.migrationsupport_5.1.0.v20180327-1502.jar;C:\CSC\eclipse\plugins\org.junit.jupiter.params_5.1.0.v20180327-1502.jar;C:\CSC\eclipse\plugins\org.junit.platform.commons_1.1.0.v20180327-1502.jar;C:\CSC\eclipse\plugins\org.junit.platform.engine_1.1.0.v20180327-1502.jar;C:\CSC\eclipse\plugins\org.junit.platform.launcher_1.1.0.v20180327-1502.jar;C:\CSC\eclipse\plugins\org.junit.platform.runner_1.1.0.v20180327-1502.jar;C:\CSC\eclipse\plugins\org.junit.platform.suite.api_1.1.0.v20180327-1502.jar;C:\CSC\eclipse\plugins\org.junit.vintage.engine_5.1.0.v20180327-1502.jar;C:\CSC\eclipse\plugins\org.opentest4j_1.0.0.v20180327-1502.jar;C:\CSC\eclipse\plugins\org.apiguardian_1.0.0.v20180327-1502.jar;C:\CSC\eclipse\plugins\org.junit_4.12.0.v201504281640\junit.jar;C:\CSC\eclipse\plugins\org.hamcrest.core_1.3.0.v20180420-1519.jar;H:\git\HeronRepo\ProjectHeron\lib\gson-2.8.5.jar
Launcher Type: SUN_STANDARD

Logging:
Log output configuration:
#0: stdout all=warning uptime,level,tags
#1: stderr all=off uptime,level,tags

Environment Variables:
PATH=C:\Program Files (x86)\Common Files\Oracle\Java\javapath;C:\Program Files (x86)\AMD APP\bin\x86_64;C:\Program Files (x86)\AMD APP\bin\x86;C:\Program Files (x86)\Intel\iCLS Client\;C:\Program Files\Intel\iCLS Client\;C:\WINDOWS\system32;C:\WINDOWS;C:\WINDOWS\System32\Wbem;C:\WINDOWS\System32\WindowsPowerShell\v1.0\;C:\Program Files\leJOS EV3\bin;C:\Anaconda3;C:\Anaconda3\Scripts;C:\Anaconda3\Library\bin;C:\Program Files\MiKTeX 2.9\miktex\bin\x64\;C:\WINDOWS\System32\OpenSSH\;C:\Program Files\Git\cmd;C:\Users\ducmpham17\AppData\Local\Microsoft\WindowsApps;
USERNAME=ducmpham17
OS=Windows_NT
PROCESSOR_IDENTIFIER=Intel64 Family 6 Model 94 Stepping 3, GenuineIntel



---------------  S Y S T E M  ---------------

OS: Windows 10 , 64 bit Build 17134 (10.0.17134.1)

CPU:total 4 (initial active 4) (4 cores per cpu, 1 threads per core) family 6 model 94 stepping 3, cmov, cx8, fxsr, mmx, sse, sse2, sse3, ssse3, sse4.1, sse4.2, popcnt, avx, avx2, aes, clmul, erms, rtm, 3dnowpref, lzcnt, tsc, tscinvbit, bmi1, bmi2, adx, fma

Memory: 4k page, physical 16699076k(10295980k free), swap 33476292k(25772540k free)

vm_info: Java HotSpot(TM) 64-Bit Server VM (10.0.2+13) for windows-amd64 JRE (10.0.2+13), built on Jun 28 2018 01:57:56 by "mach5one" with MS VC++ 12.0 (VS2013)

END.
