#
# A fatal error has been detected by the Java Runtime Environment:
#
#  EXCEPTION_ACCESS_VIOLATION (0xc0000005) at pc=0x000007fecd31ae25, pid=3016, tid=4328
#
# JRE version: Java(TM) SE Runtime Environment (10.0.2+13) (build 10.0.2+13)
# Java VM: Java HotSpot(TM) 64-Bit Server VM (10.0.2+13, mixed mode, tiered, compressed oops, g1 gc, windows-amd64)
# Problematic frame:
# C  [opencv_java343.dll+0x163ae25]
#
# No core dump will be written. Minidumps are not enabled by default on client versions of Windows
#
# If you would like to submit a bug report, please visit:
#   http://bugreport.java.com/bugreport/crash.jsp
# The crash happened outside the Java Virtual Machine in native code.
# See problematic frame for where to report the bug.
#

---------------  S U M M A R Y ------------

Command Line: -Djava.library.path=C:\Users\CB\Desktop\opencv\build\java\x64 -Dfile.encoding=Cp1252 edu.augustana.csc285.heron.Main

Host: Intel(R) Core(TM) i7-2630QM CPU @ 2.00GHz, 8 cores, 7G,  Windows 7 , 64 bit Build 7601 (6.1.7601.18015)
Time: Sun Oct 28 16:20:02 2018 Central Daylight Time elapsed time: 86 seconds (0d 0h 1m 26s)

---------------  T H R E A D  ---------------

Current thread (0x0000000067b73000):  JavaThread "Finalizer" daemon [_thread_in_native, id=4328, stack(0x00000000680a0000,0x00000000681a0000)]

Stack: [0x00000000680a0000,0x00000000681a0000],  sp=0x000000006819ecd8,  free space=1019k
Native frames: (J=compiled Java code, j=interpreted, Vv=VM code, C=native code)
C  [opencv_java343.dll+0x163ae25]

Java frames: (J=compiled Java code, j=interpreted, Vv=VM code)
j  org.opencv.videoio.VideoCapture.delete(J)V+0
j  org.opencv.videoio.VideoCapture.finalize()V+4
j  java.lang.System$2.invokeFinalize(Ljava/lang/Object;)V+1 java.base@10.0.2
j  java.lang.ref.Finalizer.runFinalizer(Ljdk/internal/misc/JavaLangAccess;)V+46 java.base@10.0.2
j  java.lang.ref.Finalizer.access$100(Ljava/lang/ref/Finalizer;Ljdk/internal/misc/JavaLangAccess;)V+2 java.base@10.0.2
j  java.lang.ref.Finalizer$FinalizerThread.run()V+46 java.base@10.0.2
v  ~StubRoutines::call_stub

siginfo: EXCEPTION_ACCESS_VIOLATION (0xc0000005), reading address 0x000000006ce90d20


Register to memory mapping:

RIP=0x000007fecd31ae25 opencv_java343.dll
RAX=0x000007fecd31ae20 opencv_java343.dll
RBX={method} {0x0000000073dd2170} 'delete' '(J)V' in 'org/opencv/videoio/VideoCapture'
RCX=0x0000000067b73270 is an unknown value
RDX=0x000000006819ed70 is pointing into the stack for thread: 0x0000000067b73000
RSP=0x000000006819ecd8 is pointing into the stack for thread: 0x0000000067b73000
RBP=0x000000006819ed60 is pointing into the stack for thread: 0x0000000067b73000
RSI=0x00000000708c7df0 is pointing into metadata
RDI=0x0000000013119e60 is at code_begin+1664 in an Interpreter codelet
invoke return entry points  [0x00000000131197e0, 0x000000001311a1c0]  2528 bytes
R8 =0x000000006ce90d20 is an unknown value
R9 =0x0000000067b688a0 is an unknown value
R10=0x000000001311ec61 is at code_begin+929 in an Interpreter codelet
method entry point (kind = native)  [0x000000001311e8c0, 0x000000001311f360]  2720 bytes
R11=0x0000000087629b80 is an oop
java.lang.Class 
{0x0000000087629b80} - klass: 'java/lang/Class'
R12=0x0000000000000000 is an unknown value
R13={method} {0x0000000073dd2170} 'delete' '(J)V' in 'org/opencv/videoio/VideoCapture'
R14=0x000000006819ed88 is pointing into the stack for thread: 0x0000000067b73000
R15=0x0000000067b73000 is a thread


Registers:
RAX=0x000007fecd31ae20, RBX=0x0000000073dd2168, RCX=0x0000000067b73270, RDX=0x000000006819ed70
RSP=0x000000006819ecd8, RBP=0x000000006819ed60, RSI=0x00000000708c7df0, RDI=0x0000000013119e60
R8 =0x000000006ce90d20, R9 =0x0000000067b688a0, R10=0x000000001311ec61, R11=0x0000000087629b80
R12=0x0000000000000000, R13=0x0000000073dd2168, R14=0x000000006819ed88, R15=0x0000000067b73000
RIP=0x000007fecd31ae25, EFLAGS=0x0000000000010202

Top of Stack: (sp=0x000000006819ecd8)
0x000000006819ecd8:   000000001311ec90 0000000013119e60
0x000000006819ece8:   000000001311e9c2 0000000073dd2168
0x000000006819ecf8:   000000006819ed60 00000000708c7df0
0x000000006819ed08:   00000000708c7df0 000000001311e976
0x000000006819ed18:   000000006819ed18 0000000073dd2168
0x000000006819ed28:   000000006819ed88 0000000073dd2600
0x000000006819ed38:   0000000000000000 0000000087629b80
0x000000006819ed48:   0000000073dd2168 0000000000000000
0x000000006819ed58:   000000006819ed80 000000006819edd8
0x000000006819ed68:   000000001311a0d7 0000000087629b80
0x000000006819ed78:   000000001311bff8 000000006ce90d20
0x000000006819ed88:   0000000000000000 000000006819ed90
0x000000006819ed98:   0000000073dd16bc 000000006819ede8
0x000000006819eda8:   0000000073dd2600 0000000000000000
0x000000006819edb8:   0000000087629b80 0000000073dd16d8
0x000000006819edc8:   000000006819ed80 000000006819ede8 

Instructions: (pc=0x000007fecd31ae25)
0x000007fecd31ae05:   09 48 8b c8 e8 62 d2 65 00 90 eb 02 33 c0 48 83
0x000007fecd31ae15:   c4 38 c3 cc cc cc cc cc cc cc cc 4d 85 c0 74 0e
0x000007fecd31ae25:   49 8b 00 ba 01 00 00 00 49 8b c8 48 ff 20 c3 cc
0x000007fecd31ae35:   cc cc cc cc cc cc cc cc cc cc cc 48 89 4c 24 08 



---------------  P R O C E S S  ---------------

Threads class SMR info:
_java_thread_list=0x000000006b6de980, length=20, elements={
0x0000000000453000, 0x0000000067b6a800, 0x0000000067b73000, 0x0000000067b79000,
0x0000000067b7b000, 0x0000000067b7e000, 0x0000000067b82000, 0x0000000067b83800,
0x0000000067b8c000, 0x0000000068a18800, 0x0000000068bd2000, 0x0000000068bd7800,
0x0000000069485800, 0x0000000069abf800, 0x000000006964c800, 0x0000000069c22800,
0x0000000068bd3800, 0x000000006addb000, 0x000000006b608800, 0x000000006b544000
}

Java Threads: ( => current thread )
  0x0000000000453000 JavaThread "main" [_thread_blocked, id=8908, stack(0x00000000022b0000,0x00000000023b0000)]
  0x0000000067b6a800 JavaThread "Reference Handler" daemon [_thread_blocked, id=3076, stack(0x0000000067ef0000,0x0000000067ff0000)]
=>0x0000000067b73000 JavaThread "Finalizer" daemon [_thread_in_native, id=4328, stack(0x00000000680a0000,0x00000000681a0000)]
  0x0000000067b79000 JavaThread "Signal Dispatcher" daemon [_thread_blocked, id=11176, stack(0x00000000682a0000,0x00000000683a0000)]
  0x0000000067b7b000 JavaThread "Attach Listener" daemon [_thread_blocked, id=8956, stack(0x0000000067dc0000,0x0000000067ec0000)]
  0x0000000067b7e000 JavaThread "C2 CompilerThread0" daemon [_thread_blocked, id=7492, stack(0x0000000068510000,0x0000000068610000)]
  0x0000000067b82000 JavaThread "C2 CompilerThread1" daemon [_thread_blocked, id=8356, stack(0x0000000068410000,0x0000000068510000)]
  0x0000000067b83800 JavaThread "C2 CompilerThread2" daemon [_thread_blocked, id=9236, stack(0x0000000068710000,0x0000000068810000)]
  0x0000000067b8c000 JavaThread "C1 CompilerThread3" daemon [_thread_blocked, id=3668, stack(0x0000000068910000,0x0000000068a10000)]
  0x0000000068a18800 JavaThread "Sweeper thread" daemon [_thread_blocked, id=2124, stack(0x0000000068810000,0x0000000068910000)]
  0x0000000068bd2000 JavaThread "Service Thread" daemon [_thread_blocked, id=9324, stack(0x0000000068f00000,0x0000000069000000)]
  0x0000000068bd7800 JavaThread "Common-Cleaner" daemon [_thread_blocked, id=9636, stack(0x00000000691c0000,0x00000000692c0000)]
  0x0000000069485800 JavaThread "QuantumRenderer-0" daemon [_thread_blocked, id=4688, stack(0x00000000681a0000,0x00000000682a0000)]
  0x0000000069abf800 JavaThread "InvokeLaterDispatcher" daemon [_thread_blocked, id=1472, stack(0x0000000069ec0000,0x0000000069fc0000)]
  0x000000006964c800 JavaThread "JavaFX Application Thread" [_thread_in_native, id=6708, stack(0x000000006a8f0000,0x000000006a9f0000)]
  0x0000000069c22800 JavaThread "Thread-1" daemon [_thread_in_native, id=8456, stack(0x000000006d6d0000,0x000000006d7d0000)]
  0x0000000068bd3800 JavaThread "JavaFX-Launcher" [_thread_blocked, id=6108, stack(0x000000006d2e0000,0x000000006d3e0000)]
  0x000000006addb000 JavaThread "Java2D Disposer" daemon [_thread_blocked, id=10144, stack(0x000000006e240000,0x000000006e340000)]
  0x000000006b608800 JavaThread "Prism Font Disposer" daemon [_thread_blocked, id=404, stack(0x000000006ea30000,0x000000006eb30000)]
  0x000000006b544000 JavaThread "Cleaner-0" daemon [_thread_blocked, id=6980, stack(0x0000000072310000,0x0000000072410000)]

Other Threads:
  0x0000000067b67000 VMThread "VM Thread" [stack: 0x0000000067c20000,0x0000000067d20000] [id=8764]
  0x0000000068bd8000 WatcherThread [stack: 0x0000000069360000,0x0000000069460000] [id=11128]
  0x000000000046b000 GCTaskThread "GC Thread#0" [stack: 0x0000000002940000,0x0000000002a40000] [id=10900]
  0x000000000046c800 GCTaskThread "GC Thread#1" [stack: 0x0000000002a60000,0x0000000002b60000] [id=8896]
  0x0000000000470800 GCTaskThread "GC Thread#2" [stack: 0x0000000002d20000,0x0000000002e20000] [id=9424]
  0x0000000000472000 GCTaskThread "GC Thread#3" [stack: 0x0000000002e30000,0x0000000002f30000] [id=7472]
  0x0000000000473800 GCTaskThread "GC Thread#4" [stack: 0x0000000002be0000,0x0000000002ce0000] [id=10464]
  0x0000000000475000 GCTaskThread "GC Thread#5" [stack: 0x0000000002fb0000,0x00000000030b0000] [id=4316]
  0x0000000000478800 GCTaskThread "GC Thread#6" [stack: 0x0000000003270000,0x0000000003370000] [id=10536]
  0x000000000048b000 GCTaskThread "GC Thread#7" [stack: 0x0000000003460000,0x0000000003560000] [id=9248]
  0x00000000004af800 ConcurrentGCThread "G1 Main Marker" [stack: 0x00000000069e0000,0x0000000006ae0000] [id=8824]
  0x00000000068f2800 ConcurrentGCThread "G1 Conc#0" [stack: 0x0000000006b20000,0x0000000006c20000] [id=10648]
  0x00000000068f3800 ConcurrentGCThread "G1 Conc#1" [stack: 0x0000000006ca0000,0x0000000006da0000] [id=7092]
  0x000000000697d000 ConcurrentGCThread "G1 Refine#0" [stack: 0x00000000265e0000,0x00000000266e0000] [id=7008]
  0x000000000697f800 ConcurrentGCThread "G1 Refine#1" [stack: 0x0000000026750000,0x0000000026850000] [id=6036]
  0x0000000006980800 ConcurrentGCThread "G1 Refine#2" [stack: 0x0000000026920000,0x0000000026a20000] [id=7628]
  0x0000000006981800 ConcurrentGCThread "G1 Refine#3" [stack: 0x0000000026440000,0x0000000026540000] [id=10836]
  0x0000000006982800 ConcurrentGCThread "G1 Refine#4" [stack: 0x0000000026af0000,0x0000000026bf0000] [id=6116]
  0x0000000006983800 ConcurrentGCThread "G1 Refine#5" [stack: 0x0000000026c80000,0x0000000026d80000] [id=4432]
  0x0000000006988800 ConcurrentGCThread "G1 Refine#6" [stack: 0x0000000026dd0000,0x0000000026ed0000] [id=3452]
  0x000000000698b000 ConcurrentGCThread "G1 Refine#7" [stack: 0x0000000026fa0000,0x00000000270a0000] [id=10272]
  0x000000000698c000 ConcurrentGCThread "G1 Young RemSet Sampling" [stack: 0x00000000270f0000,0x00000000271f0000] [id=1304]

Threads with active compile tasks:

VM state:not at safepoint (normal execution)

VM Mutex/Monitor currently owned by a thread: None

Heap address: 0x0000000080c00000, size: 2036 MB, Compressed Oops mode: 32-bit
Narrow klass base: 0x0000000000000000, Narrow klass shift: 0
Compressed class space size: 1073741824 Address: 0x00000000271f0000

Heap:
 garbage-first heap   total 131072K, used 20598K [0x0000000080c00000, 0x0000000100000000)
  region size 1024K, 5 young (5120K), 3 survivors (3072K)
 Metaspace       used 29641K, capacity 30493K, committed 30844K, reserved 1077248K
  class space    used 3532K, capacity 3951K, committed 3964K, reserved 1048576K
Heap Regions: E=young(eden), S=young(survivor), O=old, HS=humongous(starts), HC=humongous(continues), CS=collection set, F=free, A=archive, TS=gc time stamp, AC=allocation context, TAMS=top-at-mark-start (previous, next)
|   0|0x0000000080c00000, 0x0000000080d00000, 0x0000000080d00000|100%| O|  |TS  0|AC  0|TAMS 0x0000000080d00000, 0x0000000080d00000|
|   1|0x0000000080d00000, 0x0000000080e00000, 0x0000000080e00000|100%| O|  |TS  0|AC  0|TAMS 0x0000000080e00000, 0x0000000080e00000|
|   2|0x0000000080e00000, 0x0000000080f00000, 0x0000000080f00000|100%| O|  |TS  0|AC  0|TAMS 0x0000000080f00000, 0x0000000080f00000|
|   3|0x0000000080f00000, 0x0000000081000000, 0x0000000081000000|100%|HS|  |TS  0|AC  0|TAMS 0x0000000081000000, 0x0000000081000000|
|   4|0x0000000081000000, 0x0000000081100000, 0x0000000081100000|100%|HC|  |TS  0|AC  0|TAMS 0x0000000081100000, 0x0000000081100000|
|   5|0x0000000081100000, 0x0000000081200000, 0x0000000081200000|100%| O|  |TS  0|AC  0|TAMS 0x0000000081200000, 0x0000000081200000|
|   6|0x0000000081200000, 0x0000000081300000, 0x0000000081300000|100%| O|  |TS  0|AC  0|TAMS 0x0000000081300000, 0x0000000081300000|
|   7|0x0000000081300000, 0x0000000081400000, 0x0000000081400000|100%| O|  |TS  0|AC  0|TAMS 0x0000000081400000, 0x0000000081400000|
|   8|0x0000000081400000, 0x0000000081421400, 0x0000000081500000| 12%| O|  |TS  0|AC  0|TAMS 0x0000000081421400, 0x0000000081421400|
|   9|0x0000000081500000, 0x0000000081600000, 0x0000000081600000|100%|HS|  |TS  0|AC  0|TAMS 0x0000000081500000, 0x0000000081500000|
|  10|0x0000000081600000, 0x0000000081600000, 0x0000000081700000|  0%| F|  |TS  0|AC  0|TAMS 0x0000000081600000, 0x0000000081600000|
|  11|0x0000000081700000, 0x0000000081700000, 0x0000000081800000|  0%| F|  |TS  0|AC  0|TAMS 0x0000000081700000, 0x0000000081700000|
|  12|0x0000000081800000, 0x0000000081800000, 0x0000000081900000|  0%| F|  |TS  0|AC  0|TAMS 0x0000000081800000, 0x0000000081800000|
|  13|0x0000000081900000, 0x0000000081a00000, 0x0000000081a00000|100%|HS|  |TS  0|AC  0|TAMS 0x0000000081900000, 0x0000000081900000|
|  14|0x0000000081a00000, 0x0000000081b00000, 0x0000000081b00000|100%|HS|  |TS  0|AC  0|TAMS 0x0000000081a00000, 0x0000000081a00000|
|  15|0x0000000081b00000, 0x0000000081c00000, 0x0000000081c00000|100%|HC|  |TS  0|AC  0|TAMS 0x0000000081b00000, 0x0000000081b00000|
|  16|0x0000000081c00000, 0x0000000081c00000, 0x0000000081d00000|  0%| F|  |TS  0|AC  0|TAMS 0x0000000081c00000, 0x0000000081c00000|
|  17|0x0000000081d00000, 0x0000000081d00000, 0x0000000081e00000|  0%| F|  |TS  0|AC  0|TAMS 0x0000000081d00000, 0x0000000081d00000|
|  18|0x0000000081e00000, 0x0000000081e00000, 0x0000000081f00000|  0%| F|  |TS  0|AC  0|TAMS 0x0000000081e00000, 0x0000000081e00000|
|  19|0x0000000081f00000, 0x0000000082000000, 0x0000000082000000|100%|HS|  |TS  0|AC  0|TAMS 0x0000000081f00000, 0x0000000081f00000|
|  20|0x0000000082000000, 0x0000000082100000, 0x0000000082100000|100%|HC|  |TS  0|AC  0|TAMS 0x0000000082000000, 0x0000000082000000|
|  21|0x0000000082100000, 0x0000000082100000, 0x0000000082200000|  0%| F|  |TS  0|AC  0|TAMS 0x0000000082100000, 0x0000000082100000|
|  22|0x0000000082200000, 0x0000000082200000, 0x0000000082300000|  0%| F|  |TS  0|AC  0|TAMS 0x0000000082200000, 0x0000000082200000|
|  23|0x0000000082300000, 0x0000000082300000, 0x0000000082400000|  0%| F|  |TS  0|AC  0|TAMS 0x0000000082300000, 0x0000000082300000|
|  24|0x0000000082400000, 0x0000000082400000, 0x0000000082500000|  0%| F|  |TS  0|AC  0|TAMS 0x0000000082400000, 0x0000000082400000|
|  25|0x0000000082500000, 0x0000000082500000, 0x0000000082600000|  0%| F|  |TS  0|AC  0|TAMS 0x0000000082500000, 0x0000000082500000|
|  26|0x0000000082600000, 0x0000000082600000, 0x0000000082700000|  0%| F|  |TS  0|AC  0|TAMS 0x0000000082600000, 0x0000000082600000|
|  27|0x0000000082700000, 0x0000000082700000, 0x0000000082800000|  0%| F|  |TS  0|AC  0|TAMS 0x0000000082700000, 0x0000000082700000|
|  28|0x0000000082800000, 0x0000000082800000, 0x0000000082900000|  0%| F|  |TS  0|AC  0|TAMS 0x0000000082800000, 0x0000000082800000|
|  29|0x0000000082900000, 0x0000000082900000, 0x0000000082a00000|  0%| F|  |TS  0|AC  0|TAMS 0x0000000082900000, 0x0000000082900000|
|  30|0x0000000082a00000, 0x0000000082a00000, 0x0000000082b00000|  0%| F|  |TS  0|AC  0|TAMS 0x0000000082a00000, 0x0000000082a00000|
|  31|0x0000000082b00000, 0x0000000082b00000, 0x0000000082c00000|  0%| F|  |TS  0|AC  0|TAMS 0x0000000082b00000, 0x0000000082b00000|
|  32|0x0000000082c00000, 0x0000000082c00000, 0x0000000082d00000|  0%| F|  |TS  0|AC  0|TAMS 0x0000000082c00000, 0x0000000082c00000|
|  33|0x0000000082d00000, 0x0000000082d00000, 0x0000000082e00000|  0%| F|  |TS  0|AC  0|TAMS 0x0000000082d00000, 0x0000000082d00000|
|  34|0x0000000082e00000, 0x0000000082e00000, 0x0000000082f00000|  0%| F|  |TS  0|AC  0|TAMS 0x0000000082e00000, 0x0000000082e00000|
|  35|0x0000000082f00000, 0x0000000082f00000, 0x0000000083000000|  0%| F|  |TS  0|AC  0|TAMS 0x0000000082f00000, 0x0000000082f00000|
|  36|0x0000000083000000, 0x0000000083000000, 0x0000000083100000|  0%| F|  |TS  0|AC  0|TAMS 0x0000000083000000, 0x0000000083000000|
|  37|0x0000000083100000, 0x0000000083100000, 0x0000000083200000|  0%| F|  |TS  0|AC  0|TAMS 0x0000000083100000, 0x0000000083100000|
|  38|0x0000000083200000, 0x0000000083200000, 0x0000000083300000|  0%| F|  |TS  0|AC  0|TAMS 0x0000000083200000, 0x0000000083200000|
|  39|0x0000000083300000, 0x0000000083300000, 0x0000000083400000|  0%| F|  |TS  0|AC  0|TAMS 0x0000000083300000, 0x0000000083300000|
|  40|0x0000000083400000, 0x0000000083400000, 0x0000000083500000|  0%| F|  |TS  0|AC  0|TAMS 0x0000000083400000, 0x0000000083400000|
|  41|0x0000000083500000, 0x0000000083500000, 0x0000000083600000|  0%| F|  |TS  0|AC  0|TAMS 0x0000000083500000, 0x0000000083500000|
|  42|0x0000000083600000, 0x0000000083600000, 0x0000000083700000|  0%| F|  |TS  0|AC  0|TAMS 0x0000000083600000, 0x0000000083600000|
|  43|0x0000000083700000, 0x0000000083700000, 0x0000000083800000|  0%| F|  |TS  0|AC  0|TAMS 0x0000000083700000, 0x0000000083700000|
|  44|0x0000000083800000, 0x0000000083800000, 0x0000000083900000|  0%| F|  |TS  0|AC  0|TAMS 0x0000000083800000, 0x0000000083800000|
|  45|0x0000000083900000, 0x0000000083900000, 0x0000000083a00000|  0%| F|  |TS  0|AC  0|TAMS 0x0000000083900000, 0x0000000083900000|
|  46|0x0000000083a00000, 0x0000000083a00000, 0x0000000083b00000|  0%| F|  |TS  0|AC  0|TAMS 0x0000000083a00000, 0x0000000083a00000|
|  47|0x0000000083b00000, 0x0000000083b00000, 0x0000000083c00000|  0%| F|  |TS  0|AC  0|TAMS 0x0000000083b00000, 0x0000000083b00000|
|  48|0x0000000083c00000, 0x0000000083c00000, 0x0000000083d00000|  0%| F|  |TS  0|AC  0|TAMS 0x0000000083c00000, 0x0000000083c00000|
|  49|0x0000000083d00000, 0x0000000083d00000, 0x0000000083e00000|  0%| F|  |TS  0|AC  0|TAMS 0x0000000083d00000, 0x0000000083d00000|
|  50|0x0000000083e00000, 0x0000000083e00000, 0x0000000083f00000|  0%| F|  |TS  0|AC  0|TAMS 0x0000000083e00000, 0x0000000083e00000|
|  51|0x0000000083f00000, 0x0000000083f00000, 0x0000000084000000|  0%| F|  |TS  0|AC  0|TAMS 0x0000000083f00000, 0x0000000083f00000|
|  52|0x0000000084000000, 0x0000000084000000, 0x0000000084100000|  0%| F|  |TS  0|AC  0|TAMS 0x0000000084000000, 0x0000000084000000|
|  53|0x0000000084100000, 0x0000000084100000, 0x0000000084200000|  0%| F|  |TS  0|AC  0|TAMS 0x0000000084100000, 0x0000000084100000|
|  54|0x0000000084200000, 0x0000000084200000, 0x0000000084300000|  0%| F|  |TS  0|AC  0|TAMS 0x0000000084200000, 0x0000000084200000|
|  55|0x0000000084300000, 0x0000000084400000, 0x0000000084400000|100%|HS|  |TS  0|AC  0|TAMS 0x0000000084400000, 0x0000000084400000|
|  56|0x0000000084400000, 0x0000000084500000, 0x0000000084500000|100%|HC|  |TS  0|AC  0|TAMS 0x0000000084500000, 0x0000000084500000|
|  57|0x0000000084500000, 0x0000000084500000, 0x0000000084600000|  0%| F|  |TS  0|AC  0|TAMS 0x0000000084500000, 0x0000000084500000|
|  58|0x0000000084600000, 0x0000000084600000, 0x0000000084700000|  0%| F|  |TS  0|AC  0|TAMS 0x0000000084600000, 0x0000000084600000|
|  59|0x0000000084700000, 0x0000000084700000, 0x0000000084800000|  0%| F|  |TS  0|AC  0|TAMS 0x0000000084700000, 0x0000000084700000|
|  60|0x0000000084800000, 0x0000000084800000, 0x0000000084900000|  0%| F|  |TS  0|AC  0|TAMS 0x0000000084800000, 0x0000000084800000|
|  61|0x0000000084900000, 0x0000000084900000, 0x0000000084a00000|  0%| F|  |TS  0|AC  0|TAMS 0x0000000084900000, 0x0000000084900000|
|  62|0x0000000084a00000, 0x0000000084a00000, 0x0000000084b00000|  0%| F|  |TS  0|AC  0|TAMS 0x0000000084a00000, 0x0000000084a00000|
|  63|0x0000000084b00000, 0x0000000084b00000, 0x0000000084c00000|  0%| F|  |TS  0|AC  0|TAMS 0x0000000084b00000, 0x0000000084b00000|
|  64|0x0000000084c00000, 0x0000000084c00000, 0x0000000084d00000|  0%| F|  |TS  0|AC  0|TAMS 0x0000000084c00000, 0x0000000084c00000|
|  65|0x0000000084d00000, 0x0000000084d00000, 0x0000000084e00000|  0%| F|  |TS  0|AC  0|TAMS 0x0000000084d00000, 0x0000000084d00000|
|  66|0x0000000084e00000, 0x0000000084e00000, 0x0000000084f00000|  0%| F|  |TS  0|AC  0|TAMS 0x0000000084e00000, 0x0000000084e00000|
|  67|0x0000000084f00000, 0x0000000084f00000, 0x0000000085000000|  0%| F|  |TS  0|AC  0|TAMS 0x0000000084f00000, 0x0000000084f00000|
|  68|0x0000000085000000, 0x0000000085000000, 0x0000000085100000|  0%| F|  |TS  0|AC  0|TAMS 0x0000000085000000, 0x0000000085000000|
|  69|0x0000000085100000, 0x0000000085100000, 0x0000000085200000|  0%| F|  |TS  0|AC  0|TAMS 0x0000000085100000, 0x0000000085100000|
|  70|0x0000000085200000, 0x0000000085200000, 0x0000000085300000|  0%| F|  |TS  0|AC  0|TAMS 0x0000000085200000, 0x0000000085200000|
|  71|0x0000000085300000, 0x0000000085300000, 0x0000000085400000|  0%| F|  |TS  0|AC  0|TAMS 0x0000000085300000, 0x0000000085300000|
|  72|0x0000000085400000, 0x0000000085400000, 0x0000000085500000|  0%| F|  |TS  0|AC  0|TAMS 0x0000000085400000, 0x0000000085400000|
|  73|0x0000000085500000, 0x0000000085500000, 0x0000000085600000|  0%| F|  |TS  0|AC  0|TAMS 0x0000000085500000, 0x0000000085500000|
|  74|0x0000000085600000, 0x0000000085600000, 0x0000000085700000|  0%| F|  |TS  0|AC  0|TAMS 0x0000000085600000, 0x0000000085600000|
|  75|0x0000000085700000, 0x0000000085700000, 0x0000000085800000|  0%| F|  |TS  0|AC  0|TAMS 0x0000000085700000, 0x0000000085700000|
|  76|0x0000000085800000, 0x0000000085800000, 0x0000000085900000|  0%| F|  |TS  0|AC  0|TAMS 0x0000000085800000, 0x0000000085800000|
|  77|0x0000000085900000, 0x0000000085900000, 0x0000000085a00000|  0%| F|  |TS  0|AC  0|TAMS 0x0000000085900000, 0x0000000085900000|
|  78|0x0000000085a00000, 0x0000000085a00000, 0x0000000085b00000|  0%| F|  |TS  0|AC  0|TAMS 0x0000000085a00000, 0x0000000085a00000|
|  79|0x0000000085b00000, 0x0000000085b00000, 0x0000000085c00000|  0%| F|  |TS  0|AC  0|TAMS 0x0000000085b00000, 0x0000000085b00000|
|  80|0x0000000085c00000, 0x0000000085c00000, 0x0000000085d00000|  0%| F|  |TS  0|AC  0|TAMS 0x0000000085c00000, 0x0000000085c00000|
|  81|0x0000000085d00000, 0x0000000085d00000, 0x0000000085e00000|  0%| F|  |TS  0|AC  0|TAMS 0x0000000085d00000, 0x0000000085d00000|
|  82|0x0000000085e00000, 0x0000000085e00000, 0x0000000085f00000|  0%| F|  |TS  0|AC  0|TAMS 0x0000000085e00000, 0x0000000085e00000|
|  83|0x0000000085f00000, 0x0000000085f00000, 0x0000000086000000|  0%| F|  |TS  0|AC  0|TAMS 0x0000000085f00000, 0x0000000085f00000|
|  84|0x0000000086000000, 0x0000000086000000, 0x0000000086100000|  0%| F|  |TS  0|AC  0|TAMS 0x0000000086000000, 0x0000000086000000|
|  85|0x0000000086100000, 0x0000000086100000, 0x0000000086200000|  0%| F|  |TS  0|AC  0|TAMS 0x0000000086100000, 0x0000000086100000|
|  86|0x0000000086200000, 0x0000000086200000, 0x0000000086300000|  0%| F|  |TS  0|AC  0|TAMS 0x0000000086200000, 0x0000000086200000|
|  87|0x0000000086300000, 0x0000000086300000, 0x0000000086400000|  0%| F|  |TS  0|AC  0|TAMS 0x0000000086300000, 0x0000000086300000|
|  88|0x0000000086400000, 0x0000000086400000, 0x0000000086500000|  0%| F|  |TS  0|AC  0|TAMS 0x0000000086400000, 0x0000000086400000|
|  89|0x0000000086500000, 0x0000000086500000, 0x0000000086600000|  0%| F|  |TS  0|AC  0|TAMS 0x0000000086500000, 0x0000000086500000|
|  90|0x0000000086600000, 0x0000000086600000, 0x0000000086700000|  0%| F|  |TS  0|AC  0|TAMS 0x0000000086600000, 0x0000000086600000|
|  91|0x0000000086700000, 0x0000000086700000, 0x0000000086800000|  0%| F|  |TS  0|AC  0|TAMS 0x0000000086700000, 0x0000000086700000|
|  92|0x0000000086800000, 0x0000000086800000, 0x0000000086900000|  0%| F|  |TS  0|AC  0|TAMS 0x0000000086800000, 0x0000000086800000|
|  93|0x0000000086900000, 0x0000000086900000, 0x0000000086a00000|  0%| F|  |TS  0|AC  0|TAMS 0x0000000086900000, 0x0000000086900000|
|  94|0x0000000086a00000, 0x0000000086a00000, 0x0000000086b00000|  0%| F|  |TS  0|AC  0|TAMS 0x0000000086a00000, 0x0000000086a00000|
|  95|0x0000000086b00000, 0x0000000086b00000, 0x0000000086c00000|  0%| F|  |TS  0|AC  0|TAMS 0x0000000086b00000, 0x0000000086b00000|
|  96|0x0000000086c00000, 0x0000000086c00000, 0x0000000086d00000|  0%| F|  |TS  0|AC  0|TAMS 0x0000000086c00000, 0x0000000086c00000|
|  97|0x0000000086d00000, 0x0000000086d00000, 0x0000000086e00000|  0%| F|  |TS  0|AC  0|TAMS 0x0000000086d00000, 0x0000000086d00000|
|  98|0x0000000086e00000, 0x0000000086e00000, 0x0000000086f00000|  0%| F|  |TS  0|AC  0|TAMS 0x0000000086e00000, 0x0000000086e00000|
|  99|0x0000000086f00000, 0x0000000086f00000, 0x0000000087000000|  0%| F|  |TS  0|AC  0|TAMS 0x0000000086f00000, 0x0000000086f00000|
| 100|0x0000000087000000, 0x0000000087000000, 0x0000000087100000|  0%| F|  |TS  0|AC  0|TAMS 0x0000000087000000, 0x0000000087000000|
| 101|0x0000000087100000, 0x0000000087100000, 0x0000000087200000|  0%| F|  |TS  0|AC  0|TAMS 0x0000000087100000, 0x0000000087100000|
| 102|0x0000000087200000, 0x0000000087200000, 0x0000000087300000|  0%| F|  |TS  0|AC  0|TAMS 0x0000000087200000, 0x0000000087200000|
| 103|0x0000000087300000, 0x0000000087300000, 0x0000000087400000|  0%| F|  |TS  0|AC  0|TAMS 0x0000000087300000, 0x0000000087300000|
| 104|0x0000000087400000, 0x00000000874fc5a0, 0x0000000087500000| 98%| S|CS|TS  0|AC  0|TAMS 0x0000000087400000, 0x0000000087400000|
| 105|0x0000000087500000, 0x0000000087600000, 0x0000000087600000|100%| S|CS|TS  0|AC  0|TAMS 0x0000000087500000, 0x0000000087500000|
| 106|0x0000000087600000, 0x0000000087700000, 0x0000000087700000|100%| S|CS|TS  0|AC  0|TAMS 0x0000000087600000, 0x0000000087600000|
| 107|0x0000000087700000, 0x0000000087700000, 0x0000000087800000|  0%| F|  |TS  0|AC  0|TAMS 0x0000000087700000, 0x0000000087700000|
| 108|0x0000000087800000, 0x0000000087800000, 0x0000000087900000|  0%| F|  |TS  0|AC  0|TAMS 0x0000000087800000, 0x0000000087800000|
| 109|0x0000000087900000, 0x0000000087900000, 0x0000000087a00000|  0%| F|  |TS  0|AC  0|TAMS 0x0000000087900000, 0x0000000087900000|
| 110|0x0000000087a00000, 0x0000000087a00000, 0x0000000087b00000|  0%| F|  |TS  0|AC  0|TAMS 0x0000000087a00000, 0x0000000087a00000|
| 111|0x0000000087b00000, 0x0000000087b00000, 0x0000000087c00000|  0%| F|  |TS  0|AC  0|TAMS 0x0000000087b00000, 0x0000000087b00000|
| 112|0x0000000087c00000, 0x0000000087c00000, 0x0000000087d00000|  0%| F|  |TS  0|AC  0|TAMS 0x0000000087c00000, 0x0000000087c00000|
| 113|0x0000000087d00000, 0x0000000087d00000, 0x0000000087e00000|  0%| F|  |TS  0|AC  0|TAMS 0x0000000087d00000, 0x0000000087d00000|
| 114|0x0000000087e00000, 0x0000000087e00000, 0x0000000087f00000|  0%| F|  |TS  0|AC  0|TAMS 0x0000000087e00000, 0x0000000087e00000|
| 115|0x0000000087f00000, 0x0000000087f00000, 0x0000000088000000|  0%| F|  |TS  0|AC  0|TAMS 0x0000000087f00000, 0x0000000087f00000|
| 116|0x0000000088000000, 0x0000000088000000, 0x0000000088100000|  0%| F|  |TS  0|AC  0|TAMS 0x0000000088000000, 0x0000000088000000|
| 117|0x0000000088100000, 0x0000000088100000, 0x0000000088200000|  0%| F|  |TS  0|AC  0|TAMS 0x0000000088100000, 0x0000000088100000|
| 118|0x0000000088200000, 0x0000000088200000, 0x0000000088300000|  0%| F|  |TS  0|AC  0|TAMS 0x0000000088200000, 0x0000000088200000|
| 119|0x0000000088300000, 0x0000000088300000, 0x0000000088400000|  0%| F|  |TS  0|AC  0|TAMS 0x0000000088300000, 0x0000000088300000|
| 120|0x0000000088400000, 0x0000000088400000, 0x0000000088500000|  0%| F|  |TS  0|AC  0|TAMS 0x0000000088400000, 0x0000000088400000|
| 121|0x0000000088500000, 0x0000000088500000, 0x0000000088600000|  0%| F|  |TS  0|AC  0|TAMS 0x0000000088500000, 0x0000000088500000|
| 122|0x0000000088600000, 0x0000000088600000, 0x0000000088700000|  0%| F|  |TS  0|AC  0|TAMS 0x0000000088600000, 0x0000000088600000|
| 123|0x0000000088700000, 0x0000000088700000, 0x0000000088800000|  0%| F|  |TS  0|AC  0|TAMS 0x0000000088700000, 0x0000000088700000|
| 124|0x0000000088800000, 0x0000000088800000, 0x0000000088900000|  0%| F|  |TS  0|AC  0|TAMS 0x0000000088800000, 0x0000000088800000|
| 125|0x0000000088900000, 0x0000000088900000, 0x0000000088a00000|  0%| F|  |TS  0|AC  0|TAMS 0x0000000088900000, 0x0000000088900000|
| 126|0x0000000088a00000, 0x0000000088a70080, 0x0000000088b00000| 43%| E|  |TS  0|AC  0|TAMS 0x0000000088a00000, 0x0000000088a00000|
| 127|0x0000000088b00000, 0x0000000088c00000, 0x0000000088c00000|100%| E|CS|TS  0|AC  0|TAMS 0x0000000088b00000, 0x0000000088b00000|

Card table byte_map: [0x00000000040d0000,0x00000000044d0000] byte_map_base: 0x0000000003cca000

Marking Bits (Prev, Next): (CMBitMap*) 0x00000000004aecd0, (CMBitMap*) 0x00000000004aed08
 Prev Bits: [0x00000000048d0000, 0x00000000068a0000)
 Next Bits: [0x0000000022110000, 0x00000000240e0000)

Polling page: 0x00000000000e0000

CodeHeap 'non-profiled nmethods': size=120000Kb used=1850Kb max_used=1850Kb free=118149Kb
 bounds [0x000000001abe0000, 0x000000001ae50000, 0x0000000022110000]
CodeHeap 'profiled nmethods': size=120000Kb used=8552Kb max_used=8552Kb free=111447Kb
 bounds [0x00000000136b0000, 0x0000000013f10000, 0x000000001abe0000]
CodeHeap 'non-nmethods': size=5760Kb used=1433Kb max_used=1462Kb free=4327Kb
 bounds [0x0000000013110000, 0x0000000013380000, 0x00000000136b0000]
 total_blobs=5901 nmethods=4100 adapters=846
 compilation: enabled

Compilation events (10 events):
Event: 86.792 Thread 0x0000000067b8c000 4092       3       sun.nio.cs.StreamEncoder::ensureOpen (18 bytes)
Event: 86.792 Thread 0x0000000067b8c000 nmethod 4092 0x0000000013f06710 code [0x0000000013f068e0, 0x0000000013f06b28]
Event: 86.792 Thread 0x0000000067b8c000 4093       3       sun.nio.cs.StreamEncoder::implWrite (15 bytes)
Event: 86.793 Thread 0x0000000067b8c000 nmethod 4093 0x0000000013f06c10 code [0x0000000013f06e20, 0x0000000013f07308]
Event: 86.793 Thread 0x0000000067b8c000 4094       3       sun.nio.cs.StreamEncoder::implWrite (137 bytes)
Event: 86.794 Thread 0x0000000067b8c000 nmethod 4094 0x0000000013f07590 code [0x0000000013f077e0, 0x0000000013f08028]
Event: 86.794 Thread 0x0000000067b8c000 4095   !   3       java.io.PrintStream::write (69 bytes)
Event: 86.795 Thread 0x0000000067b8c000 nmethod 4095 0x0000000013f08290 code [0x0000000013f084c0, 0x0000000013f08c38]
Event: 86.932 Thread 0x0000000067b8c000 4096       3       java.util.concurrent.atomic.AtomicLong::addAndGet (14 bytes)
Event: 86.932 Thread 0x0000000067b8c000 nmethod 4096 0x0000000013f08f90 code [0x0000000013f09140, 0x0000000013f09290]

GC Heap History (6 events):
Event: 2.033 GC heap before
{Heap before GC invocations=0 (full 0):
 garbage-first heap   total 131072K, used 23552K [0x0000000080c00000, 0x0000000100000000)
  region size 1024K, 24 young (24576K), 0 survivors (0K)
 Metaspace       used 20477K, capacity 21138K, committed 21296K, reserved 1067008K
  class space    used 2513K, capacity 2850K, committed 2864K, reserved 1048576K
}
Event: 2.050 GC heap after
{Heap after GC invocations=1 (full 0):
 garbage-first heap   total 131072K, used 6121K [0x0000000080c00000, 0x0000000100000000)
  region size 1024K, 3 young (3072K), 3 survivors (3072K)
 Metaspace       used 20477K, capacity 21138K, committed 21296K, reserved 1067008K
  class space    used 2513K, capacity 2850K, committed 2864K, reserved 1048576K
}
Event: 2.785 GC heap before
{Heap before GC invocations=2 (full 0):
 garbage-first heap   total 131072K, used 12265K [0x0000000080c00000, 0x0000000100000000)
  region size 1024K, 7 young (7168K), 3 survivors (3072K)
 Metaspace       used 22339K, capacity 23073K, committed 23420K, reserved 1069056K
  class space    used 2820K, capacity 3157K, committed 3196K, reserved 1048576K
}
Event: 2.802 GC heap after
{Heap after GC invocations=3 (full 0):
 garbage-first heap   total 131072K, used 9200K [0x0000000080c00000, 0x0000000100000000)
  region size 1024K, 1 young (1024K), 1 survivors (1024K)
 Metaspace       used 22339K, capacity 23073K, committed 23420K, reserved 1069056K
  class space    used 2820K, capacity 3157K, committed 3196K, reserved 1048576K
}
Event: 86.921 GC heap before
{Heap before GC invocations=3 (full 0):
 garbage-first heap   total 131072K, used 77808K [0x0000000080c00000, 0x0000000100000000)
  region size 1024K, 21 young (21504K), 1 survivors (1024K)
 Metaspace       used 29637K, capacity 30493K, committed 30844K, reserved 1077248K
  class space    used 3532K, capacity 3951K, committed 3964K, reserved 1048576K
}
Event: 86.931 GC heap after
{Heap after GC invocations=4 (full 0):
 garbage-first heap   total 131072K, used 38006K [0x0000000080c00000, 0x0000000100000000)
  region size 1024K, 3 young (3072K), 3 survivors (3072K)
 Metaspace       used 29637K, capacity 30493K, committed 30844K, reserved 1077248K
  class space    used 3532K, capacity 3951K, committed 3964K, reserved 1048576K
}

Deoptimization events (10 events):
Event: 79.272 Thread 0x000000006964c800 Uncommon trap: reason=bimorphic_or_optimized_type_check action=maybe_recompile pc=0x000000001ad4a20c method=javafx.scene.Parent.prefHeight(D)D @ 24 c2
Event: 79.273 Thread 0x000000006964c800 Uncommon trap: reason=bimorphic_or_optimized_type_check action=maybe_recompile pc=0x000000001ad4a20c method=javafx.scene.Parent.prefHeight(D)D @ 24 c2
Event: 79.276 Thread 0x000000006964c800 Uncommon trap: reason=null_check action=make_not_entrant pc=0x000000001ad887cc method=javafx.scene.Node$MiscProperties.getEffect()Ljavafx/scene/effect/Effect; @ 20 c2
Event: 79.297 Thread 0x0000000069485800 Uncommon trap: reason=unstable_if action=reinterpret pc=0x000000001ad42858 method=com.sun.javafx.sg.prism.NGRegion.renderContent(Lcom/sun/prism/Graphics;)V @ 92 c2
Event: 79.654 Thread 0x000000006964c800 Uncommon trap: reason=unstable_if action=reinterpret pc=0x000000001ad8e590 method=javafx.scene.Node.intersectsBounds(Lcom/sun/javafx/geom/PickRay;)D @ 902 c2
Event: 79.707 Thread 0x000000006964c800 Uncommon trap: reason=bimorphic_or_optimized_type_check action=maybe_recompile pc=0x000000001ad98680 method=javafx.beans.property.BooleanPropertyBase.get()Z @ 23 c2
Event: 79.708 Thread 0x000000006964c800 Uncommon trap: reason=unstable_if action=reinterpret pc=0x000000001ad98620 method=javafx.scene.Node.pickNode(Lcom/sun/javafx/geom/PickRay;Lcom/sun/javafx/scene/input/PickResultChooser;)V @ 18 c2
Event: 79.721 Thread 0x000000006964c800 Uncommon trap: reason=bimorphic_or_optimized_type_check action=maybe_recompile pc=0x000000001ad8ca64 method=javafx.beans.property.BooleanPropertyBase.get()Z @ 23 c2
Event: 79.722 Thread 0x000000006964c800 Uncommon trap: reason=unstable_if action=reinterpret pc=0x000000001ad8c930 method=javafx.scene.Node.pickNode(Lcom/sun/javafx/geom/PickRay;Lcom/sun/javafx/scene/input/PickResultChooser;)V @ 18 c2
Event: 81.037 Thread 0x000000006964c800 Uncommon trap: reason=unstable_if action=reinterpret pc=0x000000001acfe240 method=com.sun.javafx.image.impl.IntTo4ByteSameConverter.doConvert([III[BIIII)V @ 29 c2

Classes redefined (0 events):
No events

Internal exceptions (10 events):
Event: 70.470 Thread 0x000000006964c800 Exception <a 'java/lang/NoSuchMethodError'{0x0000000087bcb250}: java.lang.invoke.DirectMethodHandle$Holder.invokeStatic(Ljava/lang/Object;Ljava/lang/Object;Ljava/lang/Object;IIIII)Ljava/lang/Object;> (0x0000000087bcb250) thrown at [t:/workspace/open/src/h
Event: 70.471 Thread 0x000000006964c800 Exception <a 'java/lang/NoSuchMethodError'{0x0000000087bce9f0}: method resolution failed> (0x0000000087bce9f0) thrown at [t:/workspace/open/src/hotspot/share/prims/methodHandles.cpp, line 1226]
Event: 79.276 Thread 0x000000006964c800 Implicit null exception at 0x000000001ad884dc to 0x000000001ad887b6
Event: 81.041 Thread 0x0000000069485800 Exception <a 'java/lang/ClassCastException'{0x0000000087ac0fd8}: com.google.gson.internal.LinkedTreeMap cannot be cast to javafx.graphics@10.0.2/com.sun.prism.paint.Paint> (0x0000000087ac0fd8) thrown at [t:/workspace/open/src/hotspot/share/interpreter/int
Event: 81.430 Thread 0x0000000069485800 Exception <a 'java/lang/ClassCastException'{0x0000000087ac9da0}: com.google.gson.internal.LinkedTreeMap cannot be cast to javafx.graphics@10.0.2/com.sun.prism.paint.Paint> (0x0000000087ac9da0) thrown at [t:/workspace/open/src/hotspot/share/interpreter/int
Event: 81.660 Thread 0x0000000069485800 Exception <a 'java/lang/ClassCastException'{0x0000000087ad28c8}: com.google.gson.internal.LinkedTreeMap cannot be cast to javafx.graphics@10.0.2/com.sun.prism.paint.Paint> (0x0000000087ad28c8) thrown at [t:/workspace/open/src/hotspot/share/interpreter/int
Event: 81.851 Thread 0x0000000069485800 Exception <a 'java/lang/ClassCastException'{0x00000000878996a8}: com.google.gson.internal.LinkedTreeMap cannot be cast to javafx.graphics@10.0.2/com.sun.prism.paint.Paint> (0x00000000878996a8) thrown at [t:/workspace/open/src/hotspot/share/interpreter/int
Event: 82.029 Thread 0x0000000069485800 Exception <a 'java/lang/ClassCastException'{0x00000000878a2130}: com.google.gson.internal.LinkedTreeMap cannot be cast to javafx.graphics@10.0.2/com.sun.prism.paint.Paint> (0x00000000878a2130) thrown at [t:/workspace/open/src/hotspot/share/interpreter/int
Event: 82.180 Thread 0x0000000069485800 Exception <a 'java/lang/ClassCastException'{0x00000000878aabb8}: com.google.gson.internal.LinkedTreeMap cannot be cast to javafx.graphics@10.0.2/com.sun.prism.paint.Paint> (0x00000000878aabb8) thrown at [t:/workspace/open/src/hotspot/share/interpreter/int
Event: 86.789 Thread 0x0000000069485800 Exception <a 'java/lang/ClassCastException'{0x00000000878b9e28}: com.google.gson.internal.LinkedTreeMap cannot be cast to javafx.graphics@10.0.2/com.sun.prism.paint.Paint> (0x00000000878b9e28) thrown at [t:/workspace/open/src/hotspot/share/interpreter/int

Events (10 events):
Event: 80.900 loading class java/util/ComparableTimSort done
Event: 81.036 Thread 0x000000006964c800 DEOPT PACKING pc=0x0000000013b58b84 sp=0x000000006a9eca80
Event: 81.036 Thread 0x000000006964c800 DEOPT UNPACKING pc=0x0000000013136fc6 sp=0x000000006a9ebf28 mode 0
Event: 81.037 Thread 0x000000006964c800 Uncommon trap: trap_request=0xffffff55 fr.pc=0x000000001acfe240 relative=0x0000000000000a00
Event: 81.037 Thread 0x000000006964c800 DEOPT PACKING pc=0x000000001acfe240 sp=0x000000006a9ec9c0
Event: 81.037 Thread 0x000000006964c800 DEOPT UNPACKING pc=0x00000000131371a7 sp=0x000000006a9eca28 mode 2
Event: 86.921 Executing VM operation: G1IncCollectionPause
Event: 86.931 Executing VM operation: G1IncCollectionPause done
Event: 86.931 Executing VM operation: RevokeBias
Event: 86.931 Executing VM operation: RevokeBias done


Dynamic libraries:
0x000000013f3b0000 - 0x000000013f3ee000 	C:\Program Files\Java\jdk-10.0.2\bin\javaw.exe
0x0000000077b60000 - 0x0000000077d09000 	C:\Windows\SYSTEM32\ntdll.dll
0x0000000077a40000 - 0x0000000077b5f000 	C:\Windows\system32\kernel32.dll
0x000007fefda20000 - 0x000007fefda8b000 	C:\Windows\system32\KERNELBASE.dll
0x000007feffb40000 - 0x000007feffc1b000 	C:\Windows\system32\ADVAPI32.dll
0x000007fefdf80000 - 0x000007fefe01f000 	C:\Windows\system32\msvcrt.dll
0x000007fefe050000 - 0x000007fefe06f000 	C:\Windows\SYSTEM32\sechost.dll
0x000007feffd30000 - 0x000007feffe5d000 	C:\Windows\system32\RPCRT4.dll
0x0000000077940000 - 0x0000000077a3a000 	C:\Windows\system32\USER32.dll
0x000007feffad0000 - 0x000007feffb37000 	C:\Windows\system32\GDI32.dll
0x000007feff220000 - 0x000007feff22e000 	C:\Windows\system32\LPK.dll
0x000007feff230000 - 0x000007feff2f9000 	C:\Windows\system32\USP10.dll
0x000007fefc530000 - 0x000007fefc724000 	C:\Windows\WinSxS\amd64_microsoft.windows.common-controls_6595b64144ccf1df_6.0.7601.17514_none_fa396087175ac9ac\COMCTL32.dll
0x000007feff380000 - 0x000007feff3f1000 	C:\Windows\system32\SHLWAPI.dll
0x000007fefca50000 - 0x000007fefca5c000 	C:\Windows\system32\VERSION.dll
0x000007fefe020000 - 0x000007fefe04e000 	C:\Windows\system32\IMM32.DLL
0x000007feffc20000 - 0x000007feffd29000 	C:\Windows\system32\MSCTF.dll
0x000007fee1860000 - 0x000007fee194f000 	C:\Program Files\Java\jdk-10.0.2\bin\msvcr120.dll
0x000007fee0c30000 - 0x000007fee0cd6000 	C:\Program Files\Java\jdk-10.0.2\bin\msvcp120.dll
0x00000000073f0000 - 0x0000000007e60000 	C:\Program Files\Java\jdk-10.0.2\bin\server\jvm.dll
0x000007fefc510000 - 0x000007fefc519000 	C:\Windows\system32\WSOCK32.dll
0x000007feff670000 - 0x000007feff6bd000 	C:\Windows\system32\WS2_32.dll
0x000007feffe60000 - 0x000007feffe68000 	C:\Windows\system32\NSI.dll
0x000007fefaa00000 - 0x000007fefaa3b000 	C:\Windows\system32\WINMM.dll
0x0000000077d30000 - 0x0000000077d37000 	C:\Windows\system32\PSAPI.DLL
0x000007fefae40000 - 0x000007fefae4f000 	C:\Program Files\Java\jdk-10.0.2\bin\verify.dll
0x000007fee2790000 - 0x000007fee28b5000 	C:\Windows\system32\DBGHELP.DLL
0x000007fef40c0000 - 0x000007fef40e7000 	C:\Program Files\Java\jdk-10.0.2\bin\java.dll
0x000007fef3700000 - 0x000007fef3716000 	C:\Program Files\Java\jdk-10.0.2\bin\zip.dll
0x000007fefad90000 - 0x000007fefad9a000 	C:\Program Files\Java\jdk-10.0.2\bin\jimage.dll
0x000007fefe110000 - 0x000007fefee98000 	C:\Windows\system32\SHELL32.dll
0x000007feff460000 - 0x000007feff663000 	C:\Windows\system32\ole32.dll
0x000007fefd910000 - 0x000007fefd91f000 	C:\Windows\system32\profapi.dll
0x000007fef76f0000 - 0x000007fef76f3000 	C:\Program Files\Java\jdk-10.0.2\bin\api-ms-win-core-console-l1-1-0.dll
0x000007fef4650000 - 0x000007fef4653000 	C:\Program Files\Java\jdk-10.0.2\bin\api-ms-win-core-datetime-l1-1-0.dll
0x000007fef45a0000 - 0x000007fef45a3000 	C:\Program Files\Java\jdk-10.0.2\bin\api-ms-win-core-debug-l1-1-0.dll
0x000007fef4580000 - 0x000007fef4583000 	C:\Program Files\Java\jdk-10.0.2\bin\api-ms-win-core-errorhandling-l1-1-0.dll
0x000007fef4300000 - 0x000007fef4304000 	C:\Program Files\Java\jdk-10.0.2\bin\api-ms-win-core-file-l1-1-0.dll
0x000007fef40b0000 - 0x000007fef40b3000 	C:\Program Files\Java\jdk-10.0.2\bin\api-ms-win-core-file-l1-2-0.dll
0x000007fef36f0000 - 0x000007fef36f3000 	C:\Program Files\Java\jdk-10.0.2\bin\api-ms-win-core-file-l2-1-0.dll
0x000007fef36e0000 - 0x000007fef36e3000 	C:\Program Files\Java\jdk-10.0.2\bin\api-ms-win-core-handle-l1-1-0.dll
0x000007fef1460000 - 0x000007fef1463000 	C:\Program Files\Java\jdk-10.0.2\bin\api-ms-win-core-heap-l1-1-0.dll
0x000007fef1450000 - 0x000007fef1453000 	C:\Program Files\Java\jdk-10.0.2\bin\api-ms-win-core-interlocked-l1-1-0.dll
0x000007fef1440000 - 0x000007fef1443000 	C:\Program Files\Java\jdk-10.0.2\bin\api-ms-win-core-libraryloader-l1-1-0.dll
0x000007fef1230000 - 0x000007fef1233000 	C:\Program Files\Java\jdk-10.0.2\bin\api-ms-win-core-localization-l1-2-0.dll
0x000007fef1220000 - 0x000007fef1223000 	C:\Program Files\Java\jdk-10.0.2\bin\api-ms-win-core-memory-l1-1-0.dll
0x000007fef11f0000 - 0x000007fef11f3000 	C:\Program Files\Java\jdk-10.0.2\bin\api-ms-win-core-namedpipe-l1-1-0.dll
0x000007fef11e0000 - 0x000007fef11e3000 	C:\Program Files\Java\jdk-10.0.2\bin\api-ms-win-core-processenvironment-l1-1-0.dll
0x000007fef11d0000 - 0x000007fef11d3000 	C:\Program Files\Java\jdk-10.0.2\bin\api-ms-win-core-processthreads-l1-1-0.dll
0x000007fef0ff0000 - 0x000007fef0ff3000 	C:\Program Files\Java\jdk-10.0.2\bin\api-ms-win-core-processthreads-l1-1-1.dll
0x000007fef0fe0000 - 0x000007fef0fe3000 	C:\Program Files\Java\jdk-10.0.2\bin\api-ms-win-core-profile-l1-1-0.dll
0x000007fef0e60000 - 0x000007fef0e63000 	C:\Windows\system32\kernel32.dll
0x000007fef0c50000 - 0x000007fef0c53000 	C:\Windows\system32\GDI32.dll
0x000007fef0c40000 - 0x000007fef0c43000 	C:\Windows\system32\SHLWAPI.dll
0x000007feea7b0000 - 0x000007feea7b3000 	C:\Windows\system32\MSCTF.dll
0x000007feea7a0000 - 0x000007feea7a3000 	C:\Program Files\Java\jdk-10.0.2\bin\server\jvm.dll
0x000007feea790000 - 0x000007feea793000 	C:\Windows\system32\NSI.dll
0x000007feea780000 - 0x000007feea783000 	C:\Program Files\Java\jdk-10.0.2\bin\verify.dll
0x000007fee2400000 - 0x000007fee2403000 	C:\Program Files\Java\jdk-10.0.2\bin\java.dll
0x000007fee23f0000 - 0x000007fee23f4000 	C:\Program Files\Java\jdk-10.0.2\bin\jimage.dll
0x000007fee23e0000 - 0x000007fee23e3000 	C:\Windows\system32\ole32.dll
0x000007fee23d0000 - 0x000007fee23d3000 	C:\Program Files\Java\jdk-10.0.2\bin\api-ms-win-crt-filesystem-l1-1-0.dll
0x000007fee23c0000 - 0x000007fee23c3000 	C:\Program Files\Java\jdk-10.0.2\bin\api-ms-win-crt-heap-l1-1-0.dll
0x000007fee23b0000 - 0x000007fee23b3000 	C:\Program Files\Java\jdk-10.0.2\bin\api-ms-win-core-file-l1-1-0.dll
0x000007fee23a0000 - 0x000007fee23a5000 	C:\Program Files\Java\jdk-10.0.2\bin\api-ms-win-core-file-l2-1-0.dll
0x000007fee22d0000 - 0x000007fee22d5000 	C:\Program Files\Java\jdk-10.0.2\bin\api-ms-win-core-heap-l1-1-0.dll
0x000007fee22c0000 - 0x000007fee22d0000 	C:\Program Files\Java\jdk-10.0.2\bin\api-ms-win-core-libraryloader-l1-1-0.dll
0x000007fee22b0000 - 0x000007fee22b3000 	C:\Program Files\Java\jdk-10.0.2\bin\api-ms-win-core-memory-l1-1-0.dll
0x000007fee21e0000 - 0x000007fee21e4000 	C:\Program Files\Java\jdk-10.0.2\bin\api-ms-win-core-namedpipe-l1-1-0.dll
0x000007fee21d0000 - 0x000007fee21d4000 	C:\Program Files\Java\jdk-10.0.2\bin\api-ms-win-core-processthreads-l1-1-0.dll
0x000007fee21c0000 - 0x000007fee21c4000 	C:\Program Files\Java\jdk-10.0.2\bin\api-ms-win-core-profile-l1-1-0.dll
0x000007fee21b0000 - 0x000007fee21b3000 	C:\Program Files\Java\jdk-10.0.2\bin\api-ms-win-core-rtlsupport-l1-1-0.dll
0x000007fee21a0000 - 0x000007fee21a3000 	C:\Program Files\Java\jdk-10.0.2\bin\api-ms-win-core-synch-l1-1-0.dll
0x000007fedf0a0000 - 0x000007fedf196000 	C:\Program Files\Java\jdk-10.0.2\bin\ucrtbase.dll
0x000007fee2180000 - 0x000007fee2196000 	C:\Program Files\Java\jdk-10.0.2\bin\api-ms-win-core-timezone-l1-1-0.dll
0x000007fee0b90000 - 0x000007fee0c2c000 	C:\Program Files\Java\jdk-10.0.2\bin\msvcp140.dll
0x000007fee19c0000 - 0x000007fee1a11000 	C:\Program Files\Java\jdk-10.0.2\bin\api-ms-win-crt-convert-l1-1-0.dll
0x000007fee1830000 - 0x000007fee1853000 	C:\Program Files\Java\jdk-10.0.2\bin\api-ms-win-crt-environment-l1-1-0.dll
0x000007fef4de0000 - 0x000007fef4fdf000 	C:\Program Files\Java\jdk-10.0.2\bin\api-ms-win-crt-heap-l1-1-0.dll
0x000007fef4dd0000 - 0x000007fef4dd7000 	C:\Program Files\Java\jdk-10.0.2\bin\api-ms-win-crt-locale-l1-1-0.dll
0x000007fefbbb0000 - 0x000007fefbbc8000 	C:\Windows\system32\dwmapi.dll
0x000007fefc1b0000 - 0x000007fefc206000 	C:\Program Files\Java\jdk-10.0.2\bin\api-ms-win-crt-private-l1-1-0.dll
0x000007fef7470000 - 0x000007fef75ad000 	C:\Program Files\Java\jdk-10.0.2\bin\api-ms-win-crt-process-l1-1-0.dll
0x000007fee59a0000 - 0x000007fee59c0000 	C:\Windows\system32\atiu9p64.dll
0x000007fee5240000 - 0x000007fee5998000 	C:\Program Files\Java\jdk-10.0.2\bin\api-ms-win-crt-string-l1-1-0.dll
0x000000006a0f0000 - 0x000000006a7c5000 	C:\Program Files\Java\jdk-10.0.2\bin\api-ms-win-crt-time-l1-1-0.dll
0x000007fee17e0000 - 0x000007fee182a000 	C:\Program Files\Java\jdk-10.0.2\bin\glass.dll
0x000007fefe070000 - 0x000007fefe107000 	C:\Program Files\Java\jdk-10.0.2\bin\vcruntime140.dll
0x000007feff140000 - 0x000007feff217000 	C:\Program Files\Java\jdk-10.0.2\bin\msvcp140.dll
0x000007fefd840000 - 0x000007fefd84f000 	C:\Windows\system32\CRYPTBASE.dll
0x000007fee0b70000 - 0x000007fee0b8a000 	C:\Windows\system32\d3d9.dll
0x000007fef95f0000 - 0x000007fef9661000 	C:\Windows\system32\d3d8thk.dll
0x000007fef9580000 - 0x000007fef95e4000 	C:\Windows\system32\webio.dll
0x000007fefd180000 - 0x000007fefd1d5000 	C:\Windows\system32\aticfx64.dll
0x000007fefd170000 - 0x000007fefd177000 	C:\Windows\system32\atiu9p64.dll
0x000007fee0740000 - 0x000007fee0751000 	C:\Windows\system32\atiumd6a.dll
0x000007fecbce0000 - 0x000007fecea98000 	C:\Program Files\Java\jdk-10.0.2\bin\glass.dll
0x000007fedf070000 - 0x000007fedf099000 	C:\Windows\system32\MSVFW32.dll
0x000007fee0720000 - 0x000007fee073f000 	C:\Windows\system32\CRYPTBASE.dll
0x000007fef4390000 - 0x000007fef43a8000 	C:\Program Files\Java\jdk-10.0.2\bin\net.dll
0x000007fedf050000 - 0x000007fedf067000 	C:\Windows\system32\WINHTTP.dll
0x000007fef3da0000 - 0x000007fef3e0c000 	C:\Windows\system32\MFPlat.DLL
0x000007fefbd40000 - 0x000007fefbd49000 	C:\Windows\system32\AVRT.dll
0x000007fee0760000 - 0x000007fee0b51000 	C:\Program Files\Java\jdk-10.0.2\bin\nio.dll
0x000007fefb5c0000 - 0x000007fefb5d9000 	C:\Users\CB\Desktop\opencv\build\java\x64\opencv_java343.dll
0x0000000002140000 - 0x0000000002146000 	C:\Windows\system32\ksuser.dll
0x000007fedf000000 - 0x000007fedf042000 	C:\Windows\system32\MFReadWrite.dll
0x000007fef7720000 - 0x000007fef78f5000 	C:\Windows\system32\d3d11.dll
0x000007fef7920000 - 0x000007fef797d000 	C:\Windows\system32\ADVAPI32.dll
0x000007fefdc40000 - 0x000007fefdc44000 	C:\Windows\system32\SHLWAPI.dll
0x000007fedefe0000 - 0x000007fedeff4000 	C:\Program Files\Java\jdk-10.0.2\bin\server\jvm.dll
0x000007fedee40000 - 0x000007fedefdb000 	C:\Windows\system32\PSAPI.DLL
0x000007feddaa0000 - 0x000007fedde64000 	C:\Program Files\Java\jdk-10.0.2\bin\zip.dll
0x000007fededd0000 - 0x000007fedee35000 	C:\Windows\system32\profapi.dll
0x000007fefcb20000 - 0x000007fefcb27000 	C:\Program Files\Java\jdk-10.0.2\bin\api-ms-win-core-debug-l1-1-0.dll
0x000007fefd000000 - 0x000007fefd05b000 	C:\Program Files\Java\jdk-10.0.2\bin\api-ms-win-core-file-l1-2-0.dll
0x000007fefaec0000 - 0x000007fefaee7000 	C:\Program Files\Java\jdk-10.0.2\bin\api-ms-win-core-heap-l1-1-0.dll
0x000007fefaea0000 - 0x000007fefaeab000 	C:\Program Files\Java\jdk-10.0.2\bin\api-ms-win-core-localization-l1-2-0.dll
0x000007fef94d0000 - 0x000007fef94d8000 	C:\Program Files\Java\jdk-10.0.2\bin\api-ms-win-core-processenvironment-l1-1-0.dll
0x000007fefabc0000 - 0x000007fefac13000 	C:\Program Files\Java\jdk-10.0.2\bin\api-ms-win-core-processthreads-l1-1-1.dll
0x000007fee64f0000 - 0x000007fee6686000 	C:\Program Files\Java\jdk-10.0.2\bin\api-ms-win-core-rtlsupport-l1-1-0.dll
0x000007feff080000 - 0x000007feff119000 	C:\Program Files\Java\jdk-10.0.2\bin\api-ms-win-core-synch-l1-2-0.dll
0x000007fefb970000 - 0x000007fefbad1000 	C:\Program Files\Java\jdk-10.0.2\bin\api-ms-win-core-timezone-l1-1-0.dll
0x000007fefd7e0000 - 0x000007fefd837000 	C:\Program Files\Java\jdk-10.0.2\bin\api-ms-win-crt-conio-l1-1-0.dll
0x000007fef6300000 - 0x000007fef6492000 	C:\Program Files\Java\jdk-10.0.2\bin\api-ms-win-crt-filesystem-l1-1-0.dll
0x000007fefdd40000 - 0x000007fefdf80000 	C:\Program Files\Java\jdk-10.0.2\bin\api-ms-win-crt-locale-l1-1-0.dll
0x000007fefdc80000 - 0x000007fefdc84000 	C:\Program Files\Java\jdk-10.0.2\bin\api-ms-win-crt-multibyte-l1-1-0.dll
0x000007fefdc70000 - 0x000007fefdc74000 	C:\Program Files\Java\jdk-10.0.2\bin\api-ms-win-crt-process-l1-1-0.dll

dbghelp: loaded successfully - version: 4.0.5 - missing functions: none
symbol engine: initialized successfully - sym options: 0x614 - pdb path: .;C:\Program Files\Java\jdk-10.0.2\bin;C:\Windows\SYSTEM32;C:\Windows\WinSxS\amd64_microsoft.windows.common-controls_6595b64144ccf1df_6.0.7601.17514_none_fa396087175ac9ac;C:\Program Files\Java\jdk-10.0.2\bin\server;C:\Users\CB\Desktop\opencv\build\java\x64;C:\Users\CB\AppData\Local\Microsoft\OneDrive\17.3.6281.1202\amd64;C:\Program Files (x86)\Microsoft Office\root\VFS\ProgramFilesX64\Microsoft Office\Office16;C:\Program Files (x86)\Microsoft Office\root\VFS\ProgramFilesX64\Microsoft Office\Office16\1033;C:\Program Files\Common Files\Microsoft Shared\Ink;C:\Program Files\Internet Explorer;C:\Program Files (x86)\Common Files\Autodesk Shared

VM Arguments:
jvm_args: -Djava.library.path=C:\Users\CB\Desktop\opencv\build\java\x64 -Dfile.encoding=Cp1252 
java_command: edu.augustana.csc285.heron.Main
java_class_path (initial): C:\git\HeronRepo\ProjectHeron\bin;C:\Users\CB\Desktop\opencv\build\java\opencv-343.jar;C:\Users\CB\.p2\pool\plugins\org.junit.jupiter.api_5.1.0.v20180327-1502.jar;C:\Users\CB\.p2\pool\plugins\org.junit.jupiter.engine_5.1.0.v20180327-1502.jar;C:\Users\CB\.p2\pool\plugins\org.junit.jupiter.migrationsupport_5.1.0.v20180327-1502.jar;C:\Users\CB\.p2\pool\plugins\org.junit.jupiter.params_5.1.0.v20180327-1502.jar;C:\Users\CB\.p2\pool\plugins\org.junit.platform.commons_1.1.0.v20180327-1502.jar;C:\Users\CB\.p2\pool\plugins\org.junit.platform.engine_1.1.0.v20180327-1502.jar;C:\Users\CB\.p2\pool\plugins\org.junit.platform.launcher_1.1.0.v20180327-1502.jar;C:\Users\CB\.p2\pool\plugins\org.junit.platform.runner_1.1.0.v20180327-1502.jar;C:\Users\CB\.p2\pool\plugins\org.junit.platform.suite.api_1.1.0.v20180327-1502.jar;C:\Users\CB\.p2\pool\plugins\org.junit.vintage.engine_5.1.0.v20180327-1502.jar;C:\Users\CB\.p2\pool\plugins\org.opentest4j_1.0.0.v20180327-1502.jar;C:\Users\CB\.p2\pool\plugins\org.apiguardian_1.0.0.v20180327-1502.jar;C:\Users\CB\.p2\pool\plugins\org.junit_4.12.0.v201504281640\junit.jar;C:\Users\CB\.p2\pool\plugins\org.hamcrest.core_1.3.0.v20180420-1519.jar;C:\git\HeronRepo\ProjectHeron\lib\gson-2.8.5.jar
Launcher Type: SUN_STANDARD

Logging:
Log output configuration:
#0: stdout all=warning uptime,level,tags
#1: stderr all=off uptime,level,tags

Environment Variables:
PATH=C:/Program Files/Java/jre1.8.0_131/bin/server;C:/Program Files/Java/jre1.8.0_131/bin;C:/Program Files/Java/jre1.8.0_131/lib/amd64;C:\Program Files (x86)\Common Files\Oracle\Java\javapath;C:\ProgramData\Oracle\Java\javapath;C:\Program Files (x86)\NVIDIA Corporation\PhysX\Common;C:\Program Files (x86)\Intel\iCLS Client\;C:\Program Files\Intel\iCLS Client\;C:\Windows\system32;C:\Windows;C:\Windows\System32\Wbem;C:\Windows\System32\WindowsPowerShell\v1.0\;C:\Program Files\Intel\Intel(R) Management Engine Components\DAL;C:\Program Files\Intel\Intel(R) Management Engine Components\IPT;C:\Program Files (x86)\Intel\Intel(R) Management Engine Components\DAL;C:\Program Files (x86)\Intel\Intel(R) Management Engine Components\IPT;C:\Program Files (x86)\Intel\OpenCL SDK\2.0\bin\x86;C:\Program Files (x86)\Intel\OpenCL SDK\2.0\bin\x64;C:\Program Files (x86)\Git\cmd;C:\Program Files (x86)\ATI Technologies\ATI.ACE\Core-Static;C:\Program Files (x86)\Hewlett-Packard\HP Performance Advisor;C:\Program Files (x86)\Skype\Phone\;C:\Program Files\Git\cmd;C:\Users\CB\Desktop;
USERNAME=CB
OS=Windows_NT
PROCESSOR_IDENTIFIER=Intel64 Family 6 Model 42 Stepping 7, GenuineIntel



---------------  S Y S T E M  ---------------

OS: Windows 7 , 64 bit Build 7601 (6.1.7601.18015)

CPU:total 8 (initial active 8) (4 cores per cpu, 2 threads per core) family 6 model 42 stepping 7, cmov, cx8, fxsr, mmx, sse, sse2, sse3, ssse3, sse4.1, sse4.2, popcnt, avx, aes, clmul, ht, tsc, tscinvbit

Memory: 4k page, physical 8337776k(3118760k free), swap 16673688k(10583656k free)

vm_info: Java HotSpot(TM) 64-Bit Server VM (10.0.2+13) for windows-amd64 JRE (10.0.2+13), built on Jun 28 2018 01:57:56 by "mach5one" with MS VC++ 12.0 (VS2013)

END.
