#
# A fatal error has been detected by the Java Runtime Environment:
#
#  EXCEPTION_ACCESS_VIOLATION (0xc0000005) at pc=0x000007fecd31ae30, pid=9300, tid=9324
#
# JRE version: Java(TM) SE Runtime Environment (10.0.2+13) (build 10.0.2+13)
# Java VM: Java HotSpot(TM) 64-Bit Server VM (10.0.2+13, mixed mode, tiered, compressed oops, g1 gc, windows-amd64)
# Problematic frame:
# C  [opencv_java343.dll+0x163ae30]
#
# No core dump will be written. Minidumps are not enabled by default on client versions of Windows
#
# If you would like to submit a bug report, please visit:
#   http://bugreport.java.com/bugreport/crash.jsp
# The crash happened outside the Java Virtual Machine in native code.
# See problematic frame for where to report the bug.
#

---------------  S U M M A R Y ------------

Command Line: -Djava.library.path=C:\Users\CB\Desktop\opencv\build\java\x64 -Dfile.encoding=Cp1252 edu.augustana.csc285.heron.Main

Host: Intel(R) Core(TM) i7-2630QM CPU @ 2.00GHz, 8 cores, 7G,  Windows 7 , 64 bit Build 7601 (6.1.7601.18015)
Time: Sun Oct 28 16:10:55 2018 Central Daylight Time elapsed time: 72 seconds (0d 0h 1m 12s)

---------------  T H R E A D  ---------------

Current thread (0x00000000679d1000):  JavaThread "Finalizer" daemon [_thread_in_native, id=9324, stack(0x0000000067e10000,0x0000000067f10000)]

Stack: [0x0000000067e10000,0x0000000067f10000],  sp=0x0000000067f0ee58,  free space=1019k
Native frames: (J=compiled Java code, j=interpreted, Vv=VM code, C=native code)
C  [opencv_java343.dll+0x163ae30]

Java frames: (J=compiled Java code, j=interpreted, Vv=VM code)
j  org.opencv.videoio.VideoCapture.delete(J)V+0
j  org.opencv.videoio.VideoCapture.finalize()V+4
j  java.lang.System$2.invokeFinalize(Ljava/lang/Object;)V+1 java.base@10.0.2
j  java.lang.ref.Finalizer.runFinalizer(Ljdk/internal/misc/JavaLangAccess;)V+46 java.base@10.0.2
j  java.lang.ref.Finalizer.access$100(Ljava/lang/ref/Finalizer;Ljdk/internal/misc/JavaLangAccess;)V+2 java.base@10.0.2
j  java.lang.ref.Finalizer$FinalizerThread.run()V+46 java.base@10.0.2
v  ~StubRoutines::call_stub

siginfo: EXCEPTION_ACCESS_VIOLATION (0xc0000005), reading address 0x000000000000000a


Register to memory mapping:

RIP=0x000007fecd31ae30 opencv_java343.dll
RAX=0x000000000000000a is an unknown value
RBX={method} {0x0000000073802170} 'delete' '(J)V' in 'org/opencv/videoio/VideoCapture'
RCX=0x000000006d692b50 is an unknown value
RDX=0x0000000000000001 is an unknown value
RSP=0x0000000067f0ee58 is pointing into the stack for thread: 0x00000000679d1000
RBP=0x0000000067f0eee0 is pointing into the stack for thread: 0x00000000679d1000
RSI=0x000000006e504478 is pointing into metadata
RDI=0x0000000013119e60 is at code_begin+1664 in an Interpreter codelet
invoke return entry points  [0x00000000131197e0, 0x000000001311a1c0]  2528 bytes
R8 =0x000000006d692b50 is an unknown value
R9 =0x00000000679c28b0 is an unknown value
R10=0x000000001311ec61 is at code_begin+929 in an Interpreter codelet
method entry point (kind = native)  [0x000000001311e8c0, 0x000000001311f360]  2720 bytes
R11=0x0000000086b35110 is an oop
java.lang.Class 
{0x0000000086b35110} - klass: 'java/lang/Class'
R12=0x0000000000000000 is an unknown value
R13={method} {0x0000000073802170} 'delete' '(J)V' in 'org/opencv/videoio/VideoCapture'
R14=0x0000000067f0ef08 is pointing into the stack for thread: 0x00000000679d1000
R15=0x00000000679d1000 is a thread


Registers:
RAX=0x000000000000000a, RBX=0x0000000073802168, RCX=0x000000006d692b50, RDX=0x0000000000000001
RSP=0x0000000067f0ee58, RBP=0x0000000067f0eee0, RSI=0x000000006e504478, RDI=0x0000000013119e60
R8 =0x000000006d692b50, R9 =0x00000000679c28b0, R10=0x000000001311ec61, R11=0x0000000086b35110
R12=0x0000000000000000, R13=0x0000000073802168, R14=0x0000000067f0ef08, R15=0x00000000679d1000
RIP=0x000007fecd31ae30, EFLAGS=0x0000000000010206

Top of Stack: (sp=0x0000000067f0ee58)
0x0000000067f0ee58:   000000001311ec90 0000000013119e60
0x0000000067f0ee68:   000000001311e9c2 0000000073802168
0x0000000067f0ee78:   0000000067f0eee0 000000006e504478
0x0000000067f0ee88:   000000006e504478 000000001311e976
0x0000000067f0ee98:   0000000067f0ee98 0000000073802168
0x0000000067f0eea8:   0000000067f0ef08 0000000073802600
0x0000000067f0eeb8:   0000000000000000 0000000086b35110
0x0000000067f0eec8:   0000000073802168 0000000000000000
0x0000000067f0eed8:   0000000067f0ef00 0000000067f0ef58
0x0000000067f0eee8:   000000001311a0d7 0000000086b35110
0x0000000067f0eef8:   000000001311bff8 000000006d692b50
0x0000000067f0ef08:   0000000000000000 0000000067f0ef10
0x0000000067f0ef18:   00000000738016bc 0000000067f0ef68
0x0000000067f0ef28:   0000000073802600 0000000000000000
0x0000000067f0ef38:   0000000086b35110 00000000738016d8
0x0000000067f0ef48:   0000000067f0ef00 0000000067f0ef68 

Instructions: (pc=0x000007fecd31ae30)
0x000007fecd31ae10:   02 33 c0 48 83 c4 38 c3 cc cc cc cc cc cc cc cc
0x000007fecd31ae20:   4d 85 c0 74 0e 49 8b 00 ba 01 00 00 00 49 8b c8
0x000007fecd31ae30:   48 ff 20 c3 cc cc cc cc cc cc cc cc cc cc cc cc
0x000007fecd31ae40:   48 89 4c 24 08 48 83 ec 38 48 c7 44 24 20 fe ff 



---------------  P R O C E S S  ---------------

Threads class SMR info:
_java_thread_list=0x000000006cf58530, length=20, elements={
0x0000000000103000, 0x00000000679c4800, 0x00000000679d1000, 0x00000000679d7000,
0x00000000679d8800, 0x00000000679db800, 0x00000000679df800, 0x00000000679e1000,
0x00000000679ea000, 0x0000000067a18800, 0x0000000068916800, 0x000000006891b800,
0x00000000690e1800, 0x00000000690cb800, 0x0000000069128000, 0x000000006926d000,
0x00000000692e8800, 0x000000006939b800, 0x0000000069344800, 0x000000006ed7d800
}

Java Threads: ( => current thread )
  0x0000000000103000 JavaThread "main" [_thread_blocked, id=10588, stack(0x00000000020c0000,0x00000000021c0000)]
  0x00000000679c4800 JavaThread "Reference Handler" daemon [_thread_blocked, id=6432, stack(0x0000000067ce0000,0x0000000067de0000)]
=>0x00000000679d1000 JavaThread "Finalizer" daemon [_thread_in_native, id=9324, stack(0x0000000067e10000,0x0000000067f10000)]
  0x00000000679d7000 JavaThread "Signal Dispatcher" daemon [_thread_blocked, id=4004, stack(0x0000000068030000,0x0000000068130000)]
  0x00000000679d8800 JavaThread "Attach Listener" daemon [_thread_blocked, id=3704, stack(0x0000000068260000,0x0000000068360000)]
  0x00000000679db800 JavaThread "C2 CompilerThread0" daemon [_thread_blocked, id=7084, stack(0x0000000068410000,0x0000000068510000)]
  0x00000000679df800 JavaThread "C2 CompilerThread1" daemon [_thread_blocked, id=3016, stack(0x0000000067a60000,0x0000000067b60000)]
  0x00000000679e1000 JavaThread "C2 CompilerThread2" daemon [_thread_blocked, id=10672, stack(0x0000000068140000,0x0000000068240000)]
  0x00000000679ea000 JavaThread "C1 CompilerThread3" daemon [_thread_blocked, id=6240, stack(0x0000000068660000,0x0000000068760000)]
  0x0000000067a18800 JavaThread "Sweeper thread" daemon [_thread_blocked, id=4444, stack(0x0000000068560000,0x0000000068660000)]
  0x0000000068916800 JavaThread "Service Thread" daemon [_thread_blocked, id=4148, stack(0x0000000068b80000,0x0000000068c80000)]
  0x000000006891b800 JavaThread "Common-Cleaner" daemon [_thread_blocked, id=6984, stack(0x0000000068da0000,0x0000000068ea0000)]
  0x00000000690e1800 JavaThread "QuantumRenderer-0" daemon [_thread_blocked, id=1232, stack(0x0000000068c90000,0x0000000068d90000)]
  0x00000000690cb800 JavaThread "InvokeLaterDispatcher" daemon [_thread_blocked, id=8908, stack(0x000000006a280000,0x000000006a380000)]
  0x0000000069128000 JavaThread "JavaFX Application Thread" [_thread_in_native, id=10648, stack(0x000000006a3b0000,0x000000006a4b0000)]
  0x000000006926d000 JavaThread "Thread-1" daemon [_thread_in_native, id=10536, stack(0x000000006c310000,0x000000006c410000)]
  0x00000000692e8800 JavaThread "JavaFX-Launcher" [_thread_blocked, id=9248, stack(0x000000006c6f0000,0x000000006c7f0000)]
  0x000000006939b800 JavaThread "Java2D Disposer" daemon [_thread_blocked, id=8824, stack(0x000000006dbd0000,0x000000006dcd0000)]
  0x0000000069344800 JavaThread "Prism Font Disposer" daemon [_thread_blocked, id=7008, stack(0x0000000071170000,0x0000000071270000)]
  0x000000006ed7d800 JavaThread "Cleaner-0" daemon [_thread_blocked, id=6036, stack(0x0000000071e40000,0x0000000071f40000)]

Other Threads:
  0x00000000679c1000 VMThread "VM Thread" [stack: 0x0000000067b70000,0x0000000067c70000] [id=7336]
  0x000000006891c800 WatcherThread [stack: 0x0000000068f20000,0x0000000069020000] [id=6524]
  0x000000000011b000 GCTaskThread "GC Thread#0" [stack: 0x00000000028c0000,0x00000000029c0000] [id=9252]
  0x000000000011c800 GCTaskThread "GC Thread#1" [stack: 0x0000000002bb0000,0x0000000002cb0000] [id=9684]
  0x0000000000120800 GCTaskThread "GC Thread#2" [stack: 0x0000000002cb0000,0x0000000002db0000] [id=10884]
  0x0000000000122000 GCTaskThread "GC Thread#3" [stack: 0x00000000029c0000,0x0000000002ac0000] [id=8212]
  0x0000000000123800 GCTaskThread "GC Thread#4" [stack: 0x0000000002df0000,0x0000000002ef0000] [id=10264]
  0x0000000000125000 GCTaskThread "GC Thread#5" [stack: 0x0000000002f70000,0x0000000003070000] [id=7788]
  0x000000000012c800 GCTaskThread "GC Thread#6" [stack: 0x00000000030b0000,0x00000000031b0000] [id=7224]
  0x0000000000137000 GCTaskThread "GC Thread#7" [stack: 0x0000000003320000,0x0000000003420000] [id=7132]
  0x00000000067ab800 ConcurrentGCThread "G1 Main Marker" [stack: 0x0000000006890000,0x0000000006990000] [id=10140]
  0x00000000067ad000 ConcurrentGCThread "G1 Conc#0" [stack: 0x0000000006b40000,0x0000000006c40000] [id=5976]
  0x00000000067ad800 ConcurrentGCThread "G1 Conc#1" [stack: 0x0000000006d30000,0x0000000006e30000] [id=6456]
  0x0000000006827800 ConcurrentGCThread "G1 Refine#0" [stack: 0x00000000264b0000,0x00000000265b0000] [id=7616]
  0x000000000682a800 ConcurrentGCThread "G1 Refine#1" [stack: 0x00000000265e0000,0x00000000266e0000] [id=7252]
  0x000000000682b000 ConcurrentGCThread "G1 Refine#2" [stack: 0x0000000026710000,0x0000000026810000] [id=8316]
  0x000000000682b800 ConcurrentGCThread "G1 Refine#3" [stack: 0x0000000026940000,0x0000000026a40000] [id=256]
  0x000000000682c800 ConcurrentGCThread "G1 Refine#4" [stack: 0x0000000026af0000,0x0000000026bf0000] [id=7580]
  0x000000000682d000 ConcurrentGCThread "G1 Refine#5" [stack: 0x0000000026c20000,0x0000000026d20000] [id=7516]
  0x000000000682e000 ConcurrentGCThread "G1 Refine#6" [stack: 0x0000000026d90000,0x0000000026e90000] [id=9748]
  0x0000000006835000 ConcurrentGCThread "G1 Refine#7" [stack: 0x0000000026370000,0x0000000026470000] [id=9864]
  0x0000000006837800 ConcurrentGCThread "G1 Young RemSet Sampling" [stack: 0x0000000026f60000,0x0000000027060000] [id=10204]

Threads with active compile tasks:

VM state:not at safepoint (normal execution)

VM Mutex/Monitor currently owned by a thread: None

Heap address: 0x0000000080c00000, size: 2036 MB, Compressed Oops mode: 32-bit
Narrow klass base: 0x0000000000000000, Narrow klass shift: 0
Compressed class space size: 1073741824 Address: 0x0000000027060000

Heap:
 garbage-first heap   total 131072K, used 25938K [0x0000000080c00000, 0x0000000100000000)
  region size 1024K, 6 young (6144K), 4 survivors (4096K)
 Metaspace       used 29551K, capacity 30474K, committed 30844K, reserved 1077248K
  class space    used 3516K, capacity 3947K, committed 3964K, reserved 1048576K
Heap Regions: E=young(eden), S=young(survivor), O=old, HS=humongous(starts), HC=humongous(continues), CS=collection set, F=free, A=archive, TS=gc time stamp, AC=allocation context, TAMS=top-at-mark-start (previous, next)
|   0|0x0000000080c00000, 0x0000000080d00000, 0x0000000080d00000|100%| O|  |TS  0|AC  0|TAMS 0x0000000080d00000, 0x0000000080d00000|
|   1|0x0000000080d00000, 0x0000000080e00000, 0x0000000080e00000|100%| O|  |TS  0|AC  0|TAMS 0x0000000080e00000, 0x0000000080e00000|
|   2|0x0000000080e00000, 0x0000000080f00000, 0x0000000080f00000|100%| O|  |TS  0|AC  0|TAMS 0x0000000080f00000, 0x0000000080f00000|
|   3|0x0000000080f00000, 0x0000000081000000, 0x0000000081000000|100%| O|  |TS  0|AC  0|TAMS 0x0000000081000000, 0x0000000081000000|
|   4|0x0000000081000000, 0x0000000081100000, 0x0000000081100000|100%| O|  |TS  0|AC  0|TAMS 0x0000000081100000, 0x0000000081100000|
|   5|0x0000000081100000, 0x0000000081200000, 0x0000000081200000|100%| O|  |TS  0|AC  0|TAMS 0x0000000081200000, 0x0000000081200000|
|   6|0x0000000081200000, 0x000000008120e200, 0x0000000081300000|  5%| O|  |TS  1|AC  0|TAMS 0x000000008120e200, 0x000000008120e200|
|   7|0x0000000081300000, 0x0000000081400000, 0x0000000081400000|100%|HS|  |TS  0|AC  0|TAMS 0x0000000081300000, 0x0000000081300000|
|   8|0x0000000081400000, 0x0000000081500000, 0x0000000081500000|100%|HC|  |TS  0|AC  0|TAMS 0x0000000081400000, 0x0000000081400000|
|   9|0x0000000081500000, 0x0000000081500000, 0x0000000081600000|  0%| F|  |TS  1|AC  0|TAMS 0x0000000081500000, 0x0000000081500000|
|  10|0x0000000081600000, 0x0000000081600000, 0x0000000081700000|  0%| F|  |TS  1|AC  0|TAMS 0x0000000081600000, 0x0000000081600000|
|  11|0x0000000081700000, 0x0000000081700000, 0x0000000081800000|  0%| F|  |TS  1|AC  0|TAMS 0x0000000081700000, 0x0000000081700000|
|  12|0x0000000081800000, 0x0000000081800000, 0x0000000081900000|  0%| F|  |TS  1|AC  0|TAMS 0x0000000081800000, 0x0000000081800000|
|  13|0x0000000081900000, 0x0000000081900000, 0x0000000081a00000|  0%| F|  |TS  1|AC  0|TAMS 0x0000000081900000, 0x0000000081900000|
|  14|0x0000000081a00000, 0x0000000081a00000, 0x0000000081b00000|  0%| F|  |TS  1|AC  0|TAMS 0x0000000081a00000, 0x0000000081a00000|
|  15|0x0000000081b00000, 0x0000000081b00000, 0x0000000081c00000|  0%| F|  |TS  1|AC  0|TAMS 0x0000000081b00000, 0x0000000081b00000|
|  16|0x0000000081c00000, 0x0000000081c00000, 0x0000000081d00000|  0%| F|  |TS  1|AC  0|TAMS 0x0000000081c00000, 0x0000000081c00000|
|  17|0x0000000081d00000, 0x0000000081d00000, 0x0000000081e00000|  0%| F|  |TS  1|AC  0|TAMS 0x0000000081d00000, 0x0000000081d00000|
|  18|0x0000000081e00000, 0x0000000081e00000, 0x0000000081f00000|  0%| F|  |TS  1|AC  0|TAMS 0x0000000081e00000, 0x0000000081e00000|
|  19|0x0000000081f00000, 0x0000000081f00000, 0x0000000082000000|  0%| F|  |TS  1|AC  0|TAMS 0x0000000081f00000, 0x0000000081f00000|
|  20|0x0000000082000000, 0x0000000082000000, 0x0000000082100000|  0%| F|  |TS  1|AC  0|TAMS 0x0000000082000000, 0x0000000082000000|
|  21|0x0000000082100000, 0x0000000082100000, 0x0000000082200000|  0%| F|  |TS  1|AC  0|TAMS 0x0000000082100000, 0x0000000082100000|
|  22|0x0000000082200000, 0x0000000082200000, 0x0000000082300000|  0%| F|  |TS  1|AC  0|TAMS 0x0000000082200000, 0x0000000082200000|
|  23|0x0000000082300000, 0x0000000082300000, 0x0000000082400000|  0%| F|  |TS  1|AC  0|TAMS 0x0000000082300000, 0x0000000082300000|
|  24|0x0000000082400000, 0x0000000082400000, 0x0000000082500000|  0%| F|  |TS  1|AC  0|TAMS 0x0000000082400000, 0x0000000082400000|
|  25|0x0000000082500000, 0x0000000082500000, 0x0000000082600000|  0%| F|  |TS  1|AC  0|TAMS 0x0000000082500000, 0x0000000082500000|
|  26|0x0000000082600000, 0x0000000082600000, 0x0000000082700000|  0%| F|  |TS  1|AC  0|TAMS 0x0000000082600000, 0x0000000082600000|
|  27|0x0000000082700000, 0x0000000082700000, 0x0000000082800000|  0%| F|  |TS  1|AC  0|TAMS 0x0000000082700000, 0x0000000082700000|
|  28|0x0000000082800000, 0x0000000082800000, 0x0000000082900000|  0%| F|  |TS  1|AC  0|TAMS 0x0000000082800000, 0x0000000082800000|
|  29|0x0000000082900000, 0x0000000082900000, 0x0000000082a00000|  0%| F|  |TS  1|AC  0|TAMS 0x0000000082900000, 0x0000000082900000|
|  30|0x0000000082a00000, 0x0000000082a00000, 0x0000000082b00000|  0%| F|  |TS  1|AC  0|TAMS 0x0000000082a00000, 0x0000000082a00000|
|  31|0x0000000082b00000, 0x0000000082c00000, 0x0000000082c00000|100%|HS|  |TS  0|AC  0|TAMS 0x0000000082b00000, 0x0000000082b00000|
|  32|0x0000000082c00000, 0x0000000082d00000, 0x0000000082d00000|100%|HS|  |TS  0|AC  0|TAMS 0x0000000082c00000, 0x0000000082c00000|
|  33|0x0000000082d00000, 0x0000000082e00000, 0x0000000082e00000|100%|HC|  |TS  0|AC  0|TAMS 0x0000000082d00000, 0x0000000082d00000|
|  34|0x0000000082e00000, 0x0000000082e00000, 0x0000000082f00000|  0%| F|  |TS  1|AC  0|TAMS 0x0000000082e00000, 0x0000000082e00000|
|  35|0x0000000082f00000, 0x0000000082f00000, 0x0000000083000000|  0%| F|  |TS  1|AC  0|TAMS 0x0000000082f00000, 0x0000000082f00000|
|  36|0x0000000083000000, 0x0000000083000000, 0x0000000083100000|  0%| F|  |TS  1|AC  0|TAMS 0x0000000083000000, 0x0000000083000000|
|  37|0x0000000083100000, 0x0000000083200000, 0x0000000083200000|100%|HS|  |TS  0|AC  0|TAMS 0x0000000083100000, 0x0000000083100000|
|  38|0x0000000083200000, 0x0000000083300000, 0x0000000083300000|100%|HS|  |TS  0|AC  0|TAMS 0x0000000083200000, 0x0000000083200000|
|  39|0x0000000083300000, 0x0000000083400000, 0x0000000083400000|100%|HC|  |TS  0|AC  0|TAMS 0x0000000083300000, 0x0000000083300000|
|  40|0x0000000083400000, 0x0000000083500000, 0x0000000083500000|100%|HS|  |TS  0|AC  0|TAMS 0x0000000083400000, 0x0000000083400000|
|  41|0x0000000083500000, 0x0000000083600000, 0x0000000083600000|100%|HC|  |TS  0|AC  0|TAMS 0x0000000083500000, 0x0000000083500000|
|  42|0x0000000083600000, 0x0000000083600000, 0x0000000083700000|  0%| F|  |TS  1|AC  0|TAMS 0x0000000083600000, 0x0000000083600000|
|  43|0x0000000083700000, 0x0000000083800000, 0x0000000083800000|100%|HS|  |TS  0|AC  0|TAMS 0x0000000083700000, 0x0000000083700000|
|  44|0x0000000083800000, 0x0000000083900000, 0x0000000083900000|100%|HS|  |TS  0|AC  0|TAMS 0x0000000083800000, 0x0000000083800000|
|  45|0x0000000083900000, 0x0000000083a00000, 0x0000000083a00000|100%|HC|  |TS  0|AC  0|TAMS 0x0000000083900000, 0x0000000083900000|
|  46|0x0000000083a00000, 0x0000000083b00000, 0x0000000083b00000|100%|HS|  |TS  0|AC  0|TAMS 0x0000000083a00000, 0x0000000083a00000|
|  47|0x0000000083b00000, 0x0000000083c00000, 0x0000000083c00000|100%|HC|  |TS  0|AC  0|TAMS 0x0000000083b00000, 0x0000000083b00000|
|  48|0x0000000083c00000, 0x0000000083c00000, 0x0000000083d00000|  0%| F|  |TS  0|AC  0|TAMS 0x0000000083c00000, 0x0000000083c00000|
|  49|0x0000000083d00000, 0x0000000083d00000, 0x0000000083e00000|  0%| F|  |TS  0|AC  0|TAMS 0x0000000083d00000, 0x0000000083d00000|
|  50|0x0000000083e00000, 0x0000000083e00000, 0x0000000083f00000|  0%| F|  |TS  0|AC  0|TAMS 0x0000000083e00000, 0x0000000083e00000|
|  51|0x0000000083f00000, 0x0000000083f00000, 0x0000000084000000|  0%| F|  |TS  0|AC  0|TAMS 0x0000000083f00000, 0x0000000083f00000|
|  52|0x0000000084000000, 0x0000000084000000, 0x0000000084100000|  0%| F|  |TS  0|AC  0|TAMS 0x0000000084000000, 0x0000000084000000|
|  53|0x0000000084100000, 0x0000000084100000, 0x0000000084200000|  0%| F|  |TS  0|AC  0|TAMS 0x0000000084100000, 0x0000000084100000|
|  54|0x0000000084200000, 0x0000000084200000, 0x0000000084300000|  0%| F|  |TS  0|AC  0|TAMS 0x0000000084200000, 0x0000000084200000|
|  55|0x0000000084300000, 0x0000000084300000, 0x0000000084400000|  0%| F|  |TS  0|AC  0|TAMS 0x0000000084300000, 0x0000000084300000|
|  56|0x0000000084400000, 0x0000000084400000, 0x0000000084500000|  0%| F|  |TS  0|AC  0|TAMS 0x0000000084400000, 0x0000000084400000|
|  57|0x0000000084500000, 0x0000000084500000, 0x0000000084600000|  0%| F|  |TS  0|AC  0|TAMS 0x0000000084500000, 0x0000000084500000|
|  58|0x0000000084600000, 0x0000000084600000, 0x0000000084700000|  0%| F|  |TS  0|AC  0|TAMS 0x0000000084600000, 0x0000000084600000|
|  59|0x0000000084700000, 0x0000000084700000, 0x0000000084800000|  0%| F|  |TS  0|AC  0|TAMS 0x0000000084700000, 0x0000000084700000|
|  60|0x0000000084800000, 0x0000000084800000, 0x0000000084900000|  0%| F|  |TS  0|AC  0|TAMS 0x0000000084800000, 0x0000000084800000|
|  61|0x0000000084900000, 0x0000000084900000, 0x0000000084a00000|  0%| F|  |TS  0|AC  0|TAMS 0x0000000084900000, 0x0000000084900000|
|  62|0x0000000084a00000, 0x0000000084a00000, 0x0000000084b00000|  0%| F|  |TS  0|AC  0|TAMS 0x0000000084a00000, 0x0000000084a00000|
|  63|0x0000000084b00000, 0x0000000084b00000, 0x0000000084c00000|  0%| F|  |TS  0|AC  0|TAMS 0x0000000084b00000, 0x0000000084b00000|
|  64|0x0000000084c00000, 0x0000000084c00000, 0x0000000084d00000|  0%| F|  |TS  0|AC  0|TAMS 0x0000000084c00000, 0x0000000084c00000|
|  65|0x0000000084d00000, 0x0000000084d00000, 0x0000000084e00000|  0%| F|  |TS  0|AC  0|TAMS 0x0000000084d00000, 0x0000000084d00000|
|  66|0x0000000084e00000, 0x0000000084e00000, 0x0000000084f00000|  0%| F|  |TS  0|AC  0|TAMS 0x0000000084e00000, 0x0000000084e00000|
|  67|0x0000000084f00000, 0x0000000084f00000, 0x0000000085000000|  0%| F|  |TS  0|AC  0|TAMS 0x0000000084f00000, 0x0000000084f00000|
|  68|0x0000000085000000, 0x0000000085000000, 0x0000000085100000|  0%| F|  |TS  0|AC  0|TAMS 0x0000000085000000, 0x0000000085000000|
|  69|0x0000000085100000, 0x0000000085100000, 0x0000000085200000|  0%| F|  |TS  0|AC  0|TAMS 0x0000000085100000, 0x0000000085100000|
|  70|0x0000000085200000, 0x0000000085200000, 0x0000000085300000|  0%| F|  |TS  0|AC  0|TAMS 0x0000000085200000, 0x0000000085200000|
|  71|0x0000000085300000, 0x0000000085300000, 0x0000000085400000|  0%| F|  |TS  0|AC  0|TAMS 0x0000000085300000, 0x0000000085300000|
|  72|0x0000000085400000, 0x0000000085400000, 0x0000000085500000|  0%| F|  |TS  0|AC  0|TAMS 0x0000000085400000, 0x0000000085400000|
|  73|0x0000000085500000, 0x0000000085500000, 0x0000000085600000|  0%| F|  |TS  0|AC  0|TAMS 0x0000000085500000, 0x0000000085500000|
|  74|0x0000000085600000, 0x0000000085600000, 0x0000000085700000|  0%| F|  |TS  0|AC  0|TAMS 0x0000000085600000, 0x0000000085600000|
|  75|0x0000000085700000, 0x0000000085700000, 0x0000000085800000|  0%| F|  |TS  0|AC  0|TAMS 0x0000000085700000, 0x0000000085700000|
|  76|0x0000000085800000, 0x0000000085800000, 0x0000000085900000|  0%| F|  |TS  0|AC  0|TAMS 0x0000000085800000, 0x0000000085800000|
|  77|0x0000000085900000, 0x0000000085900000, 0x0000000085a00000|  0%| F|  |TS  0|AC  0|TAMS 0x0000000085900000, 0x0000000085900000|
|  78|0x0000000085a00000, 0x0000000085a00000, 0x0000000085b00000|  0%| F|  |TS  0|AC  0|TAMS 0x0000000085a00000, 0x0000000085a00000|
|  79|0x0000000085b00000, 0x0000000085b00000, 0x0000000085c00000|  0%| F|  |TS  0|AC  0|TAMS 0x0000000085b00000, 0x0000000085b00000|
|  80|0x0000000085c00000, 0x0000000085c00000, 0x0000000085d00000|  0%| F|  |TS  0|AC  0|TAMS 0x0000000085c00000, 0x0000000085c00000|
|  81|0x0000000085d00000, 0x0000000085d00000, 0x0000000085e00000|  0%| F|  |TS  0|AC  0|TAMS 0x0000000085d00000, 0x0000000085d00000|
|  82|0x0000000085e00000, 0x0000000085e00000, 0x0000000085f00000|  0%| F|  |TS  0|AC  0|TAMS 0x0000000085e00000, 0x0000000085e00000|
|  83|0x0000000085f00000, 0x0000000085f00000, 0x0000000086000000|  0%| F|  |TS  0|AC  0|TAMS 0x0000000085f00000, 0x0000000085f00000|
|  84|0x0000000086000000, 0x0000000086000000, 0x0000000086100000|  0%| F|  |TS  0|AC  0|TAMS 0x0000000086000000, 0x0000000086000000|
|  85|0x0000000086100000, 0x0000000086100000, 0x0000000086200000|  0%| F|  |TS  0|AC  0|TAMS 0x0000000086100000, 0x0000000086100000|
|  86|0x0000000086200000, 0x0000000086200000, 0x0000000086300000|  0%| F|  |TS  0|AC  0|TAMS 0x0000000086200000, 0x0000000086200000|
|  87|0x0000000086300000, 0x0000000086300000, 0x0000000086400000|  0%| F|  |TS  0|AC  0|TAMS 0x0000000086300000, 0x0000000086300000|
|  88|0x0000000086400000, 0x0000000086400000, 0x0000000086500000|  0%| F|  |TS  0|AC  0|TAMS 0x0000000086400000, 0x0000000086400000|
|  89|0x0000000086500000, 0x0000000086500000, 0x0000000086600000|  0%| F|  |TS  0|AC  0|TAMS 0x0000000086500000, 0x0000000086500000|
|  90|0x0000000086600000, 0x0000000086600000, 0x0000000086700000|  0%| F|  |TS  0|AC  0|TAMS 0x0000000086600000, 0x0000000086600000|
|  91|0x0000000086700000, 0x0000000086700000, 0x0000000086800000|  0%| F|  |TS  0|AC  0|TAMS 0x0000000086700000, 0x0000000086700000|
|  92|0x0000000086800000, 0x00000000868466b0, 0x0000000086900000| 27%| S|CS|TS  1|AC  0|TAMS 0x0000000086800000, 0x0000000086800000|
|  93|0x0000000086900000, 0x0000000086a00000, 0x0000000086a00000|100%| S|CS|TS  1|AC  0|TAMS 0x0000000086900000, 0x0000000086900000|
|  94|0x0000000086a00000, 0x0000000086b00000, 0x0000000086b00000|100%| S|CS|TS  1|AC  0|TAMS 0x0000000086a00000, 0x0000000086a00000|
|  95|0x0000000086b00000, 0x0000000086c00000, 0x0000000086c00000|100%| S|CS|TS  1|AC  0|TAMS 0x0000000086b00000, 0x0000000086b00000|
|  96|0x0000000086c00000, 0x0000000086c00000, 0x0000000086d00000|  0%| F|  |TS  1|AC  0|TAMS 0x0000000086c00000, 0x0000000086c00000|
|  97|0x0000000086d00000, 0x0000000086d00000, 0x0000000086e00000|  0%| F|  |TS  1|AC  0|TAMS 0x0000000086d00000, 0x0000000086d00000|
|  98|0x0000000086e00000, 0x0000000086e00000, 0x0000000086f00000|  0%| F|  |TS  1|AC  0|TAMS 0x0000000086e00000, 0x0000000086e00000|
|  99|0x0000000086f00000, 0x0000000086f00000, 0x0000000087000000|  0%| F|  |TS  1|AC  0|TAMS 0x0000000086f00000, 0x0000000086f00000|
| 100|0x0000000087000000, 0x0000000087000000, 0x0000000087100000|  0%| F|  |TS  1|AC  0|TAMS 0x0000000087000000, 0x0000000087000000|
| 101|0x0000000087100000, 0x0000000087100000, 0x0000000087200000|  0%| F|  |TS  1|AC  0|TAMS 0x0000000087100000, 0x0000000087100000|
| 102|0x0000000087200000, 0x0000000087200000, 0x0000000087300000|  0%| F|  |TS  1|AC  0|TAMS 0x0000000087200000, 0x0000000087200000|
| 103|0x0000000087300000, 0x0000000087300000, 0x0000000087400000|  0%| F|  |TS  1|AC  0|TAMS 0x0000000087300000, 0x0000000087300000|
| 104|0x0000000087400000, 0x0000000087400000, 0x0000000087500000|  0%| F|  |TS  1|AC  0|TAMS 0x0000000087400000, 0x0000000087400000|
| 105|0x0000000087500000, 0x0000000087500000, 0x0000000087600000|  0%| F|  |TS  1|AC  0|TAMS 0x0000000087500000, 0x0000000087500000|
| 106|0x0000000087600000, 0x0000000087600000, 0x0000000087700000|  0%| F|  |TS  1|AC  0|TAMS 0x0000000087600000, 0x0000000087600000|
| 107|0x0000000087700000, 0x0000000087700000, 0x0000000087800000|  0%| F|  |TS  1|AC  0|TAMS 0x0000000087700000, 0x0000000087700000|
| 108|0x0000000087800000, 0x0000000087800000, 0x0000000087900000|  0%| F|  |TS  1|AC  0|TAMS 0x0000000087800000, 0x0000000087800000|
| 109|0x0000000087900000, 0x0000000087900000, 0x0000000087a00000|  0%| F|  |TS  1|AC  0|TAMS 0x0000000087900000, 0x0000000087900000|
| 110|0x0000000087a00000, 0x0000000087a00000, 0x0000000087b00000|  0%| F|  |TS  1|AC  0|TAMS 0x0000000087a00000, 0x0000000087a00000|
| 111|0x0000000087b00000, 0x0000000087b00000, 0x0000000087c00000|  0%| F|  |TS  1|AC  0|TAMS 0x0000000087b00000, 0x0000000087b00000|
| 112|0x0000000087c00000, 0x0000000087c00000, 0x0000000087d00000|  0%| F|  |TS  1|AC  0|TAMS 0x0000000087c00000, 0x0000000087c00000|
| 113|0x0000000087d00000, 0x0000000087d00000, 0x0000000087e00000|  0%| F|  |TS  1|AC  0|TAMS 0x0000000087d00000, 0x0000000087d00000|
| 114|0x0000000087e00000, 0x0000000087e00000, 0x0000000087f00000|  0%| F|  |TS  1|AC  0|TAMS 0x0000000087e00000, 0x0000000087e00000|
| 115|0x0000000087f00000, 0x0000000087f00000, 0x0000000088000000|  0%| F|  |TS  1|AC  0|TAMS 0x0000000087f00000, 0x0000000087f00000|
| 116|0x0000000088000000, 0x0000000088000000, 0x0000000088100000|  0%| F|  |TS  1|AC  0|TAMS 0x0000000088000000, 0x0000000088000000|
| 117|0x0000000088100000, 0x0000000088100000, 0x0000000088200000|  0%| F|  |TS  1|AC  0|TAMS 0x0000000088100000, 0x0000000088100000|
| 118|0x0000000088200000, 0x0000000088200000, 0x0000000088300000|  0%| F|  |TS  1|AC  0|TAMS 0x0000000088200000, 0x0000000088200000|
| 119|0x0000000088300000, 0x0000000088300000, 0x0000000088400000|  0%| F|  |TS  1|AC  0|TAMS 0x0000000088300000, 0x0000000088300000|
| 120|0x0000000088400000, 0x0000000088400000, 0x0000000088500000|  0%| F|  |TS  1|AC  0|TAMS 0x0000000088400000, 0x0000000088400000|
| 121|0x0000000088500000, 0x0000000088500000, 0x0000000088600000|  0%| F|  |TS  1|AC  0|TAMS 0x0000000088500000, 0x0000000088500000|
| 122|0x0000000088600000, 0x0000000088600000, 0x0000000088700000|  0%| F|  |TS  1|AC  0|TAMS 0x0000000088600000, 0x0000000088600000|
| 123|0x0000000088700000, 0x0000000088700000, 0x0000000088800000|  0%| F|  |TS  1|AC  0|TAMS 0x0000000088700000, 0x0000000088700000|
| 124|0x0000000088800000, 0x0000000088800000, 0x0000000088900000|  0%| F|  |TS  1|AC  0|TAMS 0x0000000088800000, 0x0000000088800000|
| 125|0x0000000088900000, 0x0000000088900000, 0x0000000088a00000|  0%| F|  |TS  1|AC  0|TAMS 0x0000000088900000, 0x0000000088900000|
| 126|0x0000000088a00000, 0x0000000088a537b8, 0x0000000088b00000| 32%| E|  |TS  1|AC  0|TAMS 0x0000000088a00000, 0x0000000088a00000|
| 127|0x0000000088b00000, 0x0000000088c00000, 0x0000000088c00000|100%| E|CS|TS  1|AC  0|TAMS 0x0000000088b00000, 0x0000000088b00000|

Card table byte_map: [0x0000000003f90000,0x0000000004390000] byte_map_base: 0x0000000003b8a000

Marking Bits (Prev, Next): (CMBitMap*) 0x00000000067aac00, (CMBitMap*) 0x00000000067aac38
 Prev Bits: [0x0000000004790000, 0x0000000006760000)
 Next Bits: [0x0000000022110000, 0x00000000240e0000)

Polling page: 0x00000000001e0000

CodeHeap 'non-profiled nmethods': size=120000Kb used=2142Kb max_used=2142Kb free=117857Kb
 bounds [0x000000001abe0000, 0x000000001ae50000, 0x0000000022110000]
CodeHeap 'profiled nmethods': size=120000Kb used=8770Kb max_used=8770Kb free=111229Kb
 bounds [0x00000000136b0000, 0x0000000013f50000, 0x000000001abe0000]
CodeHeap 'non-nmethods': size=5760Kb used=1429Kb max_used=1462Kb free=4330Kb
 bounds [0x0000000013110000, 0x0000000013380000, 0x00000000136b0000]
 total_blobs=6090 nmethods=4132 adapters=846
 compilation: enabled

Compilation events (10 events):
Event: 72.835 Thread 0x00000000679ea000 nmethod 4128 0x0000000013f3c690 code [0x0000000013f3c8c0, 0x0000000013f3d0f8]
Event: 72.835 Thread 0x00000000679ea000 4129   !   3       jdk.internal.ref.PhantomCleanable::isListEmpty (34 bytes)
Event: 72.835 Thread 0x00000000679ea000 nmethod 4129 0x0000000013f3d410 code [0x0000000013f3d5c0, 0x0000000013f3d8f0]
Event: 72.835 Thread 0x00000000679ea000 4130       3       jdk.internal.misc.InnocuousThread::eraseThreadLocals (23 bytes)
Event: 72.835 Thread 0x00000000679ea000 nmethod 4130 0x0000000013f3da10 code [0x0000000013f3dbc0, 0x0000000013f3de10]
Event: 72.835 Thread 0x00000000679ea000 4131       3       java.lang.invoke.MethodHandleNatives$CallSiteContext::run (5 bytes)
Event: 72.836 Thread 0x00000000679ea000 nmethod 4131 0x0000000013f3de90 code [0x0000000013f3e060, 0x0000000013f3e248]
Event: 72.836 Thread 0x00000000679ea000 4132       3       java.lang.invoke.MethodHandleNatives::access$000 (5 bytes)
Event: 72.836 Thread 0x00000000679ea000 nmethod 4132 0x0000000013f3e310 code [0x0000000013f3e4c0, 0x0000000013f3e628]
Event: 72.836 Thread 0x00000000679ea000 4126   !   3       jdk.internal.ref.Cleaner::clean (35 bytes)

GC Heap History (6 events):
Event: 1.810 GC heap before
{Heap before GC invocations=0 (full 0):
 garbage-first heap   total 131072K, used 23552K [0x0000000080c00000, 0x0000000100000000)
  region size 1024K, 24 young (24576K), 0 survivors (0K)
 Metaspace       used 20559K, capacity 21138K, committed 21296K, reserved 1067008K
  class space    used 2542K, capacity 2850K, committed 2864K, reserved 1048576K
}
Event: 1.821 GC heap after
{Heap after GC invocations=1 (full 0):
 garbage-first heap   total 131072K, used 6038K [0x0000000080c00000, 0x0000000100000000)
  region size 1024K, 3 young (3072K), 3 survivors (3072K)
 Metaspace       used 20559K, capacity 21138K, committed 21296K, reserved 1067008K
  class space    used 2542K, capacity 2850K, committed 2864K, reserved 1048576K
}
Event: 1.951 GC heap before
{Heap before GC invocations=2 (full 0):
 garbage-first heap   total 131072K, used 9110K [0x0000000080c00000, 0x0000000100000000)
  region size 1024K, 6 young (6144K), 3 survivors (3072K)
 Metaspace       used 21751K, capacity 22428K, committed 22908K, reserved 1069056K
  class space    used 2766K, capacity 3111K, committed 3196K, reserved 1048576K
}
Event: 1.962 GC heap after
{Heap after GC invocations=3 (full 0):
 garbage-first heap   total 131072K, used 6701K [0x0000000080c00000, 0x0000000100000000)
  region size 1024K, 1 young (1024K), 1 survivors (1024K)
 Metaspace       used 21751K, capacity 22428K, committed 22908K, reserved 1069056K
  class space    used 2766K, capacity 3111K, committed 3196K, reserved 1048576K
}
Event: 72.826 GC heap before
{Heap before GC invocations=4 (full 0):
 garbage-first heap   total 131072K, used 80429K [0x0000000080c00000, 0x0000000100000000)
  region size 1024K, 32 young (32768K), 1 survivors (1024K)
 Metaspace       used 29542K, capacity 30410K, committed 30588K, reserved 1075200K
  class space    used 3516K, capacity 3947K, committed 3964K, reserved 1048576K
}
Event: 72.833 GC heap after
{Heap after GC invocations=5 (full 0):
 garbage-first heap   total 131072K, used 24914K [0x0000000080c00000, 0x0000000100000000)
  region size 1024K, 4 young (4096K), 4 survivors (4096K)
 Metaspace       used 29542K, capacity 30410K, committed 30588K, reserved 1075200K
  class space    used 3516K, capacity 3947K, committed 3964K, reserved 1048576K
}

Deoptimization events (10 events):
Event: 63.591 Thread 0x0000000069128000 Uncommon trap: reason=class_check action=maybe_recompile pc=0x000000001ad25768 method=com.sun.javafx.css.StyleMap.getCascadingStyles()Ljava/util/Map; @ 77 c2
Event: 63.591 Thread 0x0000000069128000 Uncommon trap: reason=class_check action=maybe_recompile pc=0x000000001ad25768 method=com.sun.javafx.css.StyleMap.getCascadingStyles()Ljava/util/Map; @ 77 c2
Event: 63.592 Thread 0x0000000069128000 Uncommon trap: reason=class_check action=maybe_recompile pc=0x000000001ad25768 method=com.sun.javafx.css.StyleMap.getCascadingStyles()Ljava/util/Map; @ 77 c2
Event: 63.599 Thread 0x0000000069128000 Uncommon trap: reason=unstable_if action=reinterpret pc=0x000000001ad67f90 method=javafx.scene.paint.Color.equals(Ljava/lang/Object;)Z @ 28 c2
Event: 63.600 Thread 0x0000000069128000 Uncommon trap: reason=unstable_if action=reinterpret pc=0x000000001ad8ccc0 method=javafx.scene.Node.updateBounds()V @ 27 c2
Event: 63.610 Thread 0x00000000690e1800 Uncommon trap: reason=unstable_if action=reinterpret pc=0x000000001ad5b410 method=com.sun.prism.impl.BaseGraphics.validateTransformAndPaint()V @ 20 c2
Event: 63.616 Thread 0x00000000690e1800 Uncommon trap: reason=unstable_if action=reinterpret pc=0x000000001ad77bf8 method=com.sun.prism.impl.ps.BaseShaderContext.updatePerVertexColor(Lcom/sun/prism/paint/Paint;F)V @ 11 c2
Event: 63.616 Thread 0x00000000690e1800 Uncommon trap: reason=unstable_if action=reinterpret pc=0x000000001ad878d8 method=com.sun.javafx.sg.prism.NGRegion.renderContent(Lcom/sun/prism/Graphics;)V @ 92 c2
Event: 63.617 Thread 0x00000000690e1800 Uncommon trap: reason=unstable_if action=reinterpret pc=0x000000001ad69778 method=com.sun.prism.impl.GlyphCache.getCachedGlyph(II)Lcom/sun/prism/impl/GlyphCache$GlyphData; @ 43 c2
Event: 72.680 Thread 0x0000000069128000 Uncommon trap: reason=unstable_if action=reinterpret pc=0x000000001ad3ae40 method=com.sun.javafx.image.impl.IntTo4ByteSameConverter.doConvert([III[BIIII)V @ 29 c2

Classes redefined (0 events):
No events

Internal exceptions (10 events):
Event: 9.569 Thread 0x0000000069128000 Exception <a 'java/io/FileNotFoundException'{0x0000000087445f78}> (0x0000000087445f78) thrown at [t:/workspace/open/src/hotspot/share/prims/jni.cpp, line 611]
Event: 9.569 Thread 0x0000000069128000 Exception <a 'java/io/FileNotFoundException'{0x0000000087449af8}> (0x0000000087449af8) thrown at [t:/workspace/open/src/hotspot/share/prims/jni.cpp, line 611]
Event: 9.657 Thread 0x00000000690e1800 Exception <a 'java/lang/ClassCastException'{0x0000000087430938}: com.google.gson.internal.LinkedTreeMap cannot be cast to javafx.graphics@10.0.2/com.sun.prism.paint.Paint> (0x0000000087430938) thrown at [t:/workspace/open/src/hotspot/share/interpreter/int
Event: 64.530 Thread 0x0000000069128000 Exception <a 'java/lang/NoSuchMethodError'{0x0000000086da9460}: method resolution failed> (0x0000000086da9460) thrown at [t:/workspace/open/src/hotspot/share/prims/methodHandles.cpp, line 1226]
Event: 64.532 Thread 0x0000000069128000 Exception <a 'java/lang/NoSuchMethodError'{0x0000000086db0750}: java.lang.invoke.DirectMethodHandle$Holder.invokeStatic(Ljava/lang/Object;Ljava/lang/Object;IIIIILjava/lang/Object;)Ljava/lang/Object;> (0x0000000086db0750) thrown at [t:/workspace/open/src/h
Event: 64.533 Thread 0x0000000069128000 Exception <a 'java/lang/NoSuchMethodError'{0x0000000086db3fe8}: method resolution failed> (0x0000000086db3fe8) thrown at [t:/workspace/open/src/hotspot/share/prims/methodHandles.cpp, line 1226]
Event: 64.534 Thread 0x0000000069128000 Exception <a 'java/lang/NoSuchMethodError'{0x0000000086dba8d0}: method resolution failed> (0x0000000086dba8d0) thrown at [t:/workspace/open/src/hotspot/share/prims/methodHandles.cpp, line 1226]
Event: 64.535 Thread 0x0000000069128000 Exception <a 'java/lang/NoSuchMethodError'{0x0000000086dc1f98}: java.lang.invoke.DirectMethodHandle$Holder.invokeStatic(Ljava/lang/Object;Ljava/lang/Object;Ljava/lang/Object;IIIII)Ljava/lang/Object;> (0x0000000086dc1f98) thrown at [t:/workspace/open/src/h
Event: 64.536 Thread 0x0000000069128000 Exception <a 'java/lang/NoSuchMethodError'{0x0000000086dc5738}: method resolution failed> (0x0000000086dc5738) thrown at [t:/workspace/open/src/hotspot/share/prims/methodHandles.cpp, line 1226]
Event: 72.686 Thread 0x00000000690e1800 Exception <a 'java/lang/ClassCastException'{0x0000000086cd7fb0}: com.google.gson.internal.LinkedTreeMap cannot be cast to javafx.graphics@10.0.2/com.sun.prism.paint.Paint> (0x0000000086cd7fb0) thrown at [t:/workspace/open/src/hotspot/share/interpreter/int

Events (10 events):
Event: 64.589 loading class com/sun/javafx/tk/quantum/WindowStage done
Event: 72.679 Thread 0x0000000069128000 DEOPT PACKING pc=0x0000000013bbcd04 sp=0x000000006a4ac630
Event: 72.679 Thread 0x0000000069128000 DEOPT UNPACKING pc=0x0000000013136fc6 sp=0x000000006a4abad8 mode 0
Event: 72.680 Thread 0x0000000069128000 Uncommon trap: trap_request=0xffffff55 fr.pc=0x000000001ad3ae40 relative=0x0000000000000a00
Event: 72.680 Thread 0x0000000069128000 DEOPT PACKING pc=0x000000001ad3ae40 sp=0x000000006a4ac570
Event: 72.680 Thread 0x0000000069128000 DEOPT UNPACKING pc=0x00000000131371a7 sp=0x000000006a4ac5d8 mode 2
Event: 72.826 Executing VM operation: G1IncCollectionPause
Event: 72.833 Executing VM operation: G1IncCollectionPause done
Event: 72.833 Executing VM operation: RevokeBias
Event: 72.833 Executing VM operation: RevokeBias done


Dynamic libraries:
0x000000013f3b0000 - 0x000000013f3ee000 	C:\Program Files\Java\jdk-10.0.2\bin\javaw.exe
0x0000000077b60000 - 0x0000000077d09000 	C:\Windows\SYSTEM32\ntdll.dll
0x0000000077a40000 - 0x0000000077b5f000 	C:\Windows\system32\kernel32.dll
0x000007fefda20000 - 0x000007fefda8b000 	C:\Windows\system32\KERNELBASE.dll
0x000007feffb40000 - 0x000007feffc1b000 	C:\Windows\system32\ADVAPI32.dll
0x000007fefdf80000 - 0x000007fefe01f000 	C:\Windows\system32\msvcrt.dll
0x000007fefe050000 - 0x000007fefe06f000 	C:\Windows\SYSTEM32\sechost.dll
0x000007feffd30000 - 0x000007feffe5d000 	C:\Windows\system32\RPCRT4.dll
0x0000000077940000 - 0x0000000077a3a000 	C:\Windows\system32\USER32.dll
0x000007feffad0000 - 0x000007feffb37000 	C:\Windows\system32\GDI32.dll
0x000007feff220000 - 0x000007feff22e000 	C:\Windows\system32\LPK.dll
0x000007feff230000 - 0x000007feff2f9000 	C:\Windows\system32\USP10.dll
0x000007fefc530000 - 0x000007fefc724000 	C:\Windows\WinSxS\amd64_microsoft.windows.common-controls_6595b64144ccf1df_6.0.7601.17514_none_fa396087175ac9ac\COMCTL32.dll
0x000007feff380000 - 0x000007feff3f1000 	C:\Windows\system32\SHLWAPI.dll
0x000007fefca50000 - 0x000007fefca5c000 	C:\Windows\system32\VERSION.dll
0x000007fefe020000 - 0x000007fefe04e000 	C:\Windows\system32\IMM32.DLL
0x000007feffc20000 - 0x000007feffd29000 	C:\Windows\system32\MSCTF.dll
0x000007fee1860000 - 0x000007fee194f000 	C:\Program Files\Java\jdk-10.0.2\bin\msvcr120.dll
0x000007fee0c30000 - 0x000007fee0cd6000 	C:\Program Files\Java\jdk-10.0.2\bin\msvcp120.dll
0x00000000073f0000 - 0x0000000007e60000 	C:\Program Files\Java\jdk-10.0.2\bin\server\jvm.dll
0x000007fefc510000 - 0x000007fefc519000 	C:\Windows\system32\WSOCK32.dll
0x000007feff670000 - 0x000007feff6bd000 	C:\Windows\system32\WS2_32.dll
0x000007feffe60000 - 0x000007feffe68000 	C:\Windows\system32\NSI.dll
0x000007fefaa00000 - 0x000007fefaa3b000 	C:\Windows\system32\WINMM.dll
0x0000000077d30000 - 0x0000000077d37000 	C:\Windows\system32\PSAPI.DLL
0x000007fefae40000 - 0x000007fefae4f000 	C:\Program Files\Java\jdk-10.0.2\bin\verify.dll
0x000007fee2790000 - 0x000007fee28b5000 	C:\Windows\system32\DBGHELP.DLL
0x000007fef40c0000 - 0x000007fef40e7000 	C:\Program Files\Java\jdk-10.0.2\bin\java.dll
0x000007fef3700000 - 0x000007fef3716000 	C:\Program Files\Java\jdk-10.0.2\bin\zip.dll
0x000007fefad90000 - 0x000007fefad9a000 	C:\Program Files\Java\jdk-10.0.2\bin\jimage.dll
0x000007fefe110000 - 0x000007fefee98000 	C:\Windows\system32\SHELL32.dll
0x000007feff460000 - 0x000007feff663000 	C:\Windows\system32\ole32.dll
0x000007fefd910000 - 0x000007fefd91f000 	C:\Windows\system32\profapi.dll
0x000007fef76f0000 - 0x000007fef76f3000 	C:\Program Files\Java\jdk-10.0.2\bin\api-ms-win-core-console-l1-1-0.dll
0x000007fef4650000 - 0x000007fef4653000 	C:\Program Files\Java\jdk-10.0.2\bin\api-ms-win-core-datetime-l1-1-0.dll
0x000007fef45a0000 - 0x000007fef45a3000 	C:\Program Files\Java\jdk-10.0.2\bin\api-ms-win-core-debug-l1-1-0.dll
0x000007fef4580000 - 0x000007fef4583000 	C:\Program Files\Java\jdk-10.0.2\bin\api-ms-win-core-errorhandling-l1-1-0.dll
0x000007fef4300000 - 0x000007fef4304000 	C:\Program Files\Java\jdk-10.0.2\bin\api-ms-win-core-file-l1-1-0.dll
0x000007fef40b0000 - 0x000007fef40b3000 	C:\Program Files\Java\jdk-10.0.2\bin\api-ms-win-core-file-l1-2-0.dll
0x000007fef36f0000 - 0x000007fef36f3000 	C:\Program Files\Java\jdk-10.0.2\bin\api-ms-win-core-file-l2-1-0.dll
0x000007fef36e0000 - 0x000007fef36e3000 	C:\Program Files\Java\jdk-10.0.2\bin\api-ms-win-core-handle-l1-1-0.dll
0x000007fef1460000 - 0x000007fef1463000 	C:\Program Files\Java\jdk-10.0.2\bin\api-ms-win-core-heap-l1-1-0.dll
0x000007fef1450000 - 0x000007fef1453000 	C:\Program Files\Java\jdk-10.0.2\bin\api-ms-win-core-interlocked-l1-1-0.dll
0x000007fef1440000 - 0x000007fef1443000 	C:\Program Files\Java\jdk-10.0.2\bin\api-ms-win-core-libraryloader-l1-1-0.dll
0x000007fef1230000 - 0x000007fef1233000 	C:\Program Files\Java\jdk-10.0.2\bin\api-ms-win-core-localization-l1-2-0.dll
0x000007fef1220000 - 0x000007fef1223000 	C:\Program Files\Java\jdk-10.0.2\bin\api-ms-win-core-memory-l1-1-0.dll
0x000007fef11f0000 - 0x000007fef11f3000 	C:\Program Files\Java\jdk-10.0.2\bin\api-ms-win-core-namedpipe-l1-1-0.dll
0x000007fef11e0000 - 0x000007fef11e3000 	C:\Program Files\Java\jdk-10.0.2\bin\api-ms-win-core-processenvironment-l1-1-0.dll
0x000007fef11d0000 - 0x000007fef11d3000 	C:\Program Files\Java\jdk-10.0.2\bin\api-ms-win-core-processthreads-l1-1-0.dll
0x000007fef0ff0000 - 0x000007fef0ff3000 	C:\Program Files\Java\jdk-10.0.2\bin\api-ms-win-core-processthreads-l1-1-1.dll
0x000007fef0fe0000 - 0x000007fef0fe3000 	C:\Program Files\Java\jdk-10.0.2\bin\api-ms-win-core-profile-l1-1-0.dll
0x000007fef0e60000 - 0x000007fef0e63000 	C:\Program Files\Java\jdk-10.0.2\bin\api-ms-win-core-rtlsupport-l1-1-0.dll
0x000007fef0c50000 - 0x000007fef0c53000 	C:\Program Files\Java\jdk-10.0.2\bin\api-ms-win-core-string-l1-1-0.dll
0x000007fef0c40000 - 0x000007fef0c43000 	C:\Program Files\Java\jdk-10.0.2\bin\api-ms-win-core-synch-l1-1-0.dll
0x000007feea7b0000 - 0x000007feea7b3000 	C:\Program Files\Java\jdk-10.0.2\bin\api-ms-win-core-synch-l1-2-0.dll
0x000007feea7a0000 - 0x000007feea7a3000 	C:\Program Files\Java\jdk-10.0.2\bin\api-ms-win-core-sysinfo-l1-1-0.dll
0x000007feea790000 - 0x000007feea793000 	C:\Program Files\Java\jdk-10.0.2\bin\api-ms-win-core-timezone-l1-1-0.dll
0x000007feea780000 - 0x000007feea783000 	C:\Program Files\Java\jdk-10.0.2\bin\api-ms-win-core-util-l1-1-0.dll
0x000007fee2400000 - 0x000007fee2403000 	C:\Program Files\Java\jdk-10.0.2\bin\api-ms-win-crt-conio-l1-1-0.dll
0x000007fee23f0000 - 0x000007fee23f4000 	C:\Program Files\Java\jdk-10.0.2\bin\api-ms-win-crt-convert-l1-1-0.dll
0x000007fee23e0000 - 0x000007fee23e3000 	C:\Program Files\Java\jdk-10.0.2\bin\api-ms-win-crt-environment-l1-1-0.dll
0x000007fee23d0000 - 0x000007fee23d3000 	C:\Program Files\Java\jdk-10.0.2\bin\api-ms-win-crt-filesystem-l1-1-0.dll
0x000007fee23c0000 - 0x000007fee23c3000 	C:\Program Files\Java\jdk-10.0.2\bin\api-ms-win-crt-heap-l1-1-0.dll
0x000007fee23b0000 - 0x000007fee23b3000 	C:\Program Files\Java\jdk-10.0.2\bin\api-ms-win-crt-locale-l1-1-0.dll
0x000007fee23a0000 - 0x000007fee23a5000 	C:\Program Files\Java\jdk-10.0.2\bin\api-ms-win-crt-math-l1-1-0.dll
0x000007fee22d0000 - 0x000007fee22d5000 	C:\Program Files\Java\jdk-10.0.2\bin\api-ms-win-crt-multibyte-l1-1-0.dll
0x000007fee22c0000 - 0x000007fee22d0000 	C:\Program Files\Java\jdk-10.0.2\bin\api-ms-win-crt-private-l1-1-0.dll
0x000007fee22b0000 - 0x000007fee22b3000 	C:\Program Files\Java\jdk-10.0.2\bin\api-ms-win-crt-process-l1-1-0.dll
0x000007fee21e0000 - 0x000007fee21e4000 	C:\Program Files\Java\jdk-10.0.2\bin\api-ms-win-crt-runtime-l1-1-0.dll
0x000007fee21d0000 - 0x000007fee21d4000 	C:\Program Files\Java\jdk-10.0.2\bin\api-ms-win-crt-stdio-l1-1-0.dll
0x000007fee21c0000 - 0x000007fee21c4000 	C:\Program Files\Java\jdk-10.0.2\bin\api-ms-win-crt-string-l1-1-0.dll
0x000007fee21b0000 - 0x000007fee21b3000 	C:\Program Files\Java\jdk-10.0.2\bin\api-ms-win-crt-time-l1-1-0.dll
0x000007fee21a0000 - 0x000007fee21a3000 	C:\Program Files\Java\jdk-10.0.2\bin\api-ms-win-crt-utility-l1-1-0.dll
0x000007fedf0a0000 - 0x000007fedf196000 	C:\Program Files\Java\jdk-10.0.2\bin\ucrtbase.dll
0x000007fee2180000 - 0x000007fee2196000 	C:\Program Files\Java\jdk-10.0.2\bin\vcruntime140.dll
0x000007fee0b90000 - 0x000007fee0c2c000 	C:\Program Files\Java\jdk-10.0.2\bin\msvcp140.dll
0x000007fee19c0000 - 0x000007fee1a11000 	C:\Program Files\Java\jdk-10.0.2\bin\concrt140.dll
0x000007fee1830000 - 0x000007fee1853000 	C:\Program Files\Java\jdk-10.0.2\bin\prism_d3d.dll
0x000007fef4de0000 - 0x000007fef4fdf000 	C:\Windows\system32\d3d9.dll
0x000007fef4dd0000 - 0x000007fef4dd7000 	C:\Windows\system32\d3d8thk.dll
0x000007fefbbb0000 - 0x000007fefbbc8000 	C:\Windows\system32\dwmapi.dll
0x000007fefc1b0000 - 0x000007fefc206000 	C:\Windows\system32\uxtheme.dll
0x000007fef7470000 - 0x000007fef75ad000 	C:\Windows\system32\aticfx64.dll
0x000007fee59a0000 - 0x000007fee59c0000 	C:\Windows\system32\atiu9p64.dll
0x000007fee5240000 - 0x000007fee5998000 	C:\Windows\system32\atiumd64.dll
0x0000000069b70000 - 0x000000006a245000 	C:\Windows\system32\atiumd6a.dll
0x000007fee17e0000 - 0x000007fee182a000 	C:\Program Files\Java\jdk-10.0.2\bin\glass.dll
0x000007fefe070000 - 0x000007fefe107000 	C:\Windows\system32\COMDLG32.dll
0x000007feff140000 - 0x000007feff217000 	C:\Windows\system32\OLEAUT32.dll
0x000007fefd840000 - 0x000007fefd84f000 	C:\Windows\system32\CRYPTBASE.dll
0x000007fee0b70000 - 0x000007fee0b8a000 	C:\Program Files\Java\jdk-10.0.2\bin\net.dll
0x000007fef95f0000 - 0x000007fef9661000 	C:\Windows\system32\WINHTTP.dll
0x000007fef9580000 - 0x000007fef95e4000 	C:\Windows\system32\webio.dll
0x000007fefd180000 - 0x000007fefd1d5000 	C:\Windows\system32\mswsock.dll
0x000007fefd170000 - 0x000007fefd177000 	C:\Windows\System32\wship6.dll
0x000007fee0740000 - 0x000007fee0751000 	C:\Program Files\Java\jdk-10.0.2\bin\nio.dll
0x000007fecbce0000 - 0x000007fecea98000 	C:\Users\CB\Desktop\opencv\build\java\x64\opencv_java343.dll
0x000007fedf070000 - 0x000007fedf099000 	C:\Windows\system32\MSVFW32.dll
0x000007fee0720000 - 0x000007fee073f000 	C:\Windows\system32\AVIFIL32.dll
0x000007fef4390000 - 0x000007fef43a8000 	C:\Windows\system32\MSACM32.dll
0x000007fedf050000 - 0x000007fedf067000 	C:\Windows\system32\AVICAP32.dll
0x000007fef3da0000 - 0x000007fef3e0c000 	C:\Windows\system32\MFPlat.DLL
0x000007fefbd40000 - 0x000007fefbd49000 	C:\Windows\system32\AVRT.dll
0x000007fee0760000 - 0x000007fee0b51000 	C:\Windows\system32\MF.dll
0x000007fefb5c0000 - 0x000007fefb5d9000 	C:\Windows\system32\ATL.DLL
0x0000000002380000 - 0x0000000002386000 	C:\Windows\system32\ksuser.dll
0x000007fedf000000 - 0x000007fedf042000 	C:\Windows\system32\MFReadWrite.dll
0x000007fef7720000 - 0x000007fef78f5000 	C:\Windows\system32\d3d11.dll
0x000007fef7920000 - 0x000007fef797d000 	C:\Windows\system32\dxgi.dll
0x000007fefdc40000 - 0x000007fefdc44000 	C:\Windows\system32\api-ms-win-downlevel-shlwapi-l1-1-0.dll
0x000007fedefe0000 - 0x000007fedeff4000 	C:\Program Files\Java\jdk-10.0.2\bin\javafx_font.dll
0x000007fedee40000 - 0x000007fedefdb000 	C:\Program Files\Java\jdk-10.0.2\bin\awt.dll
0x000007feddaa0000 - 0x000007fedde64000 	C:\Windows\system32\d2d1.dll
0x000007fededd0000 - 0x000007fedee35000 	C:\Program Files\Java\jdk-10.0.2\bin\fontmanager.dll
0x000007fefcb20000 - 0x000007fefcb27000 	C:\Windows\System32\wshtcpip.dll
0x000007fefd000000 - 0x000007fefd05b000 	C:\Windows\system32\DNSAPI.dll
0x000007fefaec0000 - 0x000007fefaee7000 	C:\Windows\system32\IPHLPAPI.DLL
0x000007fefaea0000 - 0x000007fefaeab000 	C:\Windows\system32\WINNSI.DLL
0x000007fef94d0000 - 0x000007fef94d8000 	C:\Windows\system32\rasadhlp.dll
0x000007fefabc0000 - 0x000007fefac13000 	C:\Windows\System32\fwpuclnt.dll
0x000007fee64f0000 - 0x000007fee6686000 	C:\Windows\system32\dwrite.dll
0x000007feff080000 - 0x000007feff119000 	C:\Windows\system32\CLBCatQ.DLL
0x000007fefb970000 - 0x000007fefbad1000 	C:\Windows\system32\WindowsCodecs.dll
0x000007fefd7e0000 - 0x000007fefd837000 	C:\Windows\system32\apphelp.dll
0x000007fef6300000 - 0x000007fef6492000 	C:\Users\CB\AppData\Local\Microsoft\OneDrive\17.3.6281.1202\amd64\FileSyncShell64.dll
0x000007fefdd40000 - 0x000007fefdf80000 	C:\Windows\system32\WININET.dll
0x000007fefdc80000 - 0x000007fefdc84000 	C:\Windows\system32\api-ms-win-downlevel-user32-l1-1-0.dll
0x000007fefdc70000 - 0x000007fefdc74000 	C:\Windows\system32\api-ms-win-downlevel-version-l1-1-0.dll

dbghelp: loaded successfully - version: 4.0.5 - missing functions: none
symbol engine: initialized successfully - sym options: 0x614 - pdb path: .;C:\Program Files\Java\jdk-10.0.2\bin;C:\Windows\SYSTEM32;C:\Windows\WinSxS\amd64_microsoft.windows.common-controls_6595b64144ccf1df_6.0.7601.17514_none_fa396087175ac9ac;C:\Program Files\Java\jdk-10.0.2\bin\server;C:\Users\CB\Desktop\opencv\build\java\x64;C:\Users\CB\AppData\Local\Microsoft\OneDrive\17.3.6281.1202\amd64;C:\Program Files (x86)\Microsoft Office\root\VFS\ProgramFilesX64\Microsoft Office\Office16;C:\Program Files (x86)\Microsoft Office\root\VFS\ProgramFilesX64\Microsoft Office\Office16\1033;C:\Program Files\Common Files\Microsoft Shared\Ink;C:\Program Files\Internet Explorer;C:\Program Files (x86)\Common Files\Autodesk Shared

VM Arguments:
jvm_args: -Djava.library.path=C:\Users\CB\Desktop\opencv\build\java\x64 -Dfile.encoding=Cp1252 
java_command: edu.augustana.csc285.heron.Main
java_class_path (initial): C:\git\HeronRepo\ProjectHeron\bin;C:\Users\CB\Desktop\opencv\build\java\opencv-343.jar;C:\Users\CB\.p2\pool\plugins\org.junit.jupiter.api_5.1.0.v20180327-1502.jar;C:\Users\CB\.p2\pool\plugins\org.junit.jupiter.engine_5.1.0.v20180327-1502.jar;C:\Users\CB\.p2\pool\plugins\org.junit.jupiter.migrationsupport_5.1.0.v20180327-1502.jar;C:\Users\CB\.p2\pool\plugins\org.junit.jupiter.params_5.1.0.v20180327-1502.jar;C:\Users\CB\.p2\pool\plugins\org.junit.platform.commons_1.1.0.v20180327-1502.jar;C:\Users\CB\.p2\pool\plugins\org.junit.platform.engine_1.1.0.v20180327-1502.jar;C:\Users\CB\.p2\pool\plugins\org.junit.platform.launcher_1.1.0.v20180327-1502.jar;C:\Users\CB\.p2\pool\plugins\org.junit.platform.runner_1.1.0.v20180327-1502.jar;C:\Users\CB\.p2\pool\plugins\org.junit.platform.suite.api_1.1.0.v20180327-1502.jar;C:\Users\CB\.p2\pool\plugins\org.junit.vintage.engine_5.1.0.v20180327-1502.jar;C:\Users\CB\.p2\pool\plugins\org.opentest4j_1.0.0.v20180327-1502.jar;C:\Users\CB\.p2\pool\plugins\org.apiguardian_1.0.0.v20180327-1502.jar;C:\Users\CB\.p2\pool\plugins\org.junit_4.12.0.v201504281640\junit.jar;C:\Users\CB\.p2\pool\plugins\org.hamcrest.core_1.3.0.v20180420-1519.jar;C:\git\HeronRepo\ProjectHeron\lib\gson-2.8.5.jar
Launcher Type: SUN_STANDARD

Logging:
Log output configuration:
#0: stdout all=warning uptime,level,tags
#1: stderr all=off uptime,level,tags

Environment Variables:
PATH=C:/Program Files/Java/jre1.8.0_131/bin/server;C:/Program Files/Java/jre1.8.0_131/bin;C:/Program Files/Java/jre1.8.0_131/lib/amd64;C:\Program Files (x86)\Common Files\Oracle\Java\javapath;C:\ProgramData\Oracle\Java\javapath;C:\Program Files (x86)\NVIDIA Corporation\PhysX\Common;C:\Program Files (x86)\Intel\iCLS Client\;C:\Program Files\Intel\iCLS Client\;C:\Windows\system32;C:\Windows;C:\Windows\System32\Wbem;C:\Windows\System32\WindowsPowerShell\v1.0\;C:\Program Files\Intel\Intel(R) Management Engine Components\DAL;C:\Program Files\Intel\Intel(R) Management Engine Components\IPT;C:\Program Files (x86)\Intel\Intel(R) Management Engine Components\DAL;C:\Program Files (x86)\Intel\Intel(R) Management Engine Components\IPT;C:\Program Files (x86)\Intel\OpenCL SDK\2.0\bin\x86;C:\Program Files (x86)\Intel\OpenCL SDK\2.0\bin\x64;C:\Program Files (x86)\Git\cmd;C:\Program Files (x86)\ATI Technologies\ATI.ACE\Core-Static;C:\Program Files (x86)\Hewlett-Packard\HP Performance Advisor;C:\Program Files (x86)\Skype\Phone\;C:\Program Files\Git\cmd;C:\Users\CB\Desktop;
USERNAME=CB
OS=Windows_NT
PROCESSOR_IDENTIFIER=Intel64 Family 6 Model 42 Stepping 7, GenuineIntel



---------------  S Y S T E M  ---------------

OS: Windows 7 , 64 bit Build 7601 (6.1.7601.18015)

CPU:total 8 (initial active 8) (4 cores per cpu, 2 threads per core) family 6 model 42 stepping 7, cmov, cx8, fxsr, mmx, sse, sse2, sse3, ssse3, sse4.1, sse4.2, popcnt, avx, aes, clmul, ht, tsc, tscinvbit

Memory: 4k page, physical 8337776k(3367096k free), swap 16673688k(10996784k free)

vm_info: Java HotSpot(TM) 64-Bit Server VM (10.0.2+13) for windows-amd64 JRE (10.0.2+13), built on Jun 28 2018 01:57:56 by "mach5one" with MS VC++ 12.0 (VS2013)

END.
